---------------------------------------------------------------
[ 2019-01-04T09:25:53+08:00 ] 127.0.0.1 127.0.0.1 GET /Admin/Login/index
[ info ] xq_qiaoce.com/Admin/Login/index [运行时间：1.761226s][吞吐率：0.57req/s] [内存消耗：2,057.00kb] [文件加载：49]
[ info ] [ BEHAVIOR ] Run app\index\behavior\ReadHtmlCacheBehavior @app_init [ RunTime:0.016206s ]
[ info ] [ LANG ] C:\wamp\www\qiaoce\thinkphp\lang\zh-cn.php
[ info ] [ ROUTE ] array (
  'type' => 'module',
  'module' => 
  array (
    0 => 'Admin',
    1 => 'Login',
    2 => 'index',
  ),
)
[ info ] [ HEADER ] array (
  'host' => 'xq_qiaoce.com',
  'user-agent' => 'Mozilla/5.0 (Windows NT 10.0; Win64; x64; rv:64.0) Gecko/20100101 Firefox/64.0',
  'accept' => 'text/html,application/xhtml+xml,application/xml;q=0.9,*/*;q=0.8',
  'accept-language' => 'zh-CN,zh;q=0.8,zh-TW;q=0.7,zh-HK;q=0.5,en-US;q=0.3,en;q=0.2',
  'accept-encoding' => 'gzip, deflate',
  'connection' => 'keep-alive',
  'upgrade-insecure-requests' => '1',
)
[ info ] [ PARAM ] array (
)
[ info ] [ RUN ] app\admin\controller\Login->index[ C:\wamp\www\qiaoce\application\admin\controller\Login.php ]
[ info ] [ VIEW ] C:\wamp\www\qiaoce\public/../application/admin\view\login\index.html [ array (
) ]
[ info ] [ BEHAVIOR ] Run app\index\behavior\WriteHtmlCacheBehavior @view_filter [ RunTime:0.036528s ]
[ info ] [ LOG ] INIT File
---------------------------------------------------------------
[ 2019-01-04T09:25:53+08:00 ] 127.0.0.1 127.0.0.1 GET /captcha
[ info ] xq_qiaoce.com/captcha [运行时间：0.317413s][吞吐率：3.15req/s] [内存消耗：1,717.54kb] [文件加载：40]
[ info ] [ BEHAVIOR ] Run app\index\behavior\ReadHtmlCacheBehavior @app_init [ RunTime:0.001225s ]
[ info ] [ LANG ] C:\wamp\www\qiaoce\thinkphp\lang\zh-cn.php
[ info ] [ ROUTE ] array (
  'type' => 'method',
  'method' => 
  array (
    0 => '\\think\\captcha\\CaptchaController',
    1 => 'index',
  ),
  'var' => 
  array (
  ),
)
[ info ] [ HEADER ] array (
  'host' => 'xq_qiaoce.com',
  'user-agent' => 'Mozilla/5.0 (Windows NT 10.0; Win64; x64; rv:64.0) Gecko/20100101 Firefox/64.0',
  'accept' => '*/*',
  'accept-language' => 'zh-CN,zh;q=0.8,zh-TW;q=0.7,zh-HK;q=0.5,en-US;q=0.3,en;q=0.2',
  'accept-encoding' => 'gzip, deflate',
  'referer' => 'http://xq_qiaoce.com/Admin/Login/index',
  'connection' => 'keep-alive',
)
[ info ] [ PARAM ] array (
  'id' => NULL,
)
[ info ] [ RUN ] think\captcha\CaptchaController->index[ C:\wamp\www\qiaoce\vendor\topthink\think-captcha\src\CaptchaController.php ]
[ info ] [ SESSION ] INIT array (
  'id' => '',
  'var_session_id' => '',
  'prefix' => 'think',
  'type' => '',
  'auto_start' => true,
)
[ info ] [ LOG ] INIT File
---------------------------------------------------------------
[ 2019-01-04T09:47:06+08:00 ] 127.0.0.1 127.0.0.1 POST /admin/login/dologin.html
[ info ] xq_qiaoce.com/admin/login/dologin.html [运行时间：0.130269s][吞吐率：7.68req/s] [内存消耗：2,039.44kb] [文件加载：47]
[ info ] [ BEHAVIOR ] Run app\index\behavior\ReadHtmlCacheBehavior @app_init [ RunTime:0.001971s ]
[ info ] [ LANG ] C:\wamp\www\qiaoce\thinkphp\lang\zh-cn.php
[ info ] [ ROUTE ] array (
  'type' => 'module',
  'module' => 
  array (
    0 => 'admin',
    1 => 'login',
    2 => 'dologin',
  ),
)
[ info ] [ HEADER ] array (
  'host' => 'xq_qiaoce.com',
  'user-agent' => 'Mozilla/5.0 (Windows NT 10.0; Win64; x64; rv:64.0) Gecko/20100101 Firefox/64.0',
  'accept' => 'text/html,application/xhtml+xml,application/xml;q=0.9,*/*;q=0.8',
  'accept-language' => 'zh-CN,zh;q=0.8,zh-TW;q=0.7,zh-HK;q=0.5,en-US;q=0.3,en;q=0.2',
  'accept-encoding' => 'gzip, deflate',
  'referer' => 'http://xq_qiaoce.com/Admin/Login/index',
  'content-type' => 'application/x-www-form-urlencoded',
  'content-length' => '30',
  'connection' => 'keep-alive',
  'cookie' => 'PHPSESSID=e8586062bk74cst43ikkn5vc10',
  'upgrade-insecure-requests' => '1',
)
[ info ] [ PARAM ] array (
  'username' => '',
  'password' => '',
  'code' => 'kejfj',
)
[ info ] [ RUN ] app\admin\controller\Login->doLogin[ C:\wamp\www\qiaoce\application\admin\controller\Login.php ]
[ info ] [ SESSION ] INIT array (
  'id' => '',
  'var_session_id' => '',
  'prefix' => 'think',
  'type' => '',
  'auto_start' => true,
)
[ info ] [ LOG ] INIT File
---------------------------------------------------------------
[ 2019-01-04T09:47:42+08:00 ] 127.0.0.1 127.0.0.1 GET /captcha
[ info ] xq_qiaoce.com/captcha [运行时间：0.093025s][吞吐率：10.75req/s] [内存消耗：1,717.59kb] [文件加载：40]
[ info ] [ BEHAVIOR ] Run app\index\behavior\ReadHtmlCacheBehavior @app_init [ RunTime:0.001601s ]
[ info ] [ LANG ] C:\wamp\www\qiaoce\thinkphp\lang\zh-cn.php
[ info ] [ ROUTE ] array (
  'type' => 'method',
  'method' => 
  array (
    0 => '\\think\\captcha\\CaptchaController',
    1 => 'index',
  ),
  'var' => 
  array (
  ),
)
[ info ] [ HEADER ] array (
  'host' => 'xq_qiaoce.com',
  'user-agent' => 'Mozilla/5.0 (Windows NT 10.0; Win64; x64; rv:64.0) Gecko/20100101 Firefox/64.0',
  'accept' => '*/*',
  'accept-language' => 'zh-CN,zh;q=0.8,zh-TW;q=0.7,zh-HK;q=0.5,en-US;q=0.3,en;q=0.2',
  'accept-encoding' => 'gzip, deflate',
  'referer' => 'http://xq_qiaoce.com/Admin/Login/index',
  'connection' => 'keep-alive',
  'cookie' => 'PHPSESSID=e8586062bk74cst43ikkn5vc10',
)
[ info ] [ PARAM ] array (
  'id' => NULL,
)
[ info ] [ RUN ] think\captcha\CaptchaController->index[ C:\wamp\www\qiaoce\vendor\topthink\think-captcha\src\CaptchaController.php ]
[ info ] [ SESSION ] INIT array (
  'id' => '',
  'var_session_id' => '',
  'prefix' => 'think',
  'type' => '',
  'auto_start' => true,
)
[ info ] [ LOG ] INIT File
---------------------------------------------------------------
[ 2019-01-04T09:47:43+08:00 ] 127.0.0.1 127.0.0.1 GET /Admin/Login/index
[ info ] xq_qiaoce.com/Admin/Login/index [运行时间：0.117030s][吞吐率：8.54req/s] [内存消耗：2,057.98kb] [文件加载：49]
[ info ] [ BEHAVIOR ] Run app\index\behavior\ReadHtmlCacheBehavior @app_init [ RunTime:0.002034s ]
[ info ] [ LANG ] C:\wamp\www\qiaoce\thinkphp\lang\zh-cn.php
[ info ] [ ROUTE ] array (
  'type' => 'module',
  'module' => 
  array (
    0 => 'Admin',
    1 => 'Login',
    2 => 'index',
  ),
)
[ info ] [ HEADER ] array (
  'host' => 'xq_qiaoce.com',
  'user-agent' => 'Mozilla/5.0 (Windows NT 10.0; Win64; x64; rv:64.0) Gecko/20100101 Firefox/64.0',
  'accept' => 'text/html,application/xhtml+xml,application/xml;q=0.9,*/*;q=0.8',
  'accept-language' => 'zh-CN,zh;q=0.8,zh-TW;q=0.7,zh-HK;q=0.5,en-US;q=0.3,en;q=0.2',
  'accept-encoding' => 'gzip, deflate',
  'connection' => 'keep-alive',
  'cookie' => 'PHPSESSID=e8586062bk74cst43ikkn5vc10',
  'upgrade-insecure-requests' => '1',
  'cache-control' => 'max-age=0',
)
[ info ] [ PARAM ] array (
)
[ info ] [ RUN ] app\admin\controller\Login->index[ C:\wamp\www\qiaoce\application\admin\controller\Login.php ]
[ info ] [ VIEW ] C:\wamp\www\qiaoce\public/../application/admin\view\login\index.html [ array (
) ]
[ info ] [ BEHAVIOR ] Run app\index\behavior\WriteHtmlCacheBehavior @view_filter [ RunTime:0.041670s ]
[ info ] [ LOG ] INIT File
---------------------------------------------------------------
[ 2019-01-04T09:47:43+08:00 ] 127.0.0.1 127.0.0.1 GET /captcha
[ info ] xq_qiaoce.com/captcha [运行时间：0.079044s][吞吐率：12.65req/s] [内存消耗：1,717.86kb] [文件加载：40]
[ info ] [ BEHAVIOR ] Run app\index\behavior\ReadHtmlCacheBehavior @app_init [ RunTime:0.001712s ]
[ info ] [ LANG ] C:\wamp\www\qiaoce\thinkphp\lang\zh-cn.php
[ info ] [ ROUTE ] array (
  'type' => 'method',
  'method' => 
  array (
    0 => '\\think\\captcha\\CaptchaController',
    1 => 'index',
  ),
  'var' => 
  array (
  ),
)
[ info ] [ HEADER ] array (
  'host' => 'xq_qiaoce.com',
  'user-agent' => 'Mozilla/5.0 (Windows NT 10.0; Win64; x64; rv:64.0) Gecko/20100101 Firefox/64.0',
  'accept' => '*/*',
  'accept-language' => 'zh-CN,zh;q=0.8,zh-TW;q=0.7,zh-HK;q=0.5,en-US;q=0.3,en;q=0.2',
  'accept-encoding' => 'gzip, deflate',
  'referer' => 'http://xq_qiaoce.com/Admin/Login/index',
  'connection' => 'keep-alive',
  'cookie' => 'PHPSESSID=e8586062bk74cst43ikkn5vc10',
  'cache-control' => 'max-age=0',
)
[ info ] [ PARAM ] array (
  'id' => NULL,
)
[ info ] [ RUN ] think\captcha\CaptchaController->index[ C:\wamp\www\qiaoce\vendor\topthink\think-captcha\src\CaptchaController.php ]
[ info ] [ SESSION ] INIT array (
  'id' => '',
  'var_session_id' => '',
  'prefix' => 'think',
  'type' => '',
  'auto_start' => true,
)
[ info ] [ LOG ] INIT File
---------------------------------------------------------------
[ 2019-01-04T09:48:10+08:00 ] 127.0.0.1 127.0.0.1 POST /admin/login/dologin.html
[ info ] xq_qiaoce.com/admin/login/dologin.html [运行时间：0.081359s][吞吐率：12.29req/s] [内存消耗：2,040.55kb] [文件加载：47]
[ info ] [ BEHAVIOR ] Run app\index\behavior\ReadHtmlCacheBehavior @app_init [ RunTime:0.004492s ]
[ info ] [ LANG ] C:\wamp\www\qiaoce\thinkphp\lang\zh-cn.php
[ info ] [ ROUTE ] array (
  'type' => 'module',
  'module' => 
  array (
    0 => 'admin',
    1 => 'login',
    2 => 'dologin',
  ),
)
[ info ] [ HEADER ] array (
  'host' => 'xq_qiaoce.com',
  'user-agent' => 'Mozilla/5.0 (Windows NT 10.0; Win64; x64; rv:64.0) Gecko/20100101 Firefox/64.0',
  'accept' => 'text/html,application/xhtml+xml,application/xml;q=0.9,*/*;q=0.8',
  'accept-language' => 'zh-CN,zh;q=0.8,zh-TW;q=0.7,zh-HK;q=0.5,en-US;q=0.3,en;q=0.2',
  'accept-encoding' => 'gzip, deflate',
  'referer' => 'http://xq_qiaoce.com/Admin/Login/index',
  'content-type' => 'application/x-www-form-urlencoded',
  'content-length' => '30',
  'connection' => 'keep-alive',
  'cookie' => 'PHPSESSID=e8586062bk74cst43ikkn5vc10',
  'upgrade-insecure-requests' => '1',
)
[ info ] [ PARAM ] array (
  'username' => '',
  'password' => '',
  'code' => 'iu  s',
)
[ info ] [ RUN ] app\admin\controller\Login->doLogin[ C:\wamp\www\qiaoce\application\admin\controller\Login.php ]
[ info ] [ SESSION ] INIT array (
  'id' => '',
  'var_session_id' => '',
  'prefix' => 'think',
  'type' => '',
  'auto_start' => true,
)
[ info ] [ LOG ] INIT File
---------------------------------------------------------------
[ 2019-01-04T09:48:18+08:00 ] 127.0.0.1 127.0.0.1 GET /captcha
[ info ] xq_qiaoce.com/captcha [运行时间：0.071989s][吞吐率：13.89req/s] [内存消耗：1,717.56kb] [文件加载：40]
[ info ] [ BEHAVIOR ] Run app\index\behavior\ReadHtmlCacheBehavior @app_init [ RunTime:0.003201s ]
[ info ] [ LANG ] C:\wamp\www\qiaoce\thinkphp\lang\zh-cn.php
[ info ] [ ROUTE ] array (
  'type' => 'method',
  'method' => 
  array (
    0 => '\\think\\captcha\\CaptchaController',
    1 => 'index',
  ),
  'var' => 
  array (
  ),
)
[ info ] [ HEADER ] array (
  'host' => 'xq_qiaoce.com',
  'user-agent' => 'Mozilla/5.0 (Windows NT 10.0; Win64; x64; rv:64.0) Gecko/20100101 Firefox/64.0',
  'accept' => '*/*',
  'accept-language' => 'zh-CN,zh;q=0.8,zh-TW;q=0.7,zh-HK;q=0.5,en-US;q=0.3,en;q=0.2',
  'accept-encoding' => 'gzip, deflate',
  'referer' => 'http://xq_qiaoce.com/Admin/Login/index',
  'connection' => 'keep-alive',
  'cookie' => 'PHPSESSID=e8586062bk74cst43ikkn5vc10',
)
[ info ] [ PARAM ] array (
  'id' => NULL,
)
[ info ] [ RUN ] think\captcha\CaptchaController->index[ C:\wamp\www\qiaoce\vendor\topthink\think-captcha\src\CaptchaController.php ]
[ info ] [ SESSION ] INIT array (
  'id' => '',
  'var_session_id' => '',
  'prefix' => 'think',
  'type' => '',
  'auto_start' => true,
)
[ info ] [ LOG ] INIT File
---------------------------------------------------------------
[ 2019-01-04T09:48:26+08:00 ] 127.0.0.1 127.0.0.1 POST /admin/login/dologin.html
[ info ] xq_qiaoce.com/admin/login/dologin.html [运行时间：0.072569s][吞吐率：13.78req/s] [内存消耗：2,040.55kb] [文件加载：47]
[ info ] [ BEHAVIOR ] Run app\index\behavior\ReadHtmlCacheBehavior @app_init [ RunTime:0.002889s ]
[ info ] [ LANG ] C:\wamp\www\qiaoce\thinkphp\lang\zh-cn.php
[ info ] [ ROUTE ] array (
  'type' => 'module',
  'module' => 
  array (
    0 => 'admin',
    1 => 'login',
    2 => 'dologin',
  ),
)
[ info ] [ HEADER ] array (
  'host' => 'xq_qiaoce.com',
  'user-agent' => 'Mozilla/5.0 (Windows NT 10.0; Win64; x64; rv:64.0) Gecko/20100101 Firefox/64.0',
  'accept' => 'text/html,application/xhtml+xml,application/xml;q=0.9,*/*;q=0.8',
  'accept-language' => 'zh-CN,zh;q=0.8,zh-TW;q=0.7,zh-HK;q=0.5,en-US;q=0.3,en;q=0.2',
  'accept-encoding' => 'gzip, deflate',
  'referer' => 'http://xq_qiaoce.com/Admin/Login/index',
  'content-type' => 'application/x-www-form-urlencoded',
  'content-length' => '30',
  'connection' => 'keep-alive',
  'cookie' => 'PHPSESSID=e8586062bk74cst43ikkn5vc10',
  'upgrade-insecure-requests' => '1',
)
[ info ] [ PARAM ] array (
  'username' => '',
  'password' => '',
  'code' => 'jct  ',
)
[ info ] [ RUN ] app\admin\controller\Login->doLogin[ C:\wamp\www\qiaoce\application\admin\controller\Login.php ]
[ info ] [ SESSION ] INIT array (
  'id' => '',
  'var_session_id' => '',
  'prefix' => 'think',
  'type' => '',
  'auto_start' => true,
)
[ info ] [ LOG ] INIT File
---------------------------------------------------------------
[ 2019-01-04T09:50:34+08:00 ] 127.0.0.1 127.0.0.1 GET /captcha
[ info ] xq_qiaoce.com/captcha [运行时间：0.131496s][吞吐率：7.60req/s] [内存消耗：1,717.57kb] [文件加载：40]
[ info ] [ BEHAVIOR ] Run app\index\behavior\ReadHtmlCacheBehavior @app_init [ RunTime:0.005250s ]
[ info ] [ LANG ] C:\wamp\www\qiaoce\thinkphp\lang\zh-cn.php
[ info ] [ ROUTE ] array (
  'type' => 'method',
  'method' => 
  array (
    0 => '\\think\\captcha\\CaptchaController',
    1 => 'index',
  ),
  'var' => 
  array (
  ),
)
[ info ] [ HEADER ] array (
  'host' => 'xq_qiaoce.com',
  'user-agent' => 'Mozilla/5.0 (Windows NT 10.0; Win64; x64; rv:64.0) Gecko/20100101 Firefox/64.0',
  'accept' => '*/*',
  'accept-language' => 'zh-CN,zh;q=0.8,zh-TW;q=0.7,zh-HK;q=0.5,en-US;q=0.3,en;q=0.2',
  'accept-encoding' => 'gzip, deflate',
  'referer' => 'http://xq_qiaoce.com/Admin/Login/index',
  'connection' => 'keep-alive',
  'cookie' => 'PHPSESSID=e8586062bk74cst43ikkn5vc10',
)
[ info ] [ PARAM ] array (
  'id' => NULL,
)
[ info ] [ RUN ] think\captcha\CaptchaController->index[ C:\wamp\www\qiaoce\vendor\topthink\think-captcha\src\CaptchaController.php ]
[ info ] [ SESSION ] INIT array (
  'id' => '',
  'var_session_id' => '',
  'prefix' => 'think',
  'type' => '',
  'auto_start' => true,
)
[ info ] [ LOG ] INIT File
---------------------------------------------------------------
[ 2019-01-04T09:50:35+08:00 ] 127.0.0.1 127.0.0.1 GET /Admin/Login/index
[ info ] xq_qiaoce.com/Admin/Login/index [运行时间：0.096025s][吞吐率：10.41req/s] [内存消耗：2,057.02kb] [文件加载：49]
[ info ] [ BEHAVIOR ] Run app\index\behavior\ReadHtmlCacheBehavior @app_init [ RunTime:0.003357s ]
[ info ] [ LANG ] C:\wamp\www\qiaoce\thinkphp\lang\zh-cn.php
[ info ] [ ROUTE ] array (
  'type' => 'module',
  'module' => 
  array (
    0 => 'Admin',
    1 => 'Login',
    2 => 'index',
  ),
)
[ info ] [ HEADER ] array (
  'host' => 'xq_qiaoce.com',
  'user-agent' => 'Mozilla/5.0 (Windows NT 10.0; Win64; x64; rv:64.0) Gecko/20100101 Firefox/64.0',
  'accept' => 'text/html,application/xhtml+xml,application/xml;q=0.9,*/*;q=0.8',
  'accept-language' => 'zh-CN,zh;q=0.8,zh-TW;q=0.7,zh-HK;q=0.5,en-US;q=0.3,en;q=0.2',
  'accept-encoding' => 'gzip, deflate',
  'connection' => 'keep-alive',
  'cookie' => 'PHPSESSID=e8586062bk74cst43ikkn5vc10',
  'upgrade-insecure-requests' => '1',
  'cache-control' => 'max-age=0',
)
[ info ] [ PARAM ] array (
)
[ info ] [ RUN ] app\admin\controller\Login->index[ C:\wamp\www\qiaoce\application\admin\controller\Login.php ]
[ info ] [ VIEW ] C:\wamp\www\qiaoce\public/../application/admin\view\login\index.html [ array (
) ]
[ info ] [ BEHAVIOR ] Run app\index\behavior\WriteHtmlCacheBehavior @view_filter [ RunTime:0.006218s ]
[ info ] [ LOG ] INIT File
---------------------------------------------------------------
[ 2019-01-04T09:50:36+08:00 ] 127.0.0.1 127.0.0.1 GET /captcha
[ info ] xq_qiaoce.com/captcha [运行时间：0.082184s][吞吐率：12.17req/s] [内存消耗：1,717.86kb] [文件加载：40]
[ info ] [ BEHAVIOR ] Run app\index\behavior\ReadHtmlCacheBehavior @app_init [ RunTime:0.006490s ]
[ info ] [ LANG ] C:\wamp\www\qiaoce\thinkphp\lang\zh-cn.php
[ info ] [ ROUTE ] array (
  'type' => 'method',
  'method' => 
  array (
    0 => '\\think\\captcha\\CaptchaController',
    1 => 'index',
  ),
  'var' => 
  array (
  ),
)
[ info ] [ HEADER ] array (
  'host' => 'xq_qiaoce.com',
  'user-agent' => 'Mozilla/5.0 (Windows NT 10.0; Win64; x64; rv:64.0) Gecko/20100101 Firefox/64.0',
  'accept' => '*/*',
  'accept-language' => 'zh-CN,zh;q=0.8,zh-TW;q=0.7,zh-HK;q=0.5,en-US;q=0.3,en;q=0.2',
  'accept-encoding' => 'gzip, deflate',
  'referer' => 'http://xq_qiaoce.com/Admin/Login/index',
  'connection' => 'keep-alive',
  'cookie' => 'PHPSESSID=e8586062bk74cst43ikkn5vc10',
  'cache-control' => 'max-age=0',
)
[ info ] [ PARAM ] array (
  'id' => NULL,
)
[ info ] [ RUN ] think\captcha\CaptchaController->index[ C:\wamp\www\qiaoce\vendor\topthink\think-captcha\src\CaptchaController.php ]
[ info ] [ SESSION ] INIT array (
  'id' => '',
  'var_session_id' => '',
  'prefix' => 'think',
  'type' => '',
  'auto_start' => true,
)
[ info ] [ LOG ] INIT File
---------------------------------------------------------------
[ 2019-01-04T09:50:40+08:00 ] 127.0.0.1 127.0.0.1 POST /admin/login/dologin.html
[ info ] xq_qiaoce.com/admin/login/dologin.html [运行时间：0.073456s][吞吐率：13.61req/s] [内存消耗：2,039.57kb] [文件加载：47]
[ info ] [ BEHAVIOR ] Run app\index\behavior\ReadHtmlCacheBehavior @app_init [ RunTime:0.002947s ]
[ info ] [ LANG ] C:\wamp\www\qiaoce\thinkphp\lang\zh-cn.php
[ info ] [ ROUTE ] array (
  'type' => 'module',
  'module' => 
  array (
    0 => 'admin',
    1 => 'login',
    2 => 'dologin',
  ),
)
[ info ] [ HEADER ] array (
  'host' => 'xq_qiaoce.com',
  'user-agent' => 'Mozilla/5.0 (Windows NT 10.0; Win64; x64; rv:64.0) Gecko/20100101 Firefox/64.0',
  'accept' => 'text/html,application/xhtml+xml,application/xml;q=0.9,*/*;q=0.8',
  'accept-language' => 'zh-CN,zh;q=0.8,zh-TW;q=0.7,zh-HK;q=0.5,en-US;q=0.3,en;q=0.2',
  'accept-encoding' => 'gzip, deflate',
  'referer' => 'http://xq_qiaoce.com/Admin/Login/index',
  'content-type' => 'application/x-www-form-urlencoded',
  'content-length' => '28',
  'connection' => 'keep-alive',
  'cookie' => 'PHPSESSID=e8586062bk74cst43ikkn5vc10',
  'upgrade-insecure-requests' => '1',
)
[ info ] [ PARAM ] array (
  'username' => '',
  'password' => '',
  'code' => 'kqf',
)
[ info ] [ RUN ] app\admin\controller\Login->doLogin[ C:\wamp\www\qiaoce\application\admin\controller\Login.php ]
[ info ] [ SESSION ] INIT array (
  'id' => '',
  'var_session_id' => '',
  'prefix' => 'think',
  'type' => '',
  'auto_start' => true,
)
[ info ] [ LOG ] INIT File
---------------------------------------------------------------
[ 2019-01-04T09:50:43+08:00 ] 127.0.0.1 127.0.0.1 GET /captcha
[ info ] xq_qiaoce.com/captcha [运行时间：0.081671s][吞吐率：12.24req/s] [内存消耗：1,717.55kb] [文件加载：40]
[ info ] [ BEHAVIOR ] Run app\index\behavior\ReadHtmlCacheBehavior @app_init [ RunTime:0.003729s ]
[ info ] [ LANG ] C:\wamp\www\qiaoce\thinkphp\lang\zh-cn.php
[ info ] [ ROUTE ] array (
  'type' => 'method',
  'method' => 
  array (
    0 => '\\think\\captcha\\CaptchaController',
    1 => 'index',
  ),
  'var' => 
  array (
  ),
)
[ info ] [ HEADER ] array (
  'host' => 'xq_qiaoce.com',
  'user-agent' => 'Mozilla/5.0 (Windows NT 10.0; Win64; x64; rv:64.0) Gecko/20100101 Firefox/64.0',
  'accept' => '*/*',
  'accept-language' => 'zh-CN,zh;q=0.8,zh-TW;q=0.7,zh-HK;q=0.5,en-US;q=0.3,en;q=0.2',
  'accept-encoding' => 'gzip, deflate',
  'referer' => 'http://xq_qiaoce.com/Admin/Login/index',
  'connection' => 'keep-alive',
  'cookie' => 'PHPSESSID=e8586062bk74cst43ikkn5vc10',
)
[ info ] [ PARAM ] array (
  'id' => NULL,
)
[ info ] [ RUN ] think\captcha\CaptchaController->index[ C:\wamp\www\qiaoce\vendor\topthink\think-captcha\src\CaptchaController.php ]
[ info ] [ SESSION ] INIT array (
  'id' => '',
  'var_session_id' => '',
  'prefix' => 'think',
  'type' => '',
  'auto_start' => true,
)
[ info ] [ LOG ] INIT File
---------------------------------------------------------------
[ 2019-01-04T10:30:32+08:00 ] 127.0.0.1 127.0.0.1 POST /admin/login/dologin.html
[ info ] xq_qiaoce.com/admin/login/dologin.html [运行时间：0.366428s][吞吐率：2.73req/s] [内存消耗：2,216.10kb] [文件加载：52]
[ info ] [ BEHAVIOR ] Run app\index\behavior\ReadHtmlCacheBehavior @app_init [ RunTime:0.002748s ]
[ info ] [ LANG ] C:\wamp\www\qiaoce\thinkphp\lang\zh-cn.php
[ info ] [ ROUTE ] array (
  'type' => 'module',
  'module' => 
  array (
    0 => 'admin',
    1 => 'login',
    2 => 'dologin',
  ),
)
[ info ] [ HEADER ] array (
  'host' => 'xq_qiaoce.com',
  'user-agent' => 'Mozilla/5.0 (Windows NT 10.0; Win64; x64; rv:64.0) Gecko/20100101 Firefox/64.0',
  'accept' => 'text/html,application/xhtml+xml,application/xml;q=0.9,*/*;q=0.8',
  'accept-language' => 'zh-CN,zh;q=0.8,zh-TW;q=0.7,zh-HK;q=0.5,en-US;q=0.3,en;q=0.2',
  'accept-encoding' => 'gzip, deflate',
  'referer' => 'http://xq_qiaoce.com/Admin/Login/index',
  'content-type' => 'application/x-www-form-urlencoded',
  'content-length' => '34',
  'connection' => 'keep-alive',
  'cookie' => 'PHPSESSID=e8586062bk74cst43ikkn5vc10',
  'upgrade-insecure-requests' => '1',
)
[ info ] [ PARAM ] array (
  'username' => 'qwe',
  'password' => '123',
  'code' => 'kqf',
)
[ info ] [ RUN ] app\admin\controller\Login->doLogin[ C:\wamp\www\qiaoce\application\admin\controller\Login.php ]
[ info ] [ SESSION ] INIT array (
  'id' => '',
  'var_session_id' => '',
  'prefix' => 'think',
  'type' => '',
  'auto_start' => true,
)
[ info ] [ VIEW ] C:\wamp\www\qiaoce\thinkphp\tpl\dispatch_jump.tpl [ array (
  0 => 'code',
  1 => 'msg',
  2 => 'data',
  3 => 'url',
  4 => 'wait',
) ]
[ info ] [ BEHAVIOR ] Run app\index\behavior\WriteHtmlCacheBehavior @view_filter [ RunTime:0.001706s ]
[ info ] [ LOG ] INIT File
---------------------------------------------------------------
[ 2019-01-04T10:30:35+08:00 ] 127.0.0.1 127.0.0.1 GET /captcha
[ info ] xq_qiaoce.com/captcha [运行时间：0.061481s][吞吐率：16.27req/s] [内存消耗：1,717.57kb] [文件加载：40]
[ info ] [ BEHAVIOR ] Run app\index\behavior\ReadHtmlCacheBehavior @app_init [ RunTime:0.001984s ]
[ info ] [ LANG ] C:\wamp\www\qiaoce\thinkphp\lang\zh-cn.php
[ info ] [ ROUTE ] array (
  'type' => 'method',
  'method' => 
  array (
    0 => '\\think\\captcha\\CaptchaController',
    1 => 'index',
  ),
  'var' => 
  array (
  ),
)
[ info ] [ HEADER ] array (
  'host' => 'xq_qiaoce.com',
  'user-agent' => 'Mozilla/5.0 (Windows NT 10.0; Win64; x64; rv:64.0) Gecko/20100101 Firefox/64.0',
  'accept' => '*/*',
  'accept-language' => 'zh-CN,zh;q=0.8,zh-TW;q=0.7,zh-HK;q=0.5,en-US;q=0.3,en;q=0.2',
  'accept-encoding' => 'gzip, deflate',
  'referer' => 'http://xq_qiaoce.com/Admin/Login/index',
  'connection' => 'keep-alive',
  'cookie' => 'PHPSESSID=e8586062bk74cst43ikkn5vc10',
)
[ info ] [ PARAM ] array (
  'id' => NULL,
)
[ info ] [ RUN ] think\captcha\CaptchaController->index[ C:\wamp\www\qiaoce\vendor\topthink\think-captcha\src\CaptchaController.php ]
[ info ] [ SESSION ] INIT array (
  'id' => '',
  'var_session_id' => '',
  'prefix' => 'think',
  'type' => '',
  'auto_start' => true,
)
[ info ] [ LOG ] INIT File
---------------------------------------------------------------
[ 2019-01-04T11:31:57+08:00 ] 127.0.0.1 127.0.0.1 POST /admin/login/dologin.html
[ info ] xq_qiaoce.com/admin/login/dologin.html [运行时间：1.486984s][吞吐率：0.67req/s] [内存消耗：2,056.30kb] [文件加载：50]
[ info ] [ BEHAVIOR ] Run app\index\behavior\ReadHtmlCacheBehavior @app_init [ RunTime:0.012590s ]
[ info ] [ LANG ] C:\wamp\www\qiaoce\thinkphp\lang\zh-cn.php
[ info ] [ ROUTE ] array (
  'type' => 'module',
  'module' => 
  array (
    0 => 'admin',
    1 => 'login',
    2 => 'dologin',
  ),
)
[ info ] [ HEADER ] array (
  'host' => 'xq_qiaoce.com',
  'user-agent' => 'Mozilla/5.0 (Windows NT 10.0; Win64; x64; rv:64.0) Gecko/20100101 Firefox/64.0',
  'accept' => 'text/html,application/xhtml+xml,application/xml;q=0.9,*/*;q=0.8',
  'accept-language' => 'zh-CN,zh;q=0.8,zh-TW;q=0.7,zh-HK;q=0.5,en-US;q=0.3,en;q=0.2',
  'accept-encoding' => 'gzip, deflate',
  'referer' => 'http://xq_qiaoce.com/Admin/Login/index',
  'content-type' => 'application/x-www-form-urlencoded',
  'content-length' => '31',
  'connection' => 'keep-alive',
  'cookie' => 'PHPSESSID=e8586062bk74cst43ikkn5vc10',
  'upgrade-insecure-requests' => '1',
)
[ info ] [ PARAM ] array (
  'username' => 'qwe',
  'password' => '',
  'code' => 'kqf',
)
[ info ] [ RUN ] app\admin\controller\Login->doLogin[ C:\wamp\www\qiaoce\application\admin\controller\Login.php ]
[ info ] [ SESSION ] INIT array (
  'id' => '',
  'var_session_id' => '',
  'prefix' => 'think',
  'type' => '',
  'auto_start' => true,
)
[ info ] [ VIEW ] C:\wamp\www\qiaoce\thinkphp\tpl\dispatch_jump.tpl [ array (
  0 => 'code',
  1 => 'msg',
  2 => 'data',
  3 => 'url',
  4 => 'wait',
) ]
[ info ] [ BEHAVIOR ] Run app\index\behavior\WriteHtmlCacheBehavior @view_filter [ RunTime:0.005771s ]
[ info ] [ LOG ] INIT File
---------------------------------------------------------------
[ 2019-01-04T11:32:00+08:00 ] 127.0.0.1 127.0.0.1 GET /captcha
[ info ] xq_qiaoce.com/captcha [运行时间：0.289298s][吞吐率：3.46req/s] [内存消耗：1,717.59kb] [文件加载：40]
[ info ] [ BEHAVIOR ] Run app\index\behavior\ReadHtmlCacheBehavior @app_init [ RunTime:0.003017s ]
[ info ] [ LANG ] C:\wamp\www\qiaoce\thinkphp\lang\zh-cn.php
[ info ] [ ROUTE ] array (
  'type' => 'method',
  'method' => 
  array (
    0 => '\\think\\captcha\\CaptchaController',
    1 => 'index',
  ),
  'var' => 
  array (
  ),
)
[ info ] [ HEADER ] array (
  'host' => 'xq_qiaoce.com',
  'user-agent' => 'Mozilla/5.0 (Windows NT 10.0; Win64; x64; rv:64.0) Gecko/20100101 Firefox/64.0',
  'accept' => '*/*',
  'accept-language' => 'zh-CN,zh;q=0.8,zh-TW;q=0.7,zh-HK;q=0.5,en-US;q=0.3,en;q=0.2',
  'accept-encoding' => 'gzip, deflate',
  'referer' => 'http://xq_qiaoce.com/Admin/Login/index',
  'connection' => 'keep-alive',
  'cookie' => 'PHPSESSID=e8586062bk74cst43ikkn5vc10',
)
[ info ] [ PARAM ] array (
  'id' => NULL,
)
[ info ] [ RUN ] think\captcha\CaptchaController->index[ C:\wamp\www\qiaoce\vendor\topthink\think-captcha\src\CaptchaController.php ]
[ info ] [ SESSION ] INIT array (
  'id' => '',
  'var_session_id' => '',
  'prefix' => 'think',
  'type' => '',
  'auto_start' => true,
)
[ info ] [ LOG ] INIT File
---------------------------------------------------------------
[ 2019-01-04T11:32:11+08:00 ] 127.0.0.1 127.0.0.1 GET /Admin/Login/index
[ info ] xq_qiaoce.com/Admin/Login/index [运行时间：0.122391s][吞吐率：8.17req/s] [内存消耗：2,057.27kb] [文件加载：49]
[ info ] [ BEHAVIOR ] Run app\index\behavior\ReadHtmlCacheBehavior @app_init [ RunTime:0.005955s ]
[ info ] [ LANG ] C:\wamp\www\qiaoce\thinkphp\lang\zh-cn.php
[ info ] [ ROUTE ] array (
  'type' => 'module',
  'module' => 
  array (
    0 => 'Admin',
    1 => 'Login',
    2 => 'index',
  ),
)
[ info ] [ HEADER ] array (
  'host' => 'xq_qiaoce.com',
  'user-agent' => 'Mozilla/5.0 (Windows NT 10.0; Win64; x64; rv:64.0) Gecko/20100101 Firefox/64.0',
  'accept' => 'text/html,application/xhtml+xml,application/xml;q=0.9,*/*;q=0.8',
  'accept-language' => 'zh-CN,zh;q=0.8,zh-TW;q=0.7,zh-HK;q=0.5,en-US;q=0.3,en;q=0.2',
  'accept-encoding' => 'gzip, deflate',
  'connection' => 'keep-alive',
  'cookie' => 'PHPSESSID=e8586062bk74cst43ikkn5vc10; XDEBUG_SESSION=XDEBUG_ECLIPSE',
  'upgrade-insecure-requests' => '1',
  'cache-control' => 'max-age=0',
)
[ info ] [ PARAM ] array (
)
[ info ] [ RUN ] app\admin\controller\Login->index[ C:\wamp\www\qiaoce\application\admin\controller\Login.php ]
[ info ] [ VIEW ] C:\wamp\www\qiaoce\public/../application/admin\view\login\index.html [ array (
) ]
[ info ] [ BEHAVIOR ] Run app\index\behavior\WriteHtmlCacheBehavior @view_filter [ RunTime:0.004917s ]
[ info ] [ LOG ] INIT File
---------------------------------------------------------------
[ 2019-01-04T11:32:11+08:00 ] 127.0.0.1 127.0.0.1 GET /captcha
[ info ] xq_qiaoce.com/captcha [运行时间：0.149333s][吞吐率：6.70req/s] [内存消耗：1,718.00kb] [文件加载：40]
[ info ] [ BEHAVIOR ] Run app\index\behavior\ReadHtmlCacheBehavior @app_init [ RunTime:0.003684s ]
[ info ] [ LANG ] C:\wamp\www\qiaoce\thinkphp\lang\zh-cn.php
[ info ] [ ROUTE ] array (
  'type' => 'method',
  'method' => 
  array (
    0 => '\\think\\captcha\\CaptchaController',
    1 => 'index',
  ),
  'var' => 
  array (
  ),
)
[ info ] [ HEADER ] array (
  'host' => 'xq_qiaoce.com',
  'user-agent' => 'Mozilla/5.0 (Windows NT 10.0; Win64; x64; rv:64.0) Gecko/20100101 Firefox/64.0',
  'accept' => '*/*',
  'accept-language' => 'zh-CN,zh;q=0.8,zh-TW;q=0.7,zh-HK;q=0.5,en-US;q=0.3,en;q=0.2',
  'accept-encoding' => 'gzip, deflate',
  'referer' => 'http://xq_qiaoce.com/Admin/Login/index',
  'connection' => 'keep-alive',
  'cookie' => 'PHPSESSID=e8586062bk74cst43ikkn5vc10; XDEBUG_SESSION=XDEBUG_ECLIPSE',
  'cache-control' => 'max-age=0',
)
[ info ] [ PARAM ] array (
  'id' => NULL,
)
[ info ] [ RUN ] think\captcha\CaptchaController->index[ C:\wamp\www\qiaoce\vendor\topthink\think-captcha\src\CaptchaController.php ]
[ info ] [ SESSION ] INIT array (
  'id' => '',
  'var_session_id' => '',
  'prefix' => 'think',
  'type' => '',
  'auto_start' => true,
)
[ info ] [ LOG ] INIT File
---------------------------------------------------------------
[ 2019-01-04T11:32:13+08:00 ] 127.0.0.1 127.0.0.1 POST /admin/login/dologin.html
[ info ] xq_qiaoce.com/admin/login/dologin.html [运行时间：0.141912s][吞吐率：7.05req/s] [内存消耗：2,056.73kb] [文件加载：50]
[ info ] [ BEHAVIOR ] Run app\index\behavior\ReadHtmlCacheBehavior @app_init [ RunTime:0.002751s ]
[ info ] [ LANG ] C:\wamp\www\qiaoce\thinkphp\lang\zh-cn.php
[ info ] [ ROUTE ] array (
  'type' => 'module',
  'module' => 
  array (
    0 => 'admin',
    1 => 'login',
    2 => 'dologin',
  ),
)
[ info ] [ HEADER ] array (
  'host' => 'xq_qiaoce.com',
  'user-agent' => 'Mozilla/5.0 (Windows NT 10.0; Win64; x64; rv:64.0) Gecko/20100101 Firefox/64.0',
  'accept' => 'text/html,application/xhtml+xml,application/xml;q=0.9,*/*;q=0.8',
  'accept-language' => 'zh-CN,zh;q=0.8,zh-TW;q=0.7,zh-HK;q=0.5,en-US;q=0.3,en;q=0.2',
  'accept-encoding' => 'gzip, deflate',
  'referer' => 'http://xq_qiaoce.com/Admin/Login/index',
  'content-type' => 'application/x-www-form-urlencoded',
  'content-length' => '31',
  'connection' => 'keep-alive',
  'cookie' => 'PHPSESSID=e8586062bk74cst43ikkn5vc10; XDEBUG_SESSION=XDEBUG_ECLIPSE',
  'upgrade-insecure-requests' => '1',
)
[ info ] [ PARAM ] array (
  'username' => 'qwe',
  'password' => '',
  'code' => 'kqf',
)
[ info ] [ RUN ] app\admin\controller\Login->doLogin[ C:\wamp\www\qiaoce\application\admin\controller\Login.php ]
[ info ] [ SESSION ] INIT array (
  'id' => '',
  'var_session_id' => '',
  'prefix' => 'think',
  'type' => '',
  'auto_start' => true,
)
[ info ] [ VIEW ] C:\wamp\www\qiaoce\thinkphp\tpl\dispatch_jump.tpl [ array (
  0 => 'code',
  1 => 'msg',
  2 => 'data',
  3 => 'url',
  4 => 'wait',
) ]
[ info ] [ BEHAVIOR ] Run app\index\behavior\WriteHtmlCacheBehavior @view_filter [ RunTime:0.006003s ]
[ info ] [ LOG ] INIT File
---------------------------------------------------------------
[ 2019-01-04T11:32:16+08:00 ] 127.0.0.1 127.0.0.1 GET /captcha
[ info ] xq_qiaoce.com/captcha [运行时间：0.091903s][吞吐率：10.88req/s] [内存消耗：1,717.70kb] [文件加载：40]
[ info ] [ BEHAVIOR ] Run app\index\behavior\ReadHtmlCacheBehavior @app_init [ RunTime:0.001952s ]
[ info ] [ LANG ] C:\wamp\www\qiaoce\thinkphp\lang\zh-cn.php
[ info ] [ ROUTE ] array (
  'type' => 'method',
  'method' => 
  array (
    0 => '\\think\\captcha\\CaptchaController',
    1 => 'index',
  ),
  'var' => 
  array (
  ),
)
[ info ] [ HEADER ] array (
  'host' => 'xq_qiaoce.com',
  'user-agent' => 'Mozilla/5.0 (Windows NT 10.0; Win64; x64; rv:64.0) Gecko/20100101 Firefox/64.0',
  'accept' => '*/*',
  'accept-language' => 'zh-CN,zh;q=0.8,zh-TW;q=0.7,zh-HK;q=0.5,en-US;q=0.3,en;q=0.2',
  'accept-encoding' => 'gzip, deflate',
  'referer' => 'http://xq_qiaoce.com/Admin/Login/index',
  'connection' => 'keep-alive',
  'cookie' => 'PHPSESSID=e8586062bk74cst43ikkn5vc10; XDEBUG_SESSION=XDEBUG_ECLIPSE',
)
[ info ] [ PARAM ] array (
  'id' => NULL,
)
[ info ] [ RUN ] think\captcha\CaptchaController->index[ C:\wamp\www\qiaoce\vendor\topthink\think-captcha\src\CaptchaController.php ]
[ info ] [ SESSION ] INIT array (
  'id' => '',
  'var_session_id' => '',
  'prefix' => 'think',
  'type' => '',
  'auto_start' => true,
)
[ info ] [ LOG ] INIT File
