---------------------------------------------------------------
[ 2018-12-06T10:22:52+08:00 ] 127.0.0.1 127.0.0.1 GET /Home
[ info ] qiaoce.com/Home [运行时间：1.988745s][吞吐率：0.50req/s] [内存消耗：1,688.71kb] [文件加载：41]
[ info ] [ BEHAVIOR ] Run app\index\behavior\ReadHtmlCacheBehavior @app_init [ RunTime:0.053623s ]
[ info ] [ LANG ] C:\wamp\www\new\thinkphp\lang\zh-cn.php
[ info ] [ ROUTE ] array (
  'type' => 'module',
  'module' => 
  array (
    0 => 'Home',
    1 => NULL,
    2 => NULL,
  ),
)
[ info ] [ HEADER ] array (
  'host' => 'qiaoce.com',
  'connection' => 'keep-alive',
  'user-agent' => 'Mozilla/5.0 (Windows NT 10.0; WOW64) AppleWebKit/537.36 (KHTML, like Gecko) Chrome/63.0.3239.26 Safari/537.36 Core/1.63.6756.400 QQBrowser/10.2.2457.400',
  'upgrade-insecure-requests' => '1',
  'accept' => 'text/html,application/xhtml+xml,application/xml;q=0.9,image/webp,image/apng,*/*;q=0.8',
  'accept-encoding' => 'gzip, deflate',
  'accept-language' => 'zh-CN,zh;q=0.9',
)
[ info ] [ PARAM ] array (
)
[ info ] [ LOG ] INIT File
---------------------------------------------------------------
[ 2018-12-06T10:37:14+08:00 ] 127.0.0.1 127.0.0.1 GET /admin
[ info ] qiaoce.com/admin [运行时间：1.538667s][吞吐率：0.65req/s] [内存消耗：2,237.23kb] [文件加载：51]
[ info ] [ BEHAVIOR ] Run app\index\behavior\ReadHtmlCacheBehavior @app_init [ RunTime:0.026223s ]
[ info ] [ LANG ] C:\wamp\www\new\thinkphp\lang\zh-cn.php
[ info ] [ ROUTE ] array (
  'type' => 'module',
  'module' => 
  array (
    0 => 'admin',
    1 => NULL,
    2 => NULL,
  ),
)
[ info ] [ HEADER ] array (
  'host' => 'qiaoce.com',
  'connection' => 'keep-alive',
  'user-agent' => 'Mozilla/5.0 (Windows NT 10.0; WOW64) AppleWebKit/537.36 (KHTML, like Gecko) Chrome/63.0.3239.26 Safari/537.36 Core/1.63.6756.400 QQBrowser/10.2.2457.400',
  'upgrade-insecure-requests' => '1',
  'accept' => 'text/html,application/xhtml+xml,application/xml;q=0.9,image/webp,image/apng,*/*;q=0.8',
  'accept-encoding' => 'gzip, deflate',
  'accept-language' => 'zh-CN,zh;q=0.9',
)
[ info ] [ PARAM ] array (
)
[ info ] [ RUN ] app\admin\controller\Index->index[ C:\wamp\www\new\application\admin\controller\Index.php ]
[ info ] [ VIEW ] C:\wamp\www\new\public/../application/admin\view\index\index2.html [ array (
) ]
[ info ] [ BEHAVIOR ] Run app\index\behavior\WriteHtmlCacheBehavior @view_filter [ RunTime:0.077063s ]
[ info ] [ LOG ] INIT File
---------------------------------------------------------------
[ 2018-12-06T10:37:14+08:00 ] 127.0.0.1 127.0.0.1 GET /welcome.html
[ info ] qiaoce.com/welcome.html [运行时间：0.291207s][吞吐率：3.43req/s] [内存消耗：1,688.96kb] [文件加载：41]
[ info ] [ BEHAVIOR ] Run app\index\behavior\ReadHtmlCacheBehavior @app_init [ RunTime:0.001000s ]
[ info ] [ LANG ] C:\wamp\www\new\thinkphp\lang\zh-cn.php
[ info ] [ ROUTE ] array (
  'type' => 'module',
  'module' => 
  array (
    0 => 'welcome',
    1 => NULL,
    2 => NULL,
  ),
)
[ info ] [ HEADER ] array (
  'host' => 'qiaoce.com',
  'connection' => 'keep-alive',
  'upgrade-insecure-requests' => '1',
  'user-agent' => 'Mozilla/5.0 (Windows NT 10.0; WOW64) AppleWebKit/537.36 (KHTML, like Gecko) Chrome/63.0.3239.26 Safari/537.36 Core/1.63.6756.400 QQBrowser/10.2.2457.400',
  'accept' => 'text/html,application/xhtml+xml,application/xml;q=0.9,image/webp,image/apng,*/*;q=0.8',
  'referer' => 'http://qiaoce.com/admin',
  'accept-encoding' => 'gzip, deflate',
  'accept-language' => 'zh-CN,zh;q=0.9',
)
[ info ] [ PARAM ] array (
)
[ info ] [ LOG ] INIT File
---------------------------------------------------------------
[ 2018-12-06T10:37:14+08:00 ] 127.0.0.1 127.0.0.1 GET /lib/jquery.contextmenu/jquery.contextmenu.r2.js
[ info ] qiaoce.com/lib/jquery.contextmenu/jquery.contextmenu.r2.js [运行时间：0.041179s][吞吐率：24.28req/s] [内存消耗：1,688.77kb] [文件加载：41]
[ info ] [ BEHAVIOR ] Run app\index\behavior\ReadHtmlCacheBehavior @app_init [ RunTime:0.001841s ]
[ info ] [ LANG ] C:\wamp\www\new\thinkphp\lang\zh-cn.php
[ info ] [ ROUTE ] array (
  'type' => 'module',
  'module' => 
  array (
    0 => 'lib',
    1 => 'jquery.contextmenu',
    2 => 'jquery.contextmenu.r2.js',
  ),
)
[ info ] [ HEADER ] array (
  'host' => 'qiaoce.com',
  'connection' => 'keep-alive',
  'user-agent' => 'Mozilla/5.0 (Windows NT 10.0; WOW64) AppleWebKit/537.36 (KHTML, like Gecko) Chrome/63.0.3239.26 Safari/537.36 Core/1.63.6756.400 QQBrowser/10.2.2457.400',
  'accept' => '*/*',
  'referer' => 'http://qiaoce.com/admin',
  'accept-encoding' => 'gzip, deflate',
  'accept-language' => 'zh-CN,zh;q=0.9',
)
[ info ] [ PARAM ] array (
)
[ info ] [ LOG ] INIT File
---------------------------------------------------------------
[ 2018-12-06T10:37:15+08:00 ] 127.0.0.1 127.0.0.1 GET /lib/jquery.contextmenu/jquery.contextmenu.r2.js
[ info ] qiaoce.com/lib/jquery.contextmenu/jquery.contextmenu.r2.js [运行时间：0.023935s][吞吐率：41.78req/s] [内存消耗：1,688.69kb] [文件加载：41]
[ info ] [ BEHAVIOR ] Run app\index\behavior\ReadHtmlCacheBehavior @app_init [ RunTime:0.000709s ]
[ info ] [ LANG ] C:\wamp\www\new\thinkphp\lang\zh-cn.php
[ info ] [ ROUTE ] array (
  'type' => 'module',
  'module' => 
  array (
    0 => 'lib',
    1 => 'jquery.contextmenu',
    2 => 'jquery.contextmenu.r2.js',
  ),
)
[ info ] [ HEADER ] array (
  'host' => 'qiaoce.com',
  'connection' => 'keep-alive',
  'user-agent' => 'Mozilla/5.0 (Windows NT 10.0; WOW64) AppleWebKit/537.36 (KHTML, like Gecko) Chrome/63.0.3239.26 Safari/537.36 Core/1.63.6756.400 QQBrowser/10.2.2457.400',
  'accept' => '*/*',
  'referer' => 'http://qiaoce.com/admin',
  'accept-encoding' => 'gzip, deflate',
  'accept-language' => 'zh-CN,zh;q=0.9',
)
[ info ] [ PARAM ] array (
)
[ info ] [ LOG ] INIT File
---------------------------------------------------------------
[ 2018-12-06T14:57:05+08:00 ] 127.0.0.1 127.0.0.1 GET /admin
[ info ] qiaoce.com/admin [运行时间：3.086307s][吞吐率：0.32req/s] [内存消耗：2,059.32kb] [文件加载：49]
[ info ] [ BEHAVIOR ] Run app\index\behavior\ReadHtmlCacheBehavior @app_init [ RunTime:0.122826s ]
[ info ] [ LANG ] C:\wamp\www\new\thinkphp\lang\zh-cn.php
[ info ] [ ROUTE ] array (
  'type' => 'module',
  'module' => 
  array (
    0 => 'admin',
    1 => NULL,
    2 => NULL,
  ),
)
[ info ] [ HEADER ] array (
  'host' => 'qiaoce.com',
  'connection' => 'keep-alive',
  'cache-control' => 'max-age=0',
  'user-agent' => 'Mozilla/5.0 (Windows NT 10.0; WOW64) AppleWebKit/537.36 (KHTML, like Gecko) Chrome/63.0.3239.26 Safari/537.36 Core/1.63.6756.400 QQBrowser/10.2.2457.400',
  'upgrade-insecure-requests' => '1',
  'accept' => 'text/html,application/xhtml+xml,application/xml;q=0.9,image/webp,image/apng,*/*;q=0.8',
  'accept-encoding' => 'gzip, deflate',
  'accept-language' => 'zh-CN,zh;q=0.9',
)
[ info ] [ PARAM ] array (
)
[ info ] [ RUN ] app\admin\controller\Index->index[ C:\wamp\www\new\application\admin\controller\Index.php ]
[ info ] [ VIEW ] C:\wamp\www\new\public/../application/admin\view\index\index2.html [ array (
) ]
[ info ] [ BEHAVIOR ] Run app\index\behavior\WriteHtmlCacheBehavior @view_filter [ RunTime:0.118545s ]
[ info ] [ LOG ] INIT File
---------------------------------------------------------------
[ 2018-12-06T14:57:07+08:00 ] 127.0.0.1 127.0.0.1 GET /lib/jquery.contextmenu/jquery.contextmenu.r2.js
[ info ] qiaoce.com/lib/jquery.contextmenu/jquery.contextmenu.r2.js [运行时间：0.996819s][吞吐率：1.00req/s] [内存消耗：1,688.69kb] [文件加载：41]
[ info ] [ BEHAVIOR ] Run app\index\behavior\ReadHtmlCacheBehavior @app_init [ RunTime:0.000702s ]
[ info ] [ LANG ] C:\wamp\www\new\thinkphp\lang\zh-cn.php
[ info ] [ ROUTE ] array (
  'type' => 'module',
  'module' => 
  array (
    0 => 'lib',
    1 => 'jquery.contextmenu',
    2 => 'jquery.contextmenu.r2.js',
  ),
)
[ info ] [ HEADER ] array (
  'host' => 'qiaoce.com',
  'connection' => 'keep-alive',
  'user-agent' => 'Mozilla/5.0 (Windows NT 10.0; WOW64) AppleWebKit/537.36 (KHTML, like Gecko) Chrome/63.0.3239.26 Safari/537.36 Core/1.63.6756.400 QQBrowser/10.2.2457.400',
  'accept' => '*/*',
  'referer' => 'http://qiaoce.com/admin',
  'accept-encoding' => 'gzip, deflate',
  'accept-language' => 'zh-CN,zh;q=0.9',
)
[ info ] [ PARAM ] array (
)
[ info ] [ LOG ] INIT File
---------------------------------------------------------------
[ 2018-12-06T14:57:07+08:00 ] 127.0.0.1 127.0.0.1 GET /welcome.html
[ info ] qiaoce.com/welcome.html [运行时间：0.641404s][吞吐率：1.56req/s] [内存消耗：1,688.96kb] [文件加载：41]
[ info ] [ BEHAVIOR ] Run app\index\behavior\ReadHtmlCacheBehavior @app_init [ RunTime:0.001876s ]
[ info ] [ LANG ] C:\wamp\www\new\thinkphp\lang\zh-cn.php
[ info ] [ ROUTE ] array (
  'type' => 'module',
  'module' => 
  array (
    0 => 'welcome',
    1 => NULL,
    2 => NULL,
  ),
)
[ info ] [ HEADER ] array (
  'host' => 'qiaoce.com',
  'connection' => 'keep-alive',
  'upgrade-insecure-requests' => '1',
  'user-agent' => 'Mozilla/5.0 (Windows NT 10.0; WOW64) AppleWebKit/537.36 (KHTML, like Gecko) Chrome/63.0.3239.26 Safari/537.36 Core/1.63.6756.400 QQBrowser/10.2.2457.400',
  'accept' => 'text/html,application/xhtml+xml,application/xml;q=0.9,image/webp,image/apng,*/*;q=0.8',
  'referer' => 'http://qiaoce.com/admin',
  'accept-encoding' => 'gzip, deflate',
  'accept-language' => 'zh-CN,zh;q=0.9',
)
[ info ] [ PARAM ] array (
)
[ info ] [ LOG ] INIT File
---------------------------------------------------------------
[ 2018-12-06T14:57:30+08:00 ] 127.0.0.1 127.0.0.1 GET /admin
[ info ] qiaoce.com/admin [运行时间：0.085742s][吞吐率：11.66req/s] [内存消耗：2,059.32kb] [文件加载：49]
[ info ] [ BEHAVIOR ] Run app\index\behavior\ReadHtmlCacheBehavior @app_init [ RunTime:0.001151s ]
[ info ] [ LANG ] C:\wamp\www\new\thinkphp\lang\zh-cn.php
[ info ] [ ROUTE ] array (
  'type' => 'module',
  'module' => 
  array (
    0 => 'admin',
    1 => NULL,
    2 => NULL,
  ),
)
[ info ] [ HEADER ] array (
  'host' => 'qiaoce.com',
  'connection' => 'keep-alive',
  'cache-control' => 'max-age=0',
  'user-agent' => 'Mozilla/5.0 (Windows NT 10.0; WOW64) AppleWebKit/537.36 (KHTML, like Gecko) Chrome/63.0.3239.26 Safari/537.36 Core/1.63.6756.400 QQBrowser/10.2.2457.400',
  'upgrade-insecure-requests' => '1',
  'accept' => 'text/html,application/xhtml+xml,application/xml;q=0.9,image/webp,image/apng,*/*;q=0.8',
  'accept-encoding' => 'gzip, deflate',
  'accept-language' => 'zh-CN,zh;q=0.9',
)
[ info ] [ PARAM ] array (
)
[ info ] [ RUN ] app\admin\controller\Index->index[ C:\wamp\www\new\application\admin\controller\Index.php ]
[ info ] [ VIEW ] C:\wamp\www\new\public/../application/admin\view\index\index2.html [ array (
) ]
[ info ] [ BEHAVIOR ] Run app\index\behavior\WriteHtmlCacheBehavior @view_filter [ RunTime:0.052973s ]
[ info ] [ LOG ] INIT File
---------------------------------------------------------------
[ 2018-12-06T14:57:31+08:00 ] 127.0.0.1 127.0.0.1 GET /lib/jquery.contextmenu/jquery.contextmenu.r2.js
[ info ] qiaoce.com/lib/jquery.contextmenu/jquery.contextmenu.r2.js [运行时间：0.035067s][吞吐率：28.52req/s] [内存消耗：1,688.69kb] [文件加载：41]
[ info ] [ BEHAVIOR ] Run app\index\behavior\ReadHtmlCacheBehavior @app_init [ RunTime:0.001250s ]
[ info ] [ LANG ] C:\wamp\www\new\thinkphp\lang\zh-cn.php
[ info ] [ ROUTE ] array (
  'type' => 'module',
  'module' => 
  array (
    0 => 'lib',
    1 => 'jquery.contextmenu',
    2 => 'jquery.contextmenu.r2.js',
  ),
)
[ info ] [ HEADER ] array (
  'host' => 'qiaoce.com',
  'connection' => 'keep-alive',
  'user-agent' => 'Mozilla/5.0 (Windows NT 10.0; WOW64) AppleWebKit/537.36 (KHTML, like Gecko) Chrome/63.0.3239.26 Safari/537.36 Core/1.63.6756.400 QQBrowser/10.2.2457.400',
  'accept' => '*/*',
  'referer' => 'http://qiaoce.com/admin',
  'accept-encoding' => 'gzip, deflate',
  'accept-language' => 'zh-CN,zh;q=0.9',
)
[ info ] [ PARAM ] array (
)
[ info ] [ LOG ] INIT File
---------------------------------------------------------------
[ 2018-12-06T14:57:31+08:00 ] 127.0.0.1 127.0.0.1 GET /welcome.html
[ info ] qiaoce.com/welcome.html [运行时间：0.036664s][吞吐率：27.27req/s] [内存消耗：1,688.96kb] [文件加载：41]
[ info ] [ BEHAVIOR ] Run app\index\behavior\ReadHtmlCacheBehavior @app_init [ RunTime:0.001302s ]
[ info ] [ LANG ] C:\wamp\www\new\thinkphp\lang\zh-cn.php
[ info ] [ ROUTE ] array (
  'type' => 'module',
  'module' => 
  array (
    0 => 'welcome',
    1 => NULL,
    2 => NULL,
  ),
)
[ info ] [ HEADER ] array (
  'host' => 'qiaoce.com',
  'connection' => 'keep-alive',
  'upgrade-insecure-requests' => '1',
  'user-agent' => 'Mozilla/5.0 (Windows NT 10.0; WOW64) AppleWebKit/537.36 (KHTML, like Gecko) Chrome/63.0.3239.26 Safari/537.36 Core/1.63.6756.400 QQBrowser/10.2.2457.400',
  'accept' => 'text/html,application/xhtml+xml,application/xml;q=0.9,image/webp,image/apng,*/*;q=0.8',
  'referer' => 'http://qiaoce.com/admin',
  'accept-encoding' => 'gzip, deflate',
  'accept-language' => 'zh-CN,zh;q=0.9',
)
[ info ] [ PARAM ] array (
)
[ info ] [ LOG ] INIT File
---------------------------------------------------------------
[ 2018-12-06T14:57:31+08:00 ] 127.0.0.1 127.0.0.1 GET /lib/jquery.contextmenu/jquery.contextmenu.r2.js
[ info ] qiaoce.com/lib/jquery.contextmenu/jquery.contextmenu.r2.js [运行时间：0.058413s][吞吐率：17.12req/s] [内存消耗：1,688.77kb] [文件加载：41]
[ info ] [ BEHAVIOR ] Run app\index\behavior\ReadHtmlCacheBehavior @app_init [ RunTime:0.001971s ]
[ info ] [ LANG ] C:\wamp\www\new\thinkphp\lang\zh-cn.php
[ info ] [ ROUTE ] array (
  'type' => 'module',
  'module' => 
  array (
    0 => 'lib',
    1 => 'jquery.contextmenu',
    2 => 'jquery.contextmenu.r2.js',
  ),
)
[ info ] [ HEADER ] array (
  'host' => 'qiaoce.com',
  'connection' => 'keep-alive',
  'user-agent' => 'Mozilla/5.0 (Windows NT 10.0; WOW64) AppleWebKit/537.36 (KHTML, like Gecko) Chrome/63.0.3239.26 Safari/537.36 Core/1.63.6756.400 QQBrowser/10.2.2457.400',
  'accept' => '*/*',
  'referer' => 'http://qiaoce.com/admin',
  'accept-encoding' => 'gzip, deflate',
  'accept-language' => 'zh-CN,zh;q=0.9',
)
[ info ] [ PARAM ] array (
)
[ info ] [ LOG ] INIT File
---------------------------------------------------------------
[ 2018-12-06T14:57:31+08:00 ] 127.0.0.1 127.0.0.1 GET /admin
[ info ] qiaoce.com/admin [运行时间：0.071466s][吞吐率：13.99req/s] [内存消耗：2,059.30kb] [文件加载：49]
[ info ] [ BEHAVIOR ] Run app\index\behavior\ReadHtmlCacheBehavior @app_init [ RunTime:0.000992s ]
[ info ] [ LANG ] C:\wamp\www\new\thinkphp\lang\zh-cn.php
[ info ] [ ROUTE ] array (
  'type' => 'module',
  'module' => 
  array (
    0 => 'admin',
    1 => NULL,
    2 => NULL,
  ),
)
[ info ] [ HEADER ] array (
  'host' => 'qiaoce.com',
  'connection' => 'keep-alive',
  'cache-control' => 'max-age=0',
  'user-agent' => 'Mozilla/5.0 (Windows NT 10.0; WOW64) AppleWebKit/537.36 (KHTML, like Gecko) Chrome/63.0.3239.26 Safari/537.36 Core/1.63.6756.400 QQBrowser/10.2.2457.400',
  'upgrade-insecure-requests' => '1',
  'accept' => 'text/html,application/xhtml+xml,application/xml;q=0.9,image/webp,image/apng,*/*;q=0.8',
  'accept-encoding' => 'gzip, deflate',
  'accept-language' => 'zh-CN,zh;q=0.9',
)
[ info ] [ PARAM ] array (
)
[ info ] [ RUN ] app\admin\controller\Index->index[ C:\wamp\www\new\application\admin\controller\Index.php ]
[ info ] [ VIEW ] C:\wamp\www\new\public/../application/admin\view\index\index2.html [ array (
) ]
[ info ] [ BEHAVIOR ] Run app\index\behavior\WriteHtmlCacheBehavior @view_filter [ RunTime:0.018133s ]
[ info ] [ LOG ] INIT File
---------------------------------------------------------------
[ 2018-12-06T14:57:32+08:00 ] 127.0.0.1 127.0.0.1 GET /lib/jquery.contextmenu/jquery.contextmenu.r2.js
[ info ] qiaoce.com/lib/jquery.contextmenu/jquery.contextmenu.r2.js [运行时间：0.035989s][吞吐率：27.79req/s] [内存消耗：1,688.69kb] [文件加载：41]
[ info ] [ BEHAVIOR ] Run app\index\behavior\ReadHtmlCacheBehavior @app_init [ RunTime:0.001121s ]
[ info ] [ LANG ] C:\wamp\www\new\thinkphp\lang\zh-cn.php
[ info ] [ ROUTE ] array (
  'type' => 'module',
  'module' => 
  array (
    0 => 'lib',
    1 => 'jquery.contextmenu',
    2 => 'jquery.contextmenu.r2.js',
  ),
)
[ info ] [ HEADER ] array (
  'host' => 'qiaoce.com',
  'connection' => 'keep-alive',
  'user-agent' => 'Mozilla/5.0 (Windows NT 10.0; WOW64) AppleWebKit/537.36 (KHTML, like Gecko) Chrome/63.0.3239.26 Safari/537.36 Core/1.63.6756.400 QQBrowser/10.2.2457.400',
  'accept' => '*/*',
  'referer' => 'http://qiaoce.com/admin',
  'accept-encoding' => 'gzip, deflate',
  'accept-language' => 'zh-CN,zh;q=0.9',
)
[ info ] [ PARAM ] array (
)
[ info ] [ LOG ] INIT File
---------------------------------------------------------------
[ 2018-12-06T14:57:32+08:00 ] 127.0.0.1 127.0.0.1 GET /welcome.html
[ info ] qiaoce.com/welcome.html [运行时间：0.089665s][吞吐率：11.15req/s] [内存消耗：1,689.08kb] [文件加载：41]
[ info ] [ BEHAVIOR ] Run app\index\behavior\ReadHtmlCacheBehavior @app_init [ RunTime:0.001741s ]
[ info ] [ LANG ] C:\wamp\www\new\thinkphp\lang\zh-cn.php
[ info ] [ ROUTE ] array (
  'type' => 'module',
  'module' => 
  array (
    0 => 'welcome',
    1 => NULL,
    2 => NULL,
  ),
)
[ info ] [ HEADER ] array (
  'host' => 'qiaoce.com',
  'connection' => 'keep-alive',
  'upgrade-insecure-requests' => '1',
  'user-agent' => 'Mozilla/5.0 (Windows NT 10.0; WOW64) AppleWebKit/537.36 (KHTML, like Gecko) Chrome/63.0.3239.26 Safari/537.36 Core/1.63.6756.400 QQBrowser/10.2.2457.400',
  'accept' => 'text/html,application/xhtml+xml,application/xml;q=0.9,image/webp,image/apng,*/*;q=0.8',
  'referer' => 'http://qiaoce.com/admin',
  'accept-encoding' => 'gzip, deflate',
  'accept-language' => 'zh-CN,zh;q=0.9',
)
[ info ] [ PARAM ] array (
)
[ info ] [ LOG ] INIT File
---------------------------------------------------------------
[ 2018-12-06T14:57:32+08:00 ] 127.0.0.1 127.0.0.1 GET /admin
[ info ] qiaoce.com/admin [运行时间：0.056725s][吞吐率：17.63req/s] [内存消耗：2,059.56kb] [文件加载：49]
[ info ] [ BEHAVIOR ] Run app\index\behavior\ReadHtmlCacheBehavior @app_init [ RunTime:0.000786s ]
[ info ] [ LANG ] C:\wamp\www\new\thinkphp\lang\zh-cn.php
[ info ] [ ROUTE ] array (
  'type' => 'module',
  'module' => 
  array (
    0 => 'admin',
    1 => NULL,
    2 => NULL,
  ),
)
[ info ] [ HEADER ] array (
  'host' => 'qiaoce.com',
  'connection' => 'keep-alive',
  'pragma' => 'no-cache',
  'cache-control' => 'no-cache',
  'user-agent' => 'Mozilla/5.0 (Windows NT 10.0; WOW64) AppleWebKit/537.36 (KHTML, like Gecko) Chrome/63.0.3239.26 Safari/537.36 Core/1.63.6756.400 QQBrowser/10.2.2457.400',
  'upgrade-insecure-requests' => '1',
  'accept' => 'text/html,application/xhtml+xml,application/xml;q=0.9,image/webp,image/apng,*/*;q=0.8',
  'accept-encoding' => 'gzip, deflate',
  'accept-language' => 'zh-CN,zh;q=0.9',
)
[ info ] [ PARAM ] array (
)
[ info ] [ RUN ] app\admin\controller\Index->index[ C:\wamp\www\new\application\admin\controller\Index.php ]
[ info ] [ VIEW ] C:\wamp\www\new\public/../application/admin\view\index\index2.html [ array (
) ]
[ info ] [ BEHAVIOR ] Run app\index\behavior\WriteHtmlCacheBehavior @view_filter [ RunTime:0.015918s ]
[ info ] [ LOG ] INIT File
---------------------------------------------------------------
[ 2018-12-06T14:57:32+08:00 ] 127.0.0.1 127.0.0.1 GET /welcome.html
[ info ] qiaoce.com/welcome.html [运行时间：0.041466s][吞吐率：24.12req/s] [内存消耗：1,689.37kb] [文件加载：41]
[ info ] [ BEHAVIOR ] Run app\index\behavior\ReadHtmlCacheBehavior @app_init [ RunTime:0.000744s ]
[ info ] [ LANG ] C:\wamp\www\new\thinkphp\lang\zh-cn.php
[ info ] [ ROUTE ] array (
  'type' => 'module',
  'module' => 
  array (
    0 => 'welcome',
    1 => NULL,
    2 => NULL,
  ),
)
[ info ] [ HEADER ] array (
  'host' => 'qiaoce.com',
  'connection' => 'keep-alive',
  'pragma' => 'no-cache',
  'cache-control' => 'no-cache',
  'upgrade-insecure-requests' => '1',
  'user-agent' => 'Mozilla/5.0 (Windows NT 10.0; WOW64) AppleWebKit/537.36 (KHTML, like Gecko) Chrome/63.0.3239.26 Safari/537.36 Core/1.63.6756.400 QQBrowser/10.2.2457.400',
  'accept' => 'text/html,application/xhtml+xml,application/xml;q=0.9,image/webp,image/apng,*/*;q=0.8',
  'referer' => 'http://qiaoce.com/admin',
  'accept-encoding' => 'gzip, deflate',
  'accept-language' => 'zh-CN,zh;q=0.9',
)
[ info ] [ PARAM ] array (
)
[ info ] [ LOG ] INIT File
---------------------------------------------------------------
[ 2018-12-06T14:57:33+08:00 ] 127.0.0.1 127.0.0.1 GET /admin
[ info ] qiaoce.com/admin [运行时间：0.067608s][吞吐率：14.79req/s] [内存消耗：2,059.30kb] [文件加载：49]
[ info ] [ BEHAVIOR ] Run app\index\behavior\ReadHtmlCacheBehavior @app_init [ RunTime:0.001870s ]
[ info ] [ LANG ] C:\wamp\www\new\thinkphp\lang\zh-cn.php
[ info ] [ ROUTE ] array (
  'type' => 'module',
  'module' => 
  array (
    0 => 'admin',
    1 => NULL,
    2 => NULL,
  ),
)
[ info ] [ HEADER ] array (
  'host' => 'qiaoce.com',
  'connection' => 'keep-alive',
  'cache-control' => 'max-age=0',
  'user-agent' => 'Mozilla/5.0 (Windows NT 10.0; WOW64) AppleWebKit/537.36 (KHTML, like Gecko) Chrome/63.0.3239.26 Safari/537.36 Core/1.63.6756.400 QQBrowser/10.2.2457.400',
  'upgrade-insecure-requests' => '1',
  'accept' => 'text/html,application/xhtml+xml,application/xml;q=0.9,image/webp,image/apng,*/*;q=0.8',
  'accept-encoding' => 'gzip, deflate',
  'accept-language' => 'zh-CN,zh;q=0.9',
)
[ info ] [ PARAM ] array (
)
[ info ] [ RUN ] app\admin\controller\Index->index[ C:\wamp\www\new\application\admin\controller\Index.php ]
[ info ] [ VIEW ] C:\wamp\www\new\public/../application/admin\view\index\index2.html [ array (
) ]
[ info ] [ BEHAVIOR ] Run app\index\behavior\WriteHtmlCacheBehavior @view_filter [ RunTime:0.014418s ]
[ info ] [ LOG ] INIT File
---------------------------------------------------------------
[ 2018-12-06T14:57:33+08:00 ] 127.0.0.1 127.0.0.1 GET /lib/jquery.contextmenu/jquery.contextmenu.r2.js
[ info ] qiaoce.com/lib/jquery.contextmenu/jquery.contextmenu.r2.js [运行时间：0.024725s][吞吐率：40.44req/s] [内存消耗：1,689.00kb] [文件加载：41]
[ info ] [ BEHAVIOR ] Run app\index\behavior\ReadHtmlCacheBehavior @app_init [ RunTime:0.000754s ]
[ info ] [ LANG ] C:\wamp\www\new\thinkphp\lang\zh-cn.php
[ info ] [ ROUTE ] array (
  'type' => 'module',
  'module' => 
  array (
    0 => 'lib',
    1 => 'jquery.contextmenu',
    2 => 'jquery.contextmenu.r2.js',
  ),
)
[ info ] [ HEADER ] array (
  'host' => 'qiaoce.com',
  'connection' => 'keep-alive',
  'pragma' => 'no-cache',
  'cache-control' => 'no-cache',
  'user-agent' => 'Mozilla/5.0 (Windows NT 10.0; WOW64) AppleWebKit/537.36 (KHTML, like Gecko) Chrome/63.0.3239.26 Safari/537.36 Core/1.63.6756.400 QQBrowser/10.2.2457.400',
  'accept' => '*/*',
  'referer' => 'http://qiaoce.com/admin',
  'accept-encoding' => 'gzip, deflate',
  'accept-language' => 'zh-CN,zh;q=0.9',
)
[ info ] [ PARAM ] array (
)
[ info ] [ LOG ] INIT File
---------------------------------------------------------------
[ 2018-12-06T14:57:33+08:00 ] 127.0.0.1 127.0.0.1 GET /welcome.html
[ info ] qiaoce.com/welcome.html [运行时间：0.034806s][吞吐率：28.73req/s] [内存消耗：1,688.96kb] [文件加载：41]
[ info ] [ BEHAVIOR ] Run app\index\behavior\ReadHtmlCacheBehavior @app_init [ RunTime:0.001187s ]
[ info ] [ LANG ] C:\wamp\www\new\thinkphp\lang\zh-cn.php
[ info ] [ ROUTE ] array (
  'type' => 'module',
  'module' => 
  array (
    0 => 'welcome',
    1 => NULL,
    2 => NULL,
  ),
)
[ info ] [ HEADER ] array (
  'host' => 'qiaoce.com',
  'connection' => 'keep-alive',
  'upgrade-insecure-requests' => '1',
  'user-agent' => 'Mozilla/5.0 (Windows NT 10.0; WOW64) AppleWebKit/537.36 (KHTML, like Gecko) Chrome/63.0.3239.26 Safari/537.36 Core/1.63.6756.400 QQBrowser/10.2.2457.400',
  'accept' => 'text/html,application/xhtml+xml,application/xml;q=0.9,image/webp,image/apng,*/*;q=0.8',
  'referer' => 'http://qiaoce.com/admin',
  'accept-encoding' => 'gzip, deflate',
  'accept-language' => 'zh-CN,zh;q=0.9',
)
[ info ] [ PARAM ] array (
)
[ info ] [ LOG ] INIT File
---------------------------------------------------------------
[ 2018-12-06T14:57:33+08:00 ] 127.0.0.1 127.0.0.1 GET /admin
[ info ] qiaoce.com/admin [运行时间：0.120538s][吞吐率：8.30req/s] [内存消耗：2,059.30kb] [文件加载：49]
[ info ] [ BEHAVIOR ] Run app\index\behavior\ReadHtmlCacheBehavior @app_init [ RunTime:0.001271s ]
[ info ] [ LANG ] C:\wamp\www\new\thinkphp\lang\zh-cn.php
[ info ] [ ROUTE ] array (
  'type' => 'module',
  'module' => 
  array (
    0 => 'admin',
    1 => NULL,
    2 => NULL,
  ),
)
[ info ] [ HEADER ] array (
  'host' => 'qiaoce.com',
  'connection' => 'keep-alive',
  'cache-control' => 'max-age=0',
  'user-agent' => 'Mozilla/5.0 (Windows NT 10.0; WOW64) AppleWebKit/537.36 (KHTML, like Gecko) Chrome/63.0.3239.26 Safari/537.36 Core/1.63.6756.400 QQBrowser/10.2.2457.400',
  'upgrade-insecure-requests' => '1',
  'accept' => 'text/html,application/xhtml+xml,application/xml;q=0.9,image/webp,image/apng,*/*;q=0.8',
  'accept-encoding' => 'gzip, deflate',
  'accept-language' => 'zh-CN,zh;q=0.9',
)
[ info ] [ PARAM ] array (
)
[ info ] [ RUN ] app\admin\controller\Index->index[ C:\wamp\www\new\application\admin\controller\Index.php ]
[ info ] [ VIEW ] C:\wamp\www\new\public/../application/admin\view\index\index2.html [ array (
) ]
[ info ] [ BEHAVIOR ] Run app\index\behavior\WriteHtmlCacheBehavior @view_filter [ RunTime:0.070060s ]
[ info ] [ LOG ] INIT File
---------------------------------------------------------------
[ 2018-12-06T14:57:33+08:00 ] 127.0.0.1 127.0.0.1 GET /lib/jquery.contextmenu/jquery.contextmenu.r2.js
[ info ] qiaoce.com/lib/jquery.contextmenu/jquery.contextmenu.r2.js [运行时间：0.082995s][吞吐率：12.05req/s] [内存消耗：1,688.69kb] [文件加载：41]
[ info ] [ BEHAVIOR ] Run app\index\behavior\ReadHtmlCacheBehavior @app_init [ RunTime:0.004201s ]
[ info ] [ LANG ] C:\wamp\www\new\thinkphp\lang\zh-cn.php
[ info ] [ ROUTE ] array (
  'type' => 'module',
  'module' => 
  array (
    0 => 'lib',
    1 => 'jquery.contextmenu',
    2 => 'jquery.contextmenu.r2.js',
  ),
)
[ info ] [ HEADER ] array (
  'host' => 'qiaoce.com',
  'connection' => 'keep-alive',
  'user-agent' => 'Mozilla/5.0 (Windows NT 10.0; WOW64) AppleWebKit/537.36 (KHTML, like Gecko) Chrome/63.0.3239.26 Safari/537.36 Core/1.63.6756.400 QQBrowser/10.2.2457.400',
  'accept' => '*/*',
  'referer' => 'http://qiaoce.com/admin',
  'accept-encoding' => 'gzip, deflate',
  'accept-language' => 'zh-CN,zh;q=0.9',
)
[ info ] [ PARAM ] array (
)
[ info ] [ LOG ] INIT File
---------------------------------------------------------------
[ 2018-12-06T14:57:33+08:00 ] 127.0.0.1 127.0.0.1 GET /lib/jquery.contextmenu/jquery.contextmenu.r2.js
[ info ] qiaoce.com/lib/jquery.contextmenu/jquery.contextmenu.r2.js [运行时间：0.034308s][吞吐率：29.15req/s] [内存消耗：1,688.69kb] [文件加载：41]
[ info ] [ BEHAVIOR ] Run app\index\behavior\ReadHtmlCacheBehavior @app_init [ RunTime:0.000830s ]
[ info ] [ LANG ] C:\wamp\www\new\thinkphp\lang\zh-cn.php
[ info ] [ ROUTE ] array (
  'type' => 'module',
  'module' => 
  array (
    0 => 'lib',
    1 => 'jquery.contextmenu',
    2 => 'jquery.contextmenu.r2.js',
  ),
)
[ info ] [ HEADER ] array (
  'host' => 'qiaoce.com',
  'connection' => 'keep-alive',
  'user-agent' => 'Mozilla/5.0 (Windows NT 10.0; WOW64) AppleWebKit/537.36 (KHTML, like Gecko) Chrome/63.0.3239.26 Safari/537.36 Core/1.63.6756.400 QQBrowser/10.2.2457.400',
  'accept' => '*/*',
  'referer' => 'http://qiaoce.com/admin',
  'accept-encoding' => 'gzip, deflate',
  'accept-language' => 'zh-CN,zh;q=0.9',
)
[ info ] [ PARAM ] array (
)
[ info ] [ LOG ] INIT File
---------------------------------------------------------------
[ 2018-12-06T14:57:34+08:00 ] 127.0.0.1 127.0.0.1 GET /welcome.html
[ info ] qiaoce.com/welcome.html [运行时间：0.032782s][吞吐率：30.50req/s] [内存消耗：1,688.96kb] [文件加载：41]
[ info ] [ BEHAVIOR ] Run app\index\behavior\ReadHtmlCacheBehavior @app_init [ RunTime:0.000794s ]
[ info ] [ LANG ] C:\wamp\www\new\thinkphp\lang\zh-cn.php
[ info ] [ ROUTE ] array (
  'type' => 'module',
  'module' => 
  array (
    0 => 'welcome',
    1 => NULL,
    2 => NULL,
  ),
)
[ info ] [ HEADER ] array (
  'host' => 'qiaoce.com',
  'connection' => 'keep-alive',
  'upgrade-insecure-requests' => '1',
  'user-agent' => 'Mozilla/5.0 (Windows NT 10.0; WOW64) AppleWebKit/537.36 (KHTML, like Gecko) Chrome/63.0.3239.26 Safari/537.36 Core/1.63.6756.400 QQBrowser/10.2.2457.400',
  'accept' => 'text/html,application/xhtml+xml,application/xml;q=0.9,image/webp,image/apng,*/*;q=0.8',
  'referer' => 'http://qiaoce.com/admin',
  'accept-encoding' => 'gzip, deflate',
  'accept-language' => 'zh-CN,zh;q=0.9',
)
[ info ] [ PARAM ] array (
)
[ info ] [ LOG ] INIT File
---------------------------------------------------------------
[ 2018-12-06T14:57:34+08:00 ] 127.0.0.1 127.0.0.1 GET /lib/jquery.contextmenu/jquery.contextmenu.r2.js
[ info ] qiaoce.com/lib/jquery.contextmenu/jquery.contextmenu.r2.js [运行时间：0.022838s][吞吐率：43.79req/s] [内存消耗：1,688.69kb] [文件加载：41]
[ info ] [ BEHAVIOR ] Run app\index\behavior\ReadHtmlCacheBehavior @app_init [ RunTime:0.000727s ]
[ info ] [ LANG ] C:\wamp\www\new\thinkphp\lang\zh-cn.php
[ info ] [ ROUTE ] array (
  'type' => 'module',
  'module' => 
  array (
    0 => 'lib',
    1 => 'jquery.contextmenu',
    2 => 'jquery.contextmenu.r2.js',
  ),
)
[ info ] [ HEADER ] array (
  'host' => 'qiaoce.com',
  'connection' => 'keep-alive',
  'user-agent' => 'Mozilla/5.0 (Windows NT 10.0; WOW64) AppleWebKit/537.36 (KHTML, like Gecko) Chrome/63.0.3239.26 Safari/537.36 Core/1.63.6756.400 QQBrowser/10.2.2457.400',
  'accept' => '*/*',
  'referer' => 'http://qiaoce.com/admin',
  'accept-encoding' => 'gzip, deflate',
  'accept-language' => 'zh-CN,zh;q=0.9',
)
[ info ] [ PARAM ] array (
)
[ info ] [ LOG ] INIT File
---------------------------------------------------------------
[ 2018-12-06T15:00:45+08:00 ] 127.0.0.1 127.0.0.1 GET /admin
[ info ] qiaoce.com/admin [运行时间：0.281865s][吞吐率：3.55req/s] [内存消耗：2,236.87kb] [文件加载：51]
[ info ] [ BEHAVIOR ] Run app\index\behavior\ReadHtmlCacheBehavior @app_init [ RunTime:0.001358s ]
[ info ] [ LANG ] C:\wamp\www\new\thinkphp\lang\zh-cn.php
[ info ] [ ROUTE ] array (
  'type' => 'module',
  'module' => 
  array (
    0 => 'admin',
    1 => NULL,
    2 => NULL,
  ),
)
[ info ] [ HEADER ] array (
  'host' => 'qiaoce.com',
  'connection' => 'keep-alive',
  'cache-control' => 'max-age=0',
  'user-agent' => 'Mozilla/5.0 (Windows NT 10.0; WOW64) AppleWebKit/537.36 (KHTML, like Gecko) Chrome/63.0.3239.26 Safari/537.36 Core/1.63.6756.400 QQBrowser/10.2.2457.400',
  'upgrade-insecure-requests' => '1',
  'accept' => 'text/html,application/xhtml+xml,application/xml;q=0.9,image/webp,image/apng,*/*;q=0.8',
  'accept-encoding' => 'gzip, deflate',
  'accept-language' => 'zh-CN,zh;q=0.9',
)
[ info ] [ PARAM ] array (
)
[ info ] [ RUN ] app\admin\controller\Index->index[ C:\wamp\www\new\application\admin\controller\Index.php ]
[ info ] [ VIEW ] C:\wamp\www\new\public/../application/admin\view\index\index2.html [ array (
) ]
[ info ] [ BEHAVIOR ] Run app\index\behavior\WriteHtmlCacheBehavior @view_filter [ RunTime:0.013520s ]
[ info ] [ LOG ] INIT File
---------------------------------------------------------------
[ 2018-12-06T15:00:45+08:00 ] 127.0.0.1 127.0.0.1 GET /lib/jquery.contextmenu/jquery.contextmenu.r2.js
[ info ] qiaoce.com/lib/jquery.contextmenu/jquery.contextmenu.r2.js [运行时间：0.032518s][吞吐率：30.75req/s] [内存消耗：1,688.69kb] [文件加载：41]
[ info ] [ BEHAVIOR ] Run app\index\behavior\ReadHtmlCacheBehavior @app_init [ RunTime:0.001048s ]
[ info ] [ LANG ] C:\wamp\www\new\thinkphp\lang\zh-cn.php
[ info ] [ ROUTE ] array (
  'type' => 'module',
  'module' => 
  array (
    0 => 'lib',
    1 => 'jquery.contextmenu',
    2 => 'jquery.contextmenu.r2.js',
  ),
)
[ info ] [ HEADER ] array (
  'host' => 'qiaoce.com',
  'connection' => 'keep-alive',
  'user-agent' => 'Mozilla/5.0 (Windows NT 10.0; WOW64) AppleWebKit/537.36 (KHTML, like Gecko) Chrome/63.0.3239.26 Safari/537.36 Core/1.63.6756.400 QQBrowser/10.2.2457.400',
  'accept' => '*/*',
  'referer' => 'http://qiaoce.com/admin',
  'accept-encoding' => 'gzip, deflate',
  'accept-language' => 'zh-CN,zh;q=0.9',
)
[ info ] [ PARAM ] array (
)
[ info ] [ LOG ] INIT File
---------------------------------------------------------------
[ 2018-12-06T15:00:45+08:00 ] 127.0.0.1 127.0.0.1 GET /welcome.html
[ info ] qiaoce.com/welcome.html [运行时间：0.040755s][吞吐率：24.54req/s] [内存消耗：1,688.96kb] [文件加载：41]
[ info ] [ BEHAVIOR ] Run app\index\behavior\ReadHtmlCacheBehavior @app_init [ RunTime:0.001350s ]
[ info ] [ LANG ] C:\wamp\www\new\thinkphp\lang\zh-cn.php
[ info ] [ ROUTE ] array (
  'type' => 'module',
  'module' => 
  array (
    0 => 'welcome',
    1 => NULL,
    2 => NULL,
  ),
)
[ info ] [ HEADER ] array (
  'host' => 'qiaoce.com',
  'connection' => 'keep-alive',
  'upgrade-insecure-requests' => '1',
  'user-agent' => 'Mozilla/5.0 (Windows NT 10.0; WOW64) AppleWebKit/537.36 (KHTML, like Gecko) Chrome/63.0.3239.26 Safari/537.36 Core/1.63.6756.400 QQBrowser/10.2.2457.400',
  'accept' => 'text/html,application/xhtml+xml,application/xml;q=0.9,image/webp,image/apng,*/*;q=0.8',
  'referer' => 'http://qiaoce.com/admin',
  'accept-encoding' => 'gzip, deflate',
  'accept-language' => 'zh-CN,zh;q=0.9',
)
[ info ] [ PARAM ] array (
)
[ info ] [ LOG ] INIT File
---------------------------------------------------------------
[ 2018-12-06T15:00:45+08:00 ] 127.0.0.1 127.0.0.1 GET /lib/jquery.contextmenu/jquery.contextmenu.r2.js
[ info ] qiaoce.com/lib/jquery.contextmenu/jquery.contextmenu.r2.js [运行时间：0.042472s][吞吐率：23.54req/s] [内存消耗：1,688.69kb] [文件加载：41]
[ info ] [ BEHAVIOR ] Run app\index\behavior\ReadHtmlCacheBehavior @app_init [ RunTime:0.001629s ]
[ info ] [ LANG ] C:\wamp\www\new\thinkphp\lang\zh-cn.php
[ info ] [ ROUTE ] array (
  'type' => 'module',
  'module' => 
  array (
    0 => 'lib',
    1 => 'jquery.contextmenu',
    2 => 'jquery.contextmenu.r2.js',
  ),
)
[ info ] [ HEADER ] array (
  'host' => 'qiaoce.com',
  'connection' => 'keep-alive',
  'user-agent' => 'Mozilla/5.0 (Windows NT 10.0; WOW64) AppleWebKit/537.36 (KHTML, like Gecko) Chrome/63.0.3239.26 Safari/537.36 Core/1.63.6756.400 QQBrowser/10.2.2457.400',
  'accept' => '*/*',
  'referer' => 'http://qiaoce.com/admin',
  'accept-encoding' => 'gzip, deflate',
  'accept-language' => 'zh-CN,zh;q=0.9',
)
[ info ] [ PARAM ] array (
)
[ info ] [ LOG ] INIT File
---------------------------------------------------------------
[ 2018-12-06T15:08:12+08:00 ] 127.0.0.1 127.0.0.1 GET /admin
[ info ] qiaoce.com/admin [运行时间：0.055056s][吞吐率：18.16req/s] [内存消耗：2,059.61kb] [文件加载：49]
[ info ] [ BEHAVIOR ] Run app\index\behavior\ReadHtmlCacheBehavior @app_init [ RunTime:0.001119s ]
[ info ] [ LANG ] C:\wamp\www\new\thinkphp\lang\zh-cn.php
[ info ] [ ROUTE ] array (
  'type' => 'module',
  'module' => 
  array (
    0 => 'admin',
    1 => NULL,
    2 => NULL,
  ),
)
[ info ] [ HEADER ] array (
  'host' => 'qiaoce.com',
  'connection' => 'keep-alive',
  'pragma' => 'no-cache',
  'cache-control' => 'no-cache',
  'user-agent' => 'Mozilla/5.0 (Windows NT 10.0; WOW64) AppleWebKit/537.36 (KHTML, like Gecko) Chrome/63.0.3239.26 Safari/537.36 Core/1.63.6756.400 QQBrowser/10.2.2457.400',
  'upgrade-insecure-requests' => '1',
  'accept' => 'text/html,application/xhtml+xml,application/xml;q=0.9,image/webp,image/apng,*/*;q=0.8',
  'accept-encoding' => 'gzip, deflate',
  'accept-language' => 'zh-CN,zh;q=0.9',
)
[ info ] [ PARAM ] array (
)
[ info ] [ RUN ] app\admin\controller\Index->index[ C:\wamp\www\new\application\admin\controller\Index.php ]
[ info ] [ VIEW ] C:\wamp\www\new\public/../application/admin\view\index\index2.html [ array (
) ]
[ info ] [ BEHAVIOR ] Run app\index\behavior\WriteHtmlCacheBehavior @view_filter [ RunTime:0.015481s ]
[ info ] [ LOG ] INIT File
---------------------------------------------------------------
[ 2018-12-06T15:08:13+08:00 ] 127.0.0.1 127.0.0.1 GET /lib/jquery.contextmenu/jquery.contextmenu.r2.js
[ info ] qiaoce.com/lib/jquery.contextmenu/jquery.contextmenu.r2.js [运行时间：0.045795s][吞吐率：21.84req/s] [内存消耗：1,689.00kb] [文件加载：41]
[ info ] [ BEHAVIOR ] Run app\index\behavior\ReadHtmlCacheBehavior @app_init [ RunTime:0.001760s ]
[ info ] [ LANG ] C:\wamp\www\new\thinkphp\lang\zh-cn.php
[ info ] [ ROUTE ] array (
  'type' => 'module',
  'module' => 
  array (
    0 => 'lib',
    1 => 'jquery.contextmenu',
    2 => 'jquery.contextmenu.r2.js',
  ),
)
[ info ] [ HEADER ] array (
  'host' => 'qiaoce.com',
  'connection' => 'keep-alive',
  'pragma' => 'no-cache',
  'cache-control' => 'no-cache',
  'user-agent' => 'Mozilla/5.0 (Windows NT 10.0; WOW64) AppleWebKit/537.36 (KHTML, like Gecko) Chrome/63.0.3239.26 Safari/537.36 Core/1.63.6756.400 QQBrowser/10.2.2457.400',
  'accept' => '*/*',
  'referer' => 'http://qiaoce.com/admin',
  'accept-encoding' => 'gzip, deflate',
  'accept-language' => 'zh-CN,zh;q=0.9',
)
[ info ] [ PARAM ] array (
)
[ info ] [ LOG ] INIT File
---------------------------------------------------------------
[ 2018-12-06T15:08:13+08:00 ] 127.0.0.1 127.0.0.1 GET /welcome.html
[ info ] qiaoce.com/welcome.html [运行时间：0.034798s][吞吐率：28.74req/s] [内存消耗：1,689.37kb] [文件加载：41]
[ info ] [ BEHAVIOR ] Run app\index\behavior\ReadHtmlCacheBehavior @app_init [ RunTime:0.001024s ]
[ info ] [ LANG ] C:\wamp\www\new\thinkphp\lang\zh-cn.php
[ info ] [ ROUTE ] array (
  'type' => 'module',
  'module' => 
  array (
    0 => 'welcome',
    1 => NULL,
    2 => NULL,
  ),
)
[ info ] [ HEADER ] array (
  'host' => 'qiaoce.com',
  'connection' => 'keep-alive',
  'pragma' => 'no-cache',
  'cache-control' => 'no-cache',
  'upgrade-insecure-requests' => '1',
  'user-agent' => 'Mozilla/5.0 (Windows NT 10.0; WOW64) AppleWebKit/537.36 (KHTML, like Gecko) Chrome/63.0.3239.26 Safari/537.36 Core/1.63.6756.400 QQBrowser/10.2.2457.400',
  'accept' => 'text/html,application/xhtml+xml,application/xml;q=0.9,image/webp,image/apng,*/*;q=0.8',
  'referer' => 'http://qiaoce.com/admin',
  'accept-encoding' => 'gzip, deflate',
  'accept-language' => 'zh-CN,zh;q=0.9',
)
[ info ] [ PARAM ] array (
)
[ info ] [ LOG ] INIT File
---------------------------------------------------------------
[ 2018-12-06T15:08:13+08:00 ] 127.0.0.1 127.0.0.1 GET /lib/jquery.contextmenu/jquery.contextmenu.r2.js
[ info ] qiaoce.com/lib/jquery.contextmenu/jquery.contextmenu.r2.js [运行时间：0.037619s][吞吐率：26.58req/s] [内存消耗：1,689.00kb] [文件加载：41]
[ info ] [ BEHAVIOR ] Run app\index\behavior\ReadHtmlCacheBehavior @app_init [ RunTime:0.001294s ]
[ info ] [ LANG ] C:\wamp\www\new\thinkphp\lang\zh-cn.php
[ info ] [ ROUTE ] array (
  'type' => 'module',
  'module' => 
  array (
    0 => 'lib',
    1 => 'jquery.contextmenu',
    2 => 'jquery.contextmenu.r2.js',
  ),
)
[ info ] [ HEADER ] array (
  'host' => 'qiaoce.com',
  'connection' => 'keep-alive',
  'pragma' => 'no-cache',
  'cache-control' => 'no-cache',
  'user-agent' => 'Mozilla/5.0 (Windows NT 10.0; WOW64) AppleWebKit/537.36 (KHTML, like Gecko) Chrome/63.0.3239.26 Safari/537.36 Core/1.63.6756.400 QQBrowser/10.2.2457.400',
  'accept' => '*/*',
  'referer' => 'http://qiaoce.com/admin',
  'accept-encoding' => 'gzip, deflate',
  'accept-language' => 'zh-CN,zh;q=0.9',
)
[ info ] [ PARAM ] array (
)
[ info ] [ LOG ] INIT File
---------------------------------------------------------------
[ 2018-12-06T15:12:26+08:00 ] 127.0.0.1 127.0.0.1 GET /admin
[ info ] qiaoce.com/admin [运行时间：0.067495s][吞吐率：14.82req/s] [内存消耗：2,236.70kb] [文件加载：51]
[ info ] [ BEHAVIOR ] Run app\index\behavior\ReadHtmlCacheBehavior @app_init [ RunTime:0.001043s ]
[ info ] [ LANG ] C:\wamp\www\new\thinkphp\lang\zh-cn.php
[ info ] [ ROUTE ] array (
  'type' => 'module',
  'module' => 
  array (
    0 => 'admin',
    1 => NULL,
    2 => NULL,
  ),
)
[ info ] [ HEADER ] array (
  'host' => 'qiaoce.com',
  'connection' => 'keep-alive',
  'cache-control' => 'max-age=0',
  'user-agent' => 'Mozilla/5.0 (Windows NT 10.0; WOW64) AppleWebKit/537.36 (KHTML, like Gecko) Chrome/63.0.3239.26 Safari/537.36 Core/1.63.6756.400 QQBrowser/10.2.2457.400',
  'upgrade-insecure-requests' => '1',
  'accept' => 'text/html,application/xhtml+xml,application/xml;q=0.9,image/webp,image/apng,*/*;q=0.8',
  'accept-encoding' => 'gzip, deflate',
  'accept-language' => 'zh-CN,zh;q=0.9',
)
[ info ] [ PARAM ] array (
)
[ info ] [ RUN ] app\admin\controller\Index->index[ C:\wamp\www\new\application\admin\controller\Index.php ]
[ info ] [ VIEW ] C:\wamp\www\new\public/../application/admin\view\index\index2.html [ array (
) ]
[ info ] [ BEHAVIOR ] Run app\index\behavior\WriteHtmlCacheBehavior @view_filter [ RunTime:0.014010s ]
[ info ] [ LOG ] INIT File
---------------------------------------------------------------
[ 2018-12-06T15:12:26+08:00 ] 127.0.0.1 127.0.0.1 GET /lib/jquery.contextmenu/jquery.contextmenu.r2.js
[ info ] qiaoce.com/lib/jquery.contextmenu/jquery.contextmenu.r2.js [运行时间：0.037558s][吞吐率：26.63req/s] [内存消耗：1,688.69kb] [文件加载：41]
[ info ] [ BEHAVIOR ] Run app\index\behavior\ReadHtmlCacheBehavior @app_init [ RunTime:0.001348s ]
[ info ] [ LANG ] C:\wamp\www\new\thinkphp\lang\zh-cn.php
[ info ] [ ROUTE ] array (
  'type' => 'module',
  'module' => 
  array (
    0 => 'lib',
    1 => 'jquery.contextmenu',
    2 => 'jquery.contextmenu.r2.js',
  ),
)
[ info ] [ HEADER ] array (
  'host' => 'qiaoce.com',
  'connection' => 'keep-alive',
  'user-agent' => 'Mozilla/5.0 (Windows NT 10.0; WOW64) AppleWebKit/537.36 (KHTML, like Gecko) Chrome/63.0.3239.26 Safari/537.36 Core/1.63.6756.400 QQBrowser/10.2.2457.400',
  'accept' => '*/*',
  'referer' => 'http://qiaoce.com/admin',
  'accept-encoding' => 'gzip, deflate',
  'accept-language' => 'zh-CN,zh;q=0.9',
)
[ info ] [ PARAM ] array (
)
[ info ] [ LOG ] INIT File
---------------------------------------------------------------
[ 2018-12-06T15:12:26+08:00 ] 127.0.0.1 127.0.0.1 GET /%7Bindex/welcome%7D
[ info ] qiaoce.com/%7Bindex/welcome%7D [运行时间：0.045739s][吞吐率：21.86req/s] [内存消耗：1,689.02kb] [文件加载：41]
[ info ] [ BEHAVIOR ] Run app\index\behavior\ReadHtmlCacheBehavior @app_init [ RunTime:0.001707s ]
[ info ] [ LANG ] C:\wamp\www\new\thinkphp\lang\zh-cn.php
[ info ] [ ROUTE ] array (
  'type' => 'module',
  'module' => 
  array (
    0 => '{index',
    1 => 'welcome}',
    2 => NULL,
  ),
)
[ info ] [ HEADER ] array (
  'host' => 'qiaoce.com',
  'connection' => 'keep-alive',
  'upgrade-insecure-requests' => '1',
  'user-agent' => 'Mozilla/5.0 (Windows NT 10.0; WOW64) AppleWebKit/537.36 (KHTML, like Gecko) Chrome/63.0.3239.26 Safari/537.36 Core/1.63.6756.400 QQBrowser/10.2.2457.400',
  'accept' => 'text/html,application/xhtml+xml,application/xml;q=0.9,image/webp,image/apng,*/*;q=0.8',
  'referer' => 'http://qiaoce.com/admin',
  'accept-encoding' => 'gzip, deflate',
  'accept-language' => 'zh-CN,zh;q=0.9',
)
[ info ] [ PARAM ] array (
)
[ info ] [ LOG ] INIT File
---------------------------------------------------------------
[ 2018-12-06T15:12:26+08:00 ] 127.0.0.1 127.0.0.1 GET /lib/jquery.contextmenu/jquery.contextmenu.r2.js
[ info ] qiaoce.com/lib/jquery.contextmenu/jquery.contextmenu.r2.js [运行时间：0.026916s][吞吐率：37.15req/s] [内存消耗：1,688.69kb] [文件加载：41]
[ info ] [ BEHAVIOR ] Run app\index\behavior\ReadHtmlCacheBehavior @app_init [ RunTime:0.000724s ]
[ info ] [ LANG ] C:\wamp\www\new\thinkphp\lang\zh-cn.php
[ info ] [ ROUTE ] array (
  'type' => 'module',
  'module' => 
  array (
    0 => 'lib',
    1 => 'jquery.contextmenu',
    2 => 'jquery.contextmenu.r2.js',
  ),
)
[ info ] [ HEADER ] array (
  'host' => 'qiaoce.com',
  'connection' => 'keep-alive',
  'user-agent' => 'Mozilla/5.0 (Windows NT 10.0; WOW64) AppleWebKit/537.36 (KHTML, like Gecko) Chrome/63.0.3239.26 Safari/537.36 Core/1.63.6756.400 QQBrowser/10.2.2457.400',
  'accept' => '*/*',
  'referer' => 'http://qiaoce.com/admin',
  'accept-encoding' => 'gzip, deflate',
  'accept-language' => 'zh-CN,zh;q=0.9',
)
[ info ] [ PARAM ] array (
)
[ info ] [ LOG ] INIT File
---------------------------------------------------------------
[ 2018-12-06T15:12:27+08:00 ] 127.0.0.1 127.0.0.1 GET /admin
[ info ] qiaoce.com/admin [运行时间：0.043429s][吞吐率：23.03req/s] [内存消耗：2,059.34kb] [文件加载：49]
[ info ] [ BEHAVIOR ] Run app\index\behavior\ReadHtmlCacheBehavior @app_init [ RunTime:0.000715s ]
[ info ] [ LANG ] C:\wamp\www\new\thinkphp\lang\zh-cn.php
[ info ] [ ROUTE ] array (
  'type' => 'module',
  'module' => 
  array (
    0 => 'admin',
    1 => NULL,
    2 => NULL,
  ),
)
[ info ] [ HEADER ] array (
  'host' => 'qiaoce.com',
  'connection' => 'keep-alive',
  'cache-control' => 'max-age=0',
  'user-agent' => 'Mozilla/5.0 (Windows NT 10.0; WOW64) AppleWebKit/537.36 (KHTML, like Gecko) Chrome/63.0.3239.26 Safari/537.36 Core/1.63.6756.400 QQBrowser/10.2.2457.400',
  'upgrade-insecure-requests' => '1',
  'accept' => 'text/html,application/xhtml+xml,application/xml;q=0.9,image/webp,image/apng,*/*;q=0.8',
  'accept-encoding' => 'gzip, deflate',
  'accept-language' => 'zh-CN,zh;q=0.9',
)
[ info ] [ PARAM ] array (
)
[ info ] [ RUN ] app\admin\controller\Index->index[ C:\wamp\www\new\application\admin\controller\Index.php ]
[ info ] [ VIEW ] C:\wamp\www\new\public/../application/admin\view\index\index2.html [ array (
) ]
[ info ] [ BEHAVIOR ] Run app\index\behavior\WriteHtmlCacheBehavior @view_filter [ RunTime:0.014535s ]
[ info ] [ LOG ] INIT File
---------------------------------------------------------------
[ 2018-12-06T15:12:27+08:00 ] 127.0.0.1 127.0.0.1 GET /lib/jquery.contextmenu/jquery.contextmenu.r2.js
[ info ] qiaoce.com/lib/jquery.contextmenu/jquery.contextmenu.r2.js [运行时间：0.032576s][吞吐率：30.70req/s] [内存消耗：1,688.69kb] [文件加载：41]
[ info ] [ BEHAVIOR ] Run app\index\behavior\ReadHtmlCacheBehavior @app_init [ RunTime:0.000883s ]
[ info ] [ LANG ] C:\wamp\www\new\thinkphp\lang\zh-cn.php
[ info ] [ ROUTE ] array (
  'type' => 'module',
  'module' => 
  array (
    0 => 'lib',
    1 => 'jquery.contextmenu',
    2 => 'jquery.contextmenu.r2.js',
  ),
)
[ info ] [ HEADER ] array (
  'host' => 'qiaoce.com',
  'connection' => 'keep-alive',
  'user-agent' => 'Mozilla/5.0 (Windows NT 10.0; WOW64) AppleWebKit/537.36 (KHTML, like Gecko) Chrome/63.0.3239.26 Safari/537.36 Core/1.63.6756.400 QQBrowser/10.2.2457.400',
  'accept' => '*/*',
  'referer' => 'http://qiaoce.com/admin',
  'accept-encoding' => 'gzip, deflate',
  'accept-language' => 'zh-CN,zh;q=0.9',
)
[ info ] [ PARAM ] array (
)
[ info ] [ LOG ] INIT File
---------------------------------------------------------------
[ 2018-12-06T15:12:27+08:00 ] 127.0.0.1 127.0.0.1 GET /%7Bindex/welcome%7D
[ info ] qiaoce.com/%7Bindex/welcome%7D [运行时间：0.047366s][吞吐率：21.11req/s] [内存消耗：1,689.02kb] [文件加载：41]
[ info ] [ BEHAVIOR ] Run app\index\behavior\ReadHtmlCacheBehavior @app_init [ RunTime:0.001352s ]
[ info ] [ LANG ] C:\wamp\www\new\thinkphp\lang\zh-cn.php
[ info ] [ ROUTE ] array (
  'type' => 'module',
  'module' => 
  array (
    0 => '{index',
    1 => 'welcome}',
    2 => NULL,
  ),
)
[ info ] [ HEADER ] array (
  'host' => 'qiaoce.com',
  'connection' => 'keep-alive',
  'upgrade-insecure-requests' => '1',
  'user-agent' => 'Mozilla/5.0 (Windows NT 10.0; WOW64) AppleWebKit/537.36 (KHTML, like Gecko) Chrome/63.0.3239.26 Safari/537.36 Core/1.63.6756.400 QQBrowser/10.2.2457.400',
  'accept' => 'text/html,application/xhtml+xml,application/xml;q=0.9,image/webp,image/apng,*/*;q=0.8',
  'referer' => 'http://qiaoce.com/admin',
  'accept-encoding' => 'gzip, deflate',
  'accept-language' => 'zh-CN,zh;q=0.9',
)
[ info ] [ PARAM ] array (
)
[ info ] [ LOG ] INIT File
---------------------------------------------------------------
[ 2018-12-06T15:12:27+08:00 ] 127.0.0.1 127.0.0.1 GET /lib/jquery.contextmenu/jquery.contextmenu.r2.js
[ info ] qiaoce.com/lib/jquery.contextmenu/jquery.contextmenu.r2.js [运行时间：0.056555s][吞吐率：17.68req/s] [内存消耗：1,688.69kb] [文件加载：41]
[ info ] [ BEHAVIOR ] Run app\index\behavior\ReadHtmlCacheBehavior @app_init [ RunTime:0.002325s ]
[ info ] [ LANG ] C:\wamp\www\new\thinkphp\lang\zh-cn.php
[ info ] [ ROUTE ] array (
  'type' => 'module',
  'module' => 
  array (
    0 => 'lib',
    1 => 'jquery.contextmenu',
    2 => 'jquery.contextmenu.r2.js',
  ),
)
[ info ] [ HEADER ] array (
  'host' => 'qiaoce.com',
  'connection' => 'keep-alive',
  'user-agent' => 'Mozilla/5.0 (Windows NT 10.0; WOW64) AppleWebKit/537.36 (KHTML, like Gecko) Chrome/63.0.3239.26 Safari/537.36 Core/1.63.6756.400 QQBrowser/10.2.2457.400',
  'accept' => '*/*',
  'referer' => 'http://qiaoce.com/admin',
  'accept-encoding' => 'gzip, deflate',
  'accept-language' => 'zh-CN,zh;q=0.9',
)
[ info ] [ PARAM ] array (
)
[ info ] [ LOG ] INIT File
---------------------------------------------------------------
[ 2018-12-06T15:12:52+08:00 ] 127.0.0.1 127.0.0.1 GET /admin
[ info ] qiaoce.com/admin [运行时间：0.233805s][吞吐率：4.28req/s] [内存消耗：2,280.55kb] [文件加载：54]
[ info ] [ BEHAVIOR ] Run app\index\behavior\ReadHtmlCacheBehavior @app_init [ RunTime:0.000702s ]
[ info ] [ LANG ] C:\wamp\www\new\thinkphp\lang\zh-cn.php
[ info ] [ ROUTE ] array (
  'type' => 'module',
  'module' => 
  array (
    0 => 'admin',
    1 => NULL,
    2 => NULL,
  ),
)
[ info ] [ HEADER ] array (
  'host' => 'qiaoce.com',
  'connection' => 'keep-alive',
  'cache-control' => 'max-age=0',
  'user-agent' => 'Mozilla/5.0 (Windows NT 10.0; WOW64) AppleWebKit/537.36 (KHTML, like Gecko) Chrome/63.0.3239.26 Safari/537.36 Core/1.63.6756.400 QQBrowser/10.2.2457.400',
  'upgrade-insecure-requests' => '1',
  'accept' => 'text/html,application/xhtml+xml,application/xml;q=0.9,image/webp,image/apng,*/*;q=0.8',
  'accept-encoding' => 'gzip, deflate',
  'accept-language' => 'zh-CN,zh;q=0.9',
)
[ info ] [ PARAM ] array (
)
[ info ] [ RUN ] app\admin\controller\Index->index[ C:\wamp\www\new\application\admin\controller\Index.php ]
[ info ] [ VIEW ] C:\wamp\www\new\public/../application/admin\view\index\index2.html [ array (
) ]
[ info ] [ LOG ] INIT File
[ error ] [8]Use of undefined constant index - assumed 'index'[C:\wamp\www\new\runtime\temp\1f4a42a8533d42b988c44c153c1fba4f.php:186]
---------------------------------------------------------------
[ 2018-12-06T15:13:15+08:00 ] 127.0.0.1 127.0.0.1 GET /admin
[ info ] qiaoce.com/admin [运行时间：0.075929s][吞吐率：13.17req/s] [内存消耗：2,237.02kb] [文件加载：51]
[ info ] [ BEHAVIOR ] Run app\index\behavior\ReadHtmlCacheBehavior @app_init [ RunTime:0.001173s ]
[ info ] [ LANG ] C:\wamp\www\new\thinkphp\lang\zh-cn.php
[ info ] [ ROUTE ] array (
  'type' => 'module',
  'module' => 
  array (
    0 => 'admin',
    1 => NULL,
    2 => NULL,
  ),
)
[ info ] [ HEADER ] array (
  'host' => 'qiaoce.com',
  'connection' => 'keep-alive',
  'pragma' => 'no-cache',
  'cache-control' => 'no-cache',
  'user-agent' => 'Mozilla/5.0 (Windows NT 10.0; WOW64) AppleWebKit/537.36 (KHTML, like Gecko) Chrome/63.0.3239.26 Safari/537.36 Core/1.63.6756.400 QQBrowser/10.2.2457.400',
  'upgrade-insecure-requests' => '1',
  'accept' => 'text/html,application/xhtml+xml,application/xml;q=0.9,image/webp,image/apng,*/*;q=0.8',
  'accept-encoding' => 'gzip, deflate',
  'accept-language' => 'zh-CN,zh;q=0.9',
)
[ info ] [ PARAM ] array (
)
[ info ] [ RUN ] app\admin\controller\Index->index[ C:\wamp\www\new\application\admin\controller\Index.php ]
[ info ] [ VIEW ] C:\wamp\www\new\public/../application/admin\view\index\index2.html [ array (
) ]
[ info ] [ BEHAVIOR ] Run app\index\behavior\WriteHtmlCacheBehavior @view_filter [ RunTime:0.021752s ]
[ info ] [ LOG ] INIT File
---------------------------------------------------------------
[ 2018-12-06T15:13:16+08:00 ] 127.0.0.1 127.0.0.1 GET /lib/jquery.contextmenu/jquery.contextmenu.r2.js
[ info ] qiaoce.com/lib/jquery.contextmenu/jquery.contextmenu.r2.js [运行时间：0.048448s][吞吐率：20.64req/s] [内存消耗：1,689.00kb] [文件加载：41]
[ info ] [ BEHAVIOR ] Run app\index\behavior\ReadHtmlCacheBehavior @app_init [ RunTime:0.000753s ]
[ info ] [ LANG ] C:\wamp\www\new\thinkphp\lang\zh-cn.php
[ info ] [ ROUTE ] array (
  'type' => 'module',
  'module' => 
  array (
    0 => 'lib',
    1 => 'jquery.contextmenu',
    2 => 'jquery.contextmenu.r2.js',
  ),
)
[ info ] [ HEADER ] array (
  'host' => 'qiaoce.com',
  'connection' => 'keep-alive',
  'pragma' => 'no-cache',
  'cache-control' => 'no-cache',
  'user-agent' => 'Mozilla/5.0 (Windows NT 10.0; WOW64) AppleWebKit/537.36 (KHTML, like Gecko) Chrome/63.0.3239.26 Safari/537.36 Core/1.63.6756.400 QQBrowser/10.2.2457.400',
  'accept' => '*/*',
  'referer' => 'http://qiaoce.com/admin',
  'accept-encoding' => 'gzip, deflate',
  'accept-language' => 'zh-CN,zh;q=0.9',
)
[ info ] [ PARAM ] array (
)
[ info ] [ LOG ] INIT File
---------------------------------------------------------------
[ 2018-12-06T15:13:16+08:00 ] 127.0.0.1 127.0.0.1 GET /admin/index/welcome.html
[ info ] qiaoce.com/admin/index/welcome.html [运行时间：0.076670s][吞吐率：13.04req/s] [内存消耗：2,143.86kb] [文件加载：50]
[ info ] [ BEHAVIOR ] Run app\index\behavior\ReadHtmlCacheBehavior @app_init [ RunTime:0.001890s ]
[ info ] [ LANG ] C:\wamp\www\new\thinkphp\lang\zh-cn.php
[ info ] [ ROUTE ] array (
  'type' => 'module',
  'module' => 
  array (
    0 => 'admin',
    1 => 'index',
    2 => 'welcome',
  ),
)
[ info ] [ HEADER ] array (
  'host' => 'qiaoce.com',
  'connection' => 'keep-alive',
  'pragma' => 'no-cache',
  'cache-control' => 'no-cache',
  'upgrade-insecure-requests' => '1',
  'user-agent' => 'Mozilla/5.0 (Windows NT 10.0; WOW64) AppleWebKit/537.36 (KHTML, like Gecko) Chrome/63.0.3239.26 Safari/537.36 Core/1.63.6756.400 QQBrowser/10.2.2457.400',
  'accept' => 'text/html,application/xhtml+xml,application/xml;q=0.9,image/webp,image/apng,*/*;q=0.8',
  'referer' => 'http://qiaoce.com/admin',
  'accept-encoding' => 'gzip, deflate',
  'accept-language' => 'zh-CN,zh;q=0.9',
)
[ info ] [ PARAM ] array (
)
[ info ] [ RUN ] app\admin\controller\Index->welcome[ C:\wamp\www\new\application\admin\controller\Index.php ]
[ info ] [ VIEW ] C:\wamp\www\new\public/../application/admin\view\index\welcome.html [ array (
) ]
[ info ] [ BEHAVIOR ] Run app\index\behavior\WriteHtmlCacheBehavior @view_filter [ RunTime:0.002127s ]
[ info ] [ LOG ] INIT File
---------------------------------------------------------------
[ 2018-12-06T15:13:16+08:00 ] 127.0.0.1 127.0.0.1 GET /lib/jquery.contextmenu/jquery.contextmenu.r2.js
[ info ] qiaoce.com/lib/jquery.contextmenu/jquery.contextmenu.r2.js [运行时间：0.032653s][吞吐率：30.62req/s] [内存消耗：1,689.00kb] [文件加载：41]
[ info ] [ BEHAVIOR ] Run app\index\behavior\ReadHtmlCacheBehavior @app_init [ RunTime:0.001203s ]
[ info ] [ LANG ] C:\wamp\www\new\thinkphp\lang\zh-cn.php
[ info ] [ ROUTE ] array (
  'type' => 'module',
  'module' => 
  array (
    0 => 'lib',
    1 => 'jquery.contextmenu',
    2 => 'jquery.contextmenu.r2.js',
  ),
)
[ info ] [ HEADER ] array (
  'host' => 'qiaoce.com',
  'connection' => 'keep-alive',
  'pragma' => 'no-cache',
  'cache-control' => 'no-cache',
  'user-agent' => 'Mozilla/5.0 (Windows NT 10.0; WOW64) AppleWebKit/537.36 (KHTML, like Gecko) Chrome/63.0.3239.26 Safari/537.36 Core/1.63.6756.400 QQBrowser/10.2.2457.400',
  'accept' => '*/*',
  'referer' => 'http://qiaoce.com/admin',
  'accept-encoding' => 'gzip, deflate',
  'accept-language' => 'zh-CN,zh;q=0.9',
)
[ info ] [ PARAM ] array (
)
[ info ] [ LOG ] INIT File
---------------------------------------------------------------
[ 2018-12-06T15:16:48+08:00 ] 127.0.0.1 127.0.0.1 GET /admin/cate/cate.html
[ info ] qiaoce.com/admin/cate/cate.html [运行时间：1.751204s][吞吐率：0.57req/s] [内存消耗：3,607.11kb] [文件加载：59]
[ info ] [ BEHAVIOR ] Run app\index\behavior\ReadHtmlCacheBehavior @app_init [ RunTime:0.000990s ]
[ info ] [ LANG ] C:\wamp\www\new\thinkphp\lang\zh-cn.php
[ info ] [ ROUTE ] array (
  'type' => 'module',
  'module' => 
  array (
    0 => 'admin',
    1 => 'cate',
    2 => 'cate',
  ),
)
[ info ] [ HEADER ] array (
  'host' => 'qiaoce.com',
  'connection' => 'keep-alive',
  'upgrade-insecure-requests' => '1',
  'user-agent' => 'Mozilla/5.0 (Windows NT 10.0; WOW64) AppleWebKit/537.36 (KHTML, like Gecko) Chrome/63.0.3239.26 Safari/537.36 Core/1.63.6756.400 QQBrowser/10.2.2457.400',
  'accept' => 'text/html,application/xhtml+xml,application/xml;q=0.9,image/webp,image/apng,*/*;q=0.8',
  'referer' => 'http://qiaoce.com/admin',
  'accept-encoding' => 'gzip, deflate',
  'accept-language' => 'zh-CN,zh;q=0.9',
)
[ info ] [ PARAM ] array (
)
[ info ] [ RUN ] app\admin\controller\Cate->cate[ C:\wamp\www\new\application\admin\controller\Cate.php ]
[ info ] [ DB ] INIT mysql
[ info ] [ VIEW ] C:\wamp\www\new\public/../application/admin\view\cate\cate.html [ array (
  0 => 'catelist',
) ]
[ info ] [ BEHAVIOR ] Run app\index\behavior\WriteHtmlCacheBehavior @view_filter [ RunTime:0.016756s ]
[ info ] [ LOG ] INIT File
[ sql ] [ DB ] CONNECT:[ UseTime:0.579259s ] mysql:dbname=vfxcity;host=127.0.0.1;charset=utf8
[ sql ] [ SQL ] SHOW COLUMNS FROM `cate` [ RunTime:0.386654s ]
[ sql ] [ SQL ] SELECT * FROM `cate` [ RunTime:0.002076s ]
[ sql ] [ SQL ] SELECT * FROM `cate` [ RunTime:0.000797s ]
[ sql ] [ SQL ] SELECT * FROM `cate` [ RunTime:0.000727s ]
[ sql ] [ SQL ] SELECT * FROM `cate` [ RunTime:0.000801s ]
[ sql ] [ SQL ] SELECT * FROM `cate` [ RunTime:0.000736s ]
[ sql ] [ SQL ] SELECT * FROM `cate` [ RunTime:0.000737s ]
[ sql ] [ SQL ] SELECT * FROM `cate` [ RunTime:0.000827s ]
[ sql ] [ SQL ] SELECT * FROM `cate` [ RunTime:0.000762s ]
[ sql ] [ SQL ] SELECT * FROM `cate` [ RunTime:0.000727s ]
[ sql ] [ SQL ] SELECT * FROM `cate` [ RunTime:0.000717s ]
[ sql ] [ SQL ] SELECT * FROM `cate` [ RunTime:0.000737s ]
[ sql ] [ SQL ] SELECT * FROM `cate` [ RunTime:0.000734s ]
[ sql ] [ SQL ] SELECT * FROM `cate` [ RunTime:0.000720s ]
[ sql ] [ SQL ] SELECT * FROM `cate` [ RunTime:0.000758s ]
[ sql ] [ SQL ] SELECT * FROM `cate` [ RunTime:0.000741s ]
[ sql ] [ SQL ] SELECT * FROM `cate` [ RunTime:0.000737s ]
[ sql ] [ SQL ] SELECT * FROM `cate` [ RunTime:0.000767s ]
[ sql ] [ SQL ] SELECT * FROM `cate` [ RunTime:0.000867s ]
[ sql ] [ SQL ] SELECT * FROM `cate` [ RunTime:0.000753s ]
[ sql ] [ SQL ] SELECT * FROM `cate` [ RunTime:0.000730s ]
[ sql ] [ SQL ] SELECT * FROM `cate` [ RunTime:0.000666s ]
[ sql ] [ SQL ] SELECT * FROM `cate` [ RunTime:0.000774s ]
[ sql ] [ SQL ] SELECT * FROM `cate` [ RunTime:0.000775s ]
[ sql ] [ SQL ] SELECT * FROM `cate` [ RunTime:0.000718s ]
[ sql ] [ SQL ] SELECT * FROM `cate` [ RunTime:0.001017s ]
[ sql ] [ SQL ] SELECT * FROM `cate` [ RunTime:0.000801s ]
[ sql ] [ SQL ] SELECT * FROM `cate` [ RunTime:0.000772s ]
[ sql ] [ SQL ] SELECT * FROM `cate` [ RunTime:0.000726s ]
[ sql ] [ SQL ] SELECT * FROM `cate` [ RunTime:0.000741s ]
[ sql ] [ SQL ] SELECT * FROM `cate` [ RunTime:0.000653s ]
[ sql ] [ SQL ] SELECT * FROM `cate` [ RunTime:0.000718s ]
[ sql ] [ SQL ] SELECT * FROM `cate` [ RunTime:0.000749s ]
[ sql ] [ SQL ] SELECT * FROM `cate` [ RunTime:0.000711s ]
[ sql ] [ SQL ] SELECT * FROM `cate` [ RunTime:0.000469s ]
[ sql ] [ SQL ] SELECT * FROM `cate` [ RunTime:0.000430s ]
[ sql ] [ SQL ] SELECT * FROM `cate` [ RunTime:0.000552s ]
[ sql ] [ SQL ] SELECT * FROM `cate` [ RunTime:0.000543s ]
[ sql ] [ SQL ] SELECT * FROM `cate` [ RunTime:0.000476s ]
[ sql ] [ SQL ] SELECT * FROM `cate` [ RunTime:0.000425s ]
---------------------------------------------------------------
[ 2018-12-06T15:17:04+08:00 ] 127.0.0.1 127.0.0.1 GET /admin/article/index.html
[ info ] qiaoce.com/admin/article/index.html [运行时间：0.627217s][吞吐率：1.59req/s] [内存消耗：3,742.25kb] [文件加载：59]
[ info ] [ BEHAVIOR ] Run app\index\behavior\ReadHtmlCacheBehavior @app_init [ RunTime:0.000691s ]
[ info ] [ LANG ] C:\wamp\www\new\thinkphp\lang\zh-cn.php
[ info ] [ ROUTE ] array (
  'type' => 'module',
  'module' => 
  array (
    0 => 'admin',
    1 => 'article',
    2 => 'index',
  ),
)
[ info ] [ HEADER ] array (
  'host' => 'qiaoce.com',
  'connection' => 'keep-alive',
  'upgrade-insecure-requests' => '1',
  'user-agent' => 'Mozilla/5.0 (Windows NT 10.0; WOW64) AppleWebKit/537.36 (KHTML, like Gecko) Chrome/63.0.3239.26 Safari/537.36 Core/1.63.6756.400 QQBrowser/10.2.2457.400',
  'accept' => 'text/html,application/xhtml+xml,application/xml;q=0.9,image/webp,image/apng,*/*;q=0.8',
  'referer' => 'http://qiaoce.com/admin',
  'accept-encoding' => 'gzip, deflate',
  'accept-language' => 'zh-CN,zh;q=0.9',
)
[ info ] [ PARAM ] array (
)
[ info ] [ RUN ] app\admin\controller\Article->index[ C:\wamp\www\new\application\admin\controller\Article.php ]
[ info ] [ DB ] INIT mysql
[ info ] [ VIEW ] C:\wamp\www\new\public/../application/admin\view\article\article.html [ array (
  0 => 'data',
) ]
[ info ] [ BEHAVIOR ] Run app\index\behavior\WriteHtmlCacheBehavior @view_filter [ RunTime:0.025145s ]
[ info ] [ LOG ] INIT File
[ sql ] [ DB ] CONNECT:[ UseTime:0.001646s ] mysql:dbname=vfxcity;host=127.0.0.1;charset=utf8
[ sql ] [ SQL ] SHOW COLUMNS FROM `article` [ RunTime:0.099805s ]
[ sql ] [ SQL ] SELECT `id`,`title`,`thumb_img`,`img_time`,`time`,`classify` FROM `article` ORDER BY id desc [ RunTime:0.081203s ]
[ sql ] [ SQL ] SELECT * FROM `article` WHERE  `id` = 105 LIMIT 1 [ RunTime:0.036923s ]
[ sql ] [ SQL ] SELECT * FROM `article` WHERE  `id` = 104 LIMIT 1 [ RunTime:0.000714s ]
[ sql ] [ SQL ] SELECT * FROM `article` WHERE  `id` = 103 LIMIT 1 [ RunTime:0.000693s ]
[ sql ] [ SQL ] SELECT * FROM `article` WHERE  `id` = 102 LIMIT 1 [ RunTime:0.000595s ]
[ sql ] [ SQL ] SELECT * FROM `article` WHERE  `id` = 100 LIMIT 1 [ RunTime:0.000395s ]
[ sql ] [ SQL ] SELECT * FROM `article` WHERE  `id` = 99 LIMIT 1 [ RunTime:0.000651s ]
[ sql ] [ SQL ] SELECT * FROM `article` WHERE  `id` = 97 LIMIT 1 [ RunTime:0.000195s ]
[ sql ] [ SQL ] SELECT * FROM `article` WHERE  `id` = 96 LIMIT 1 [ RunTime:0.000363s ]
[ sql ] [ SQL ] SELECT * FROM `article` WHERE  `id` = 92 LIMIT 1 [ RunTime:0.000553s ]
[ sql ] [ SQL ] SELECT * FROM `article` WHERE  `id` = 91 LIMIT 1 [ RunTime:0.000647s ]
[ sql ] [ SQL ] SELECT * FROM `article` WHERE  `id` = 90 LIMIT 1 [ RunTime:0.000636s ]
[ sql ] [ SQL ] SELECT * FROM `article` WHERE  `id` = 89 LIMIT 1 [ RunTime:0.000483s ]
[ sql ] [ SQL ] SELECT * FROM `article` WHERE  `id` = 88 LIMIT 1 [ RunTime:0.000727s ]
[ sql ] [ SQL ] SELECT * FROM `article` WHERE  `id` = 87 LIMIT 1 [ RunTime:0.000191s ]
[ sql ] [ SQL ] SELECT * FROM `article` WHERE  `id` = 86 LIMIT 1 [ RunTime:0.006691s ]
[ sql ] [ SQL ] SELECT * FROM `article` WHERE  `id` = 85 LIMIT 1 [ RunTime:0.007761s ]
[ sql ] [ SQL ] SELECT * FROM `article` WHERE  `id` = 84 LIMIT 1 [ RunTime:0.000291s ]
[ sql ] [ SQL ] SELECT * FROM `article` WHERE  `id` = 83 LIMIT 1 [ RunTime:0.000255s ]
[ sql ] [ SQL ] SELECT * FROM `article` WHERE  `id` = 82 LIMIT 1 [ RunTime:0.001102s ]
[ sql ] [ SQL ] SELECT * FROM `article` WHERE  `id` = 81 LIMIT 1 [ RunTime:0.002434s ]
[ sql ] [ SQL ] SELECT * FROM `article` WHERE  `id` = 80 LIMIT 1 [ RunTime:0.009700s ]
[ sql ] [ SQL ] SELECT * FROM `article` WHERE  `id` = 79 LIMIT 1 [ RunTime:0.009055s ]
[ sql ] [ SQL ] SELECT * FROM `article` WHERE  `id` = 77 LIMIT 1 [ RunTime:0.006504s ]
[ sql ] [ SQL ] SELECT * FROM `article` WHERE  `id` = 76 LIMIT 1 [ RunTime:0.000583s ]
[ sql ] [ SQL ] SELECT * FROM `article` WHERE  `id` = 75 LIMIT 1 [ RunTime:0.000565s ]
[ sql ] [ SQL ] SELECT * FROM `article` WHERE  `id` = 74 LIMIT 1 [ RunTime:0.000548s ]
[ sql ] [ SQL ] SELECT * FROM `article` WHERE  `id` = 73 LIMIT 1 [ RunTime:0.002337s ]
[ sql ] [ SQL ] SELECT * FROM `article` WHERE  `id` = 43 LIMIT 1 [ RunTime:0.000297s ]
[ sql ] [ SQL ] SELECT * FROM `article` WHERE  `id` = 41 LIMIT 1 [ RunTime:0.000514s ]
[ sql ] [ SQL ] SELECT * FROM `article` WHERE  `id` = 27 LIMIT 1 [ RunTime:0.000428s ]
[ sql ] [ SQL ] SELECT * FROM `article` WHERE  `id` = 26 LIMIT 1 [ RunTime:0.000251s ]
[ sql ] [ SQL ] SELECT * FROM `article` WHERE  `id` = 25 LIMIT 1 [ RunTime:0.000605s ]
[ sql ] [ SQL ] SELECT * FROM `article` WHERE  `id` = 22 LIMIT 1 [ RunTime:0.001038s ]
[ sql ] [ SQL ] SELECT * FROM `article` WHERE  `id` = 19 LIMIT 1 [ RunTime:0.000343s ]
[ sql ] [ SQL ] SELECT * FROM `article` WHERE  `id` = 18 LIMIT 1 [ RunTime:0.000228s ]
[ sql ] [ SQL ] SELECT * FROM `article` WHERE  `id` = 17 LIMIT 1 [ RunTime:0.005142s ]
[ sql ] [ SQL ] SELECT * FROM `article` WHERE  `id` = 14 LIMIT 1 [ RunTime:0.007556s ]
[ sql ] [ SQL ] SELECT * FROM `article` WHERE  `id` = 13 LIMIT 1 [ RunTime:0.000567s ]
[ sql ] [ SQL ] SELECT * FROM `article` WHERE  `id` = 12 LIMIT 1 [ RunTime:0.000483s ]
[ sql ] [ SQL ] SELECT * FROM `article` WHERE  `id` = 10 LIMIT 1 [ RunTime:0.000393s ]
[ sql ] [ SQL ] SELECT * FROM `article` WHERE  `id` = 4 LIMIT 1 [ RunTime:0.000201s ]
[ sql ] [ SQL ] SELECT * FROM `article` WHERE  `id` = 3 LIMIT 1 [ RunTime:0.000204s ]
[ sql ] [ SQL ] SELECT * FROM `article` WHERE  `id` = 2 LIMIT 1 [ RunTime:0.000188s ]
