---------------------------------------------------------------
[ 2018-12-11T15:02:17+08:00 ] 127.0.0.1 127.0.0.1 GET /
[ info ] qiaoce.com/ [运行时间：9.513590s][吞吐率：0.11req/s] [内存消耗：2,879.07kb] [文件加载：56]
[ info ] [ BEHAVIOR ] Run app\index\behavior\ReadHtmlCacheBehavior @app_init [ RunTime:0.387151s ]
[ info ] [ LANG ] C:\wamp\www\new\thinkphp\lang\zh-cn.php
[ info ] [ ROUTE ] array (
  'type' => 'module',
  'module' => 
  array (
    0 => '',
    1 => NULL,
    2 => NULL,
  ),
)
[ info ] [ HEADER ] array (
  'host' => 'qiaoce.com',
  'user-agent' => 'Mozilla/5.0 (Windows NT 10.0; Win64; x64; rv:63.0) Gecko/20100101 Firefox/63.0',
  'accept' => 'text/html,application/xhtml+xml,application/xml;q=0.9,*/*;q=0.8',
  'accept-language' => 'zh-CN,zh;q=0.8,zh-TW;q=0.7,zh-HK;q=0.5,en-US;q=0.3,en;q=0.2',
  'accept-encoding' => 'gzip, deflate',
  'connection' => 'keep-alive',
  'upgrade-insecure-requests' => '1',
)
[ info ] [ PARAM ] array (
)
[ info ] [ RUN ] app\index\controller\Index->index[ C:\wamp\www\new\application\index\controller\Index.php ]
[ info ] [ DB ] INIT mysql
[ info ] [ VIEW ] C:\wamp\www\new\public/../application/index\view\index\index.html [ array (
  0 => 'data',
) ]
[ info ] [ BEHAVIOR ] Run app\index\behavior\WriteHtmlCacheBehavior @view_filter [ RunTime:0.432300s ]
[ info ] [ LOG ] INIT File
[ sql ] [ DB ] CONNECT:[ UseTime:0.736584s ] mysql:dbname=vfxcity;host=127.0.0.1;charset=utf8
[ sql ] [ SQL ] SHOW COLUMNS FROM `cate` [ RunTime:0.454350s ]
[ sql ] [ SQL ] SELECT * FROM `cate` WHERE  `pid` = 0 [ RunTime:0.002821s ]
---------------------------------------------------------------
[ 2018-12-11T15:14:16+08:00 ] ::1 ::1 GET /new/public/
[ info ] localhost/new/public/ [运行时间：5.795430s][吞吐率：0.17req/s] [内存消耗：2,879.20kb] [文件加载：56]
[ info ] [ BEHAVIOR ] Run app\index\behavior\ReadHtmlCacheBehavior @app_init [ RunTime:0.076342s ]
[ info ] [ LANG ] C:\wamp\www\new\thinkphp\lang\zh-cn.php
[ info ] [ ROUTE ] array (
  'type' => 'module',
  'module' => 
  array (
    0 => '',
    1 => NULL,
    2 => NULL,
  ),
)
[ info ] [ HEADER ] array (
  'accept' => 'text/html, application/xhtml+xml, image/jxr, */*',
  'referer' => 'http://localhost/new/',
  'accept-language' => 'zh-Hans-CN,zh-Hans;q=0.7,ko;q=0.3',
  'accept-encoding' => 'gzip, deflate',
  'host' => 'localhost',
  'connection' => 'Keep-Alive',
  'user-agent' => 'Mozilla/5.0 (Windows NT 10.0; WOW64; Trident/7.0; rv:11.0) like Gecko Core/1.63.6756.400 QQBrowser/10.2.2457.400',
)
[ info ] [ PARAM ] array (
)
[ info ] [ RUN ] app\index\controller\Index->index[ C:\wamp\www\new\application\index\controller\Index.php ]
[ info ] [ DB ] INIT mysql
[ info ] [ VIEW ] C:\wamp\www\new\public/../application/index\view\index\index.html [ array (
  0 => 'data',
) ]
[ info ] [ BEHAVIOR ] Run app\index\behavior\WriteHtmlCacheBehavior @view_filter [ RunTime:0.595994s ]
[ info ] [ LOG ] INIT File
[ sql ] [ DB ] CONNECT:[ UseTime:0.073909s ] mysql:dbname=vfxcity;host=127.0.0.1;charset=utf8
[ sql ] [ SQL ] SHOW COLUMNS FROM `cate` [ RunTime:0.239394s ]
[ sql ] [ SQL ] SELECT * FROM `cate` WHERE  `pid` = 0 [ RunTime:0.026284s ]
---------------------------------------------------------------
[ 2018-12-11T15:16:30+08:00 ] ::1 ::1 GET /new/public/
[ info ] localhost/new/public/ [运行时间：7.241495s][吞吐率：0.14req/s] [内存消耗：2,879.08kb] [文件加载：56]
[ info ] [ BEHAVIOR ] Run app\index\behavior\ReadHtmlCacheBehavior @app_init [ RunTime:0.359360s ]
[ info ] [ LANG ] C:\wamp\www\new\thinkphp\lang\zh-cn.php
[ info ] [ ROUTE ] array (
  'type' => 'module',
  'module' => 
  array (
    0 => '',
    1 => NULL,
    2 => NULL,
  ),
)
[ info ] [ HEADER ] array (
  'host' => 'localhost',
  'user-agent' => 'Mozilla/5.0 (Windows NT 10.0; Win64; x64; rv:63.0) Gecko/20100101 Firefox/63.0',
  'accept' => 'text/html,application/xhtml+xml,application/xml;q=0.9,*/*;q=0.8',
  'accept-language' => 'zh-CN,zh;q=0.8,zh-TW;q=0.7,zh-HK;q=0.5,en-US;q=0.3,en;q=0.2',
  'accept-encoding' => 'gzip, deflate',
  'connection' => 'keep-alive',
  'upgrade-insecure-requests' => '1',
)
[ info ] [ PARAM ] array (
)
[ info ] [ RUN ] app\index\controller\Index->index[ C:\wamp\www\new\application\index\controller\Index.php ]
[ info ] [ DB ] INIT mysql
[ info ] [ VIEW ] C:\wamp\www\new\public/../application/index\view\index\index.html [ array (
  0 => 'data',
) ]
[ info ] [ BEHAVIOR ] Run app\index\behavior\WriteHtmlCacheBehavior @view_filter [ RunTime:0.081492s ]
[ info ] [ LOG ] INIT File
[ sql ] [ DB ] CONNECT:[ UseTime:1.050134s ] mysql:dbname=vfxcity;host=127.0.0.1;charset=utf8
[ sql ] [ SQL ] SHOW COLUMNS FROM `cate` [ RunTime:0.555379s ]
[ sql ] [ SQL ] SELECT * FROM `cate` WHERE  `pid` = 0 [ RunTime:0.002659s ]
---------------------------------------------------------------
[ 2018-12-11T15:34:19+08:00 ] ::1 ::1 GET /new/public/
[ info ] localhost/new/public/ [运行时间：24.347894s][吞吐率：0.04req/s] [内存消耗：2,879.39kb] [文件加载：56]
[ info ] [ BEHAVIOR ] Run app\index\behavior\ReadHtmlCacheBehavior @app_init [ RunTime:0.768327s ]
[ info ] [ LANG ] C:\wamp\www\new\thinkphp\lang\zh-cn.php
[ info ] [ ROUTE ] array (
  'type' => 'module',
  'module' => 
  array (
    0 => '',
    1 => NULL,
    2 => NULL,
  ),
)
[ info ] [ HEADER ] array (
  'host' => 'localhost',
  'user-agent' => 'Mozilla/5.0 (Windows NT 10.0; Win64; x64; rv:63.0) Gecko/20100101 Firefox/63.0',
  'accept' => 'text/html,application/xhtml+xml,application/xml;q=0.9,*/*;q=0.8',
  'accept-language' => 'zh-CN,zh;q=0.8,zh-TW;q=0.7,zh-HK;q=0.5,en-US;q=0.3,en;q=0.2',
  'accept-encoding' => 'gzip, deflate',
  'connection' => 'keep-alive',
  'cookie' => 'XDEBUG_SESSION=PHPSTORM',
  'upgrade-insecure-requests' => '1',
)
[ info ] [ PARAM ] array (
)
[ info ] [ RUN ] app\index\controller\Index->index[ C:\wamp\www\new\application\index\controller\Index.php ]
[ info ] [ DB ] INIT mysql
[ info ] [ VIEW ] C:\wamp\www\new\public/../application/index\view\index\index.html [ array (
  0 => 'data',
) ]
[ info ] [ BEHAVIOR ] Run app\index\behavior\WriteHtmlCacheBehavior @view_filter [ RunTime:0.578020s ]
[ info ] [ LOG ] INIT File
[ sql ] [ DB ] CONNECT:[ UseTime:2.930293s ] mysql:dbname=vfxcity;host=127.0.0.1;charset=utf8
[ sql ] [ SQL ] SHOW COLUMNS FROM `cate` [ RunTime:2.911256s ]
[ sql ] [ SQL ] SELECT * FROM `cate` WHERE  `pid` = 0 [ RunTime:0.261099s ]
---------------------------------------------------------------
[ 2018-12-11T16:54:11+08:00 ] 127.0.0.1 127.0.0.1 GET /Admin
[ info ] qiaoce.com/Admin [运行时间：9.331717s][吞吐率：0.11req/s] [内存消耗：2,059.01kb] [文件加载：49]
[ info ] [ BEHAVIOR ] Run app\index\behavior\ReadHtmlCacheBehavior @app_init [ RunTime:0.106550s ]
[ info ] [ LANG ] C:\wamp\www\new\thinkphp\lang\zh-cn.php
[ info ] [ ROUTE ] array (
  'type' => 'module',
  'module' => 
  array (
    0 => 'Admin',
    1 => NULL,
    2 => NULL,
  ),
)
[ info ] [ HEADER ] array (
  'host' => 'qiaoce.com',
  'user-agent' => 'Mozilla/5.0 (Windows NT 10.0; Win64; x64; rv:63.0) Gecko/20100101 Firefox/63.0',
  'accept' => 'text/html,application/xhtml+xml,application/xml;q=0.9,*/*;q=0.8',
  'accept-language' => 'zh-CN,zh;q=0.8,zh-TW;q=0.7,zh-HK;q=0.5,en-US;q=0.3,en;q=0.2',
  'accept-encoding' => 'gzip, deflate',
  'connection' => 'keep-alive',
  'upgrade-insecure-requests' => '1',
)
[ info ] [ PARAM ] array (
)
[ info ] [ RUN ] app\admin\controller\Index->index[ C:\wamp\www\new\application\admin\controller\Index.php ]
[ info ] [ VIEW ] C:\wamp\www\new\public/../application/admin\view\index\index2.html [ array (
) ]
[ info ] [ BEHAVIOR ] Run app\index\behavior\WriteHtmlCacheBehavior @view_filter [ RunTime:0.184278s ]
[ info ] [ LOG ] INIT File
---------------------------------------------------------------
[ 2018-12-11T16:54:19+08:00 ] 127.0.0.1 127.0.0.1 GET /Admin/index.php
[ info ] qiaoce.com/Admin/index.php [运行时间：3.916924s][吞吐率：0.26req/s] [内存消耗：1,689.55kb] [文件加载：42]
[ info ] [ BEHAVIOR ] Run app\index\behavior\ReadHtmlCacheBehavior @app_init [ RunTime:0.001005s ]
[ info ] [ LANG ] C:\wamp\www\new\thinkphp\lang\zh-cn.php
[ info ] [ ROUTE ] array (
  'type' => 'module',
  'module' => 
  array (
    0 => 'Admin',
    1 => 'index.php',
    2 => NULL,
  ),
)
[ info ] [ HEADER ] array (
  'host' => 'qiaoce.com',
  'user-agent' => 'Mozilla/5.0 (Windows NT 10.0; Win64; x64; rv:63.0) Gecko/20100101 Firefox/63.0',
  'accept' => 'text/html,application/xhtml+xml,application/xml;q=0.9,*/*;q=0.8',
  'accept-language' => 'zh-CN,zh;q=0.8,zh-TW;q=0.7,zh-HK;q=0.5,en-US;q=0.3,en;q=0.2',
  'accept-encoding' => 'gzip, deflate',
  'connection' => 'keep-alive',
  'upgrade-insecure-requests' => '1',
)
[ info ] [ PARAM ] array (
)
[ info ] [ LOG ] INIT File
---------------------------------------------------------------
[ 2018-12-11T16:54:38+08:00 ] 127.0.0.1 127.0.0.1 GET /Admin/index.php
[ info ] qiaoce.com/Admin/index.php [运行时间：0.734014s][吞吐率：1.36req/s] [内存消耗：1,689.70kb] [文件加载：42]
[ info ] [ BEHAVIOR ] Run app\index\behavior\ReadHtmlCacheBehavior @app_init [ RunTime:0.131990s ]
[ info ] [ LANG ] C:\wamp\www\new\thinkphp\lang\zh-cn.php
[ info ] [ ROUTE ] array (
  'type' => 'module',
  'module' => 
  array (
    0 => 'Admin',
    1 => 'index.php',
    2 => NULL,
  ),
)
[ info ] [ HEADER ] array (
  'host' => 'qiaoce.com',
  'user-agent' => 'Mozilla/5.0 (Windows NT 10.0; Win64; x64; rv:63.0) Gecko/20100101 Firefox/63.0',
  'accept' => 'text/html,application/xhtml+xml,application/xml;q=0.9,*/*;q=0.8',
  'accept-language' => 'zh-CN,zh;q=0.8,zh-TW;q=0.7,zh-HK;q=0.5,en-US;q=0.3,en;q=0.2',
  'accept-encoding' => 'gzip, deflate',
  'connection' => 'keep-alive',
  'upgrade-insecure-requests' => '1',
  'cache-control' => 'max-age=0',
)
[ info ] [ PARAM ] array (
)
[ info ] [ LOG ] INIT File
---------------------------------------------------------------
[ 2018-12-11T16:54:47+08:00 ] 127.0.0.1 127.0.0.1 GET /Admin/
[ info ] qiaoce.com/Admin/ [运行时间：0.622995s][吞吐率：1.61req/s] [内存消耗：2,059.01kb] [文件加载：49]
[ info ] [ BEHAVIOR ] Run app\index\behavior\ReadHtmlCacheBehavior @app_init [ RunTime:0.001245s ]
[ info ] [ LANG ] C:\wamp\www\new\thinkphp\lang\zh-cn.php
[ info ] [ ROUTE ] array (
  'type' => 'module',
  'module' => 
  array (
    0 => 'Admin',
    1 => NULL,
    2 => NULL,
  ),
)
[ info ] [ HEADER ] array (
  'host' => 'qiaoce.com',
  'user-agent' => 'Mozilla/5.0 (Windows NT 10.0; Win64; x64; rv:63.0) Gecko/20100101 Firefox/63.0',
  'accept' => 'text/html,application/xhtml+xml,application/xml;q=0.9,*/*;q=0.8',
  'accept-language' => 'zh-CN,zh;q=0.8,zh-TW;q=0.7,zh-HK;q=0.5,en-US;q=0.3,en;q=0.2',
  'accept-encoding' => 'gzip, deflate',
  'connection' => 'keep-alive',
  'upgrade-insecure-requests' => '1',
)
[ info ] [ PARAM ] array (
)
[ info ] [ RUN ] app\admin\controller\Index->index[ C:\wamp\www\new\application\admin\controller\Index.php ]
[ info ] [ VIEW ] C:\wamp\www\new\public/../application/admin\view\index\index2.html [ array (
) ]
[ info ] [ BEHAVIOR ] Run app\index\behavior\WriteHtmlCacheBehavior @view_filter [ RunTime:0.579554s ]
[ info ] [ LOG ] INIT File
---------------------------------------------------------------
[ 2018-12-11T16:54:52+08:00 ] 127.0.0.1 127.0.0.1 GET /Admin/lib/jquery.contextmenu/jquery.contextmenu.r2.js
[ info ] qiaoce.com/Admin/lib/jquery.contextmenu/jquery.contextmenu.r2.js [运行时间：0.263535s][吞吐率：3.79req/s] [内存消耗：1,689.52kb] [文件加载：42]
[ info ] [ BEHAVIOR ] Run app\index\behavior\ReadHtmlCacheBehavior @app_init [ RunTime:0.003437s ]
[ info ] [ LANG ] C:\wamp\www\new\thinkphp\lang\zh-cn.php
[ info ] [ ROUTE ] array (
  'type' => 'module',
  'module' => 
  array (
    0 => 'Admin',
    1 => 'lib',
    2 => 'jquery.contextmenu',
  ),
)
[ info ] [ HEADER ] array (
  'host' => 'qiaoce.com',
  'user-agent' => 'Mozilla/5.0 (Windows NT 10.0; Win64; x64; rv:63.0) Gecko/20100101 Firefox/63.0',
  'accept' => '*/*',
  'accept-language' => 'zh-CN,zh;q=0.8,zh-TW;q=0.7,zh-HK;q=0.5,en-US;q=0.3,en;q=0.2',
  'accept-encoding' => 'gzip, deflate',
  'referer' => 'http://qiaoce.com/Admin/',
  'connection' => 'keep-alive',
)
[ info ] [ PARAM ] array (
)
[ info ] [ LOG ] INIT File
---------------------------------------------------------------
[ 2018-12-11T16:54:53+08:00 ] 127.0.0.1 127.0.0.1 GET /admin/index/welcome.html
[ info ] qiaoce.com/admin/index/welcome.html [运行时间：1.827240s][吞吐率：0.55req/s] [内存消耗：1,986.31kb] [文件加载：48]
[ info ] [ BEHAVIOR ] Run app\index\behavior\ReadHtmlCacheBehavior @app_init [ RunTime:0.186113s ]
[ info ] [ LANG ] C:\wamp\www\new\thinkphp\lang\zh-cn.php
[ info ] [ ROUTE ] array (
  'type' => 'module',
  'module' => 
  array (
    0 => 'admin',
    1 => 'index',
    2 => 'welcome',
  ),
)
[ info ] [ HEADER ] array (
  'host' => 'qiaoce.com',
  'user-agent' => 'Mozilla/5.0 (Windows NT 10.0; Win64; x64; rv:63.0) Gecko/20100101 Firefox/63.0',
  'accept' => 'text/html,application/xhtml+xml,application/xml;q=0.9,*/*;q=0.8',
  'accept-language' => 'zh-CN,zh;q=0.8,zh-TW;q=0.7,zh-HK;q=0.5,en-US;q=0.3,en;q=0.2',
  'accept-encoding' => 'gzip, deflate',
  'referer' => 'http://qiaoce.com/Admin/',
  'connection' => 'keep-alive',
  'upgrade-insecure-requests' => '1',
)
[ info ] [ PARAM ] array (
)
[ info ] [ RUN ] app\admin\controller\Index->welcome[ C:\wamp\www\new\application\admin\controller\Index.php ]
[ info ] [ VIEW ] C:\wamp\www\new\public/../application/admin\view\index\welcome.html [ array (
) ]
[ info ] [ BEHAVIOR ] Run app\index\behavior\WriteHtmlCacheBehavior @view_filter [ RunTime:0.079636s ]
[ info ] [ LOG ] INIT File
---------------------------------------------------------------
[ 2018-12-11T16:54:55+08:00 ] 127.0.0.1 127.0.0.1 GET /Admin/lib/jquery.contextmenu/jquery.contextmenu.r2.js
[ info ] qiaoce.com/Admin/lib/jquery.contextmenu/jquery.contextmenu.r2.js [运行时间：0.201040s][吞吐率：4.97req/s] [内存消耗：1,689.52kb] [文件加载：42]
[ info ] [ BEHAVIOR ] Run app\index\behavior\ReadHtmlCacheBehavior @app_init [ RunTime:0.002007s ]
[ info ] [ LANG ] C:\wamp\www\new\thinkphp\lang\zh-cn.php
[ info ] [ ROUTE ] array (
  'type' => 'module',
  'module' => 
  array (
    0 => 'Admin',
    1 => 'lib',
    2 => 'jquery.contextmenu',
  ),
)
[ info ] [ HEADER ] array (
  'host' => 'qiaoce.com',
  'user-agent' => 'Mozilla/5.0 (Windows NT 10.0; Win64; x64; rv:63.0) Gecko/20100101 Firefox/63.0',
  'accept' => '*/*',
  'accept-language' => 'zh-CN,zh;q=0.8,zh-TW;q=0.7,zh-HK;q=0.5,en-US;q=0.3,en;q=0.2',
  'accept-encoding' => 'gzip, deflate',
  'referer' => 'http://qiaoce.com/Admin/',
  'connection' => 'keep-alive',
)
[ info ] [ PARAM ] array (
)
[ info ] [ LOG ] INIT File
---------------------------------------------------------------
[ 2018-12-11T16:54:56+08:00 ] 127.0.0.1 127.0.0.1 GET /Admin/index.php
[ info ] qiaoce.com/Admin/index.php [运行时间：0.572880s][吞吐率：1.75req/s] [内存消耗：1,689.84kb] [文件加载：42]
[ info ] [ BEHAVIOR ] Run app\index\behavior\ReadHtmlCacheBehavior @app_init [ RunTime:0.001573s ]
[ info ] [ LANG ] C:\wamp\www\new\thinkphp\lang\zh-cn.php
[ info ] [ ROUTE ] array (
  'type' => 'module',
  'module' => 
  array (
    0 => 'Admin',
    1 => 'index.php',
    2 => NULL,
  ),
)
[ info ] [ HEADER ] array (
  'host' => 'qiaoce.com',
  'connection' => 'keep-alive',
  'upgrade-insecure-requests' => '1',
  'user-agent' => 'Mozilla/5.0 (Windows NT 10.0; Win64; x64) AppleWebKit/537.36 (KHTML, like Gecko) Chrome/55.0.2883.87 Safari/537.36',
  'accept' => 'text/html,application/xhtml+xml,application/xml;q=0.9,image/webp,*/*;q=0.8',
  'accept-encoding' => 'gzip, deflate, sdch',
  'accept-language' => 'zh-CN,zh;q=0.8',
  'cookie' => 'Hm_lvt_765ecde8c11b85f1ac5f168fa6e6821f=1543817266',
)
[ info ] [ PARAM ] array (
)
[ info ] [ LOG ] INIT File
---------------------------------------------------------------
[ 2018-12-11T17:01:49+08:00 ] 127.0.0.1 127.0.0.1 GET /Admin/
[ info ] qiaoce.com/Admin/ [运行时间：155.852756s][吞吐率：0.01req/s] [内存消耗：1,894.49kb] [文件加载：44]
[ info ] [ BEHAVIOR ] Run app\index\behavior\ReadHtmlCacheBehavior @app_init [ RunTime:0.034079s ]
[ info ] [ LANG ] C:\wamp\www\new\thinkphp\lang\zh-cn.php
[ info ] [ ROUTE ] array (
  'type' => 'module',
  'module' => 
  array (
    0 => 'Admin',
    1 => NULL,
    2 => NULL,
  ),
)
[ info ] [ HEADER ] array (
  'host' => 'qiaoce.com',
  'user-agent' => 'Mozilla/5.0 (Windows NT 10.0; Win64; x64; rv:63.0) Gecko/20100101 Firefox/63.0',
  'accept' => 'text/html,application/xhtml+xml,application/xml;q=0.9,*/*;q=0.8',
  'accept-language' => 'zh-CN,zh;q=0.8,zh-TW;q=0.7,zh-HK;q=0.5,en-US;q=0.3,en;q=0.2',
  'accept-encoding' => 'gzip, deflate',
  'connection' => 'keep-alive',
  'cookie' => 'XDEBUG_SESSION=PHPSTORM',
  'upgrade-insecure-requests' => '1',
  'cache-control' => 'max-age=0',
)
[ info ] [ PARAM ] array (
)
[ info ] [ RUN ] app\admin\controller\Index->index[ C:\wamp\www\new\application\admin\controller\Index.php ]
[ info ] [ LOG ] INIT File
---------------------------------------------------------------
[ 2018-12-11T17:01:49+08:00 ] 127.0.0.1 127.0.0.1 GET /Admin/
[ info ] qiaoce.com/Admin/ [运行时间：0.078805s][吞吐率：12.69req/s] [内存消耗：1,885.71kb] [文件加载：44]
[ info ] [ BEHAVIOR ] Run app\index\behavior\ReadHtmlCacheBehavior @app_init [ RunTime:0.001727s ]
[ info ] [ LANG ] C:\wamp\www\new\thinkphp\lang\zh-cn.php
[ info ] [ ROUTE ] array (
  'type' => 'module',
  'module' => 
  array (
    0 => 'Admin',
    1 => NULL,
    2 => NULL,
  ),
)
[ info ] [ HEADER ] array (
  'host' => 'qiaoce.com',
  'user-agent' => 'Mozilla/5.0 (Windows NT 10.0; Win64; x64; rv:63.0) Gecko/20100101 Firefox/63.0',
  'accept' => 'text/html,application/xhtml+xml,application/xml;q=0.9,*/*;q=0.8',
  'accept-language' => 'zh-CN,zh;q=0.8,zh-TW;q=0.7,zh-HK;q=0.5,en-US;q=0.3,en;q=0.2',
  'accept-encoding' => 'gzip, deflate',
  'connection' => 'keep-alive',
  'cookie' => 'XDEBUG_SESSION=PHPSTORM',
  'upgrade-insecure-requests' => '1',
  'cache-control' => 'max-age=0',
)
[ info ] [ PARAM ] array (
)
[ info ] [ RUN ] app\admin\controller\Index->index[ C:\wamp\www\new\application\admin\controller\Index.php ]
[ info ] [ LOG ] INIT File
---------------------------------------------------------------
[ 2018-12-11T17:01:56+08:00 ] 127.0.0.1 127.0.0.1 GET /Admin/
[ info ] qiaoce.com/Admin/ [运行时间：0.040277s][吞吐率：24.83req/s] [内存消耗：1,885.71kb] [文件加载：44]
[ info ] [ BEHAVIOR ] Run app\index\behavior\ReadHtmlCacheBehavior @app_init [ RunTime:0.001182s ]
[ info ] [ LANG ] C:\wamp\www\new\thinkphp\lang\zh-cn.php
[ info ] [ ROUTE ] array (
  'type' => 'module',
  'module' => 
  array (
    0 => 'Admin',
    1 => NULL,
    2 => NULL,
  ),
)
[ info ] [ HEADER ] array (
  'host' => 'qiaoce.com',
  'user-agent' => 'Mozilla/5.0 (Windows NT 10.0; Win64; x64; rv:63.0) Gecko/20100101 Firefox/63.0',
  'accept' => 'text/html,application/xhtml+xml,application/xml;q=0.9,*/*;q=0.8',
  'accept-language' => 'zh-CN,zh;q=0.8,zh-TW;q=0.7,zh-HK;q=0.5,en-US;q=0.3,en;q=0.2',
  'accept-encoding' => 'gzip, deflate',
  'connection' => 'keep-alive',
  'cookie' => 'XDEBUG_SESSION=PHPSTORM',
  'upgrade-insecure-requests' => '1',
  'cache-control' => 'max-age=0',
)
[ info ] [ PARAM ] array (
)
[ info ] [ RUN ] app\admin\controller\Index->index[ C:\wamp\www\new\application\admin\controller\Index.php ]
[ info ] [ LOG ] INIT File
---------------------------------------------------------------
[ 2018-12-11T17:02:08+08:00 ] 127.0.0.1 127.0.0.1 GET /Admin/
[ info ] qiaoce.com/Admin/ [运行时间：5.753605s][吞吐率：0.17req/s] [内存消耗：1,892.01kb] [文件加载：44]
[ info ] [ BEHAVIOR ] Run app\index\behavior\ReadHtmlCacheBehavior @app_init [ RunTime:0.001136s ]
[ info ] [ LANG ] C:\wamp\www\new\thinkphp\lang\zh-cn.php
[ info ] [ ROUTE ] array (
  'type' => 'module',
  'module' => 
  array (
    0 => 'Admin',
    1 => NULL,
    2 => NULL,
  ),
)
[ info ] [ HEADER ] array (
  'host' => 'qiaoce.com',
  'user-agent' => 'Mozilla/5.0 (Windows NT 10.0; Win64; x64; rv:63.0) Gecko/20100101 Firefox/63.0',
  'accept' => 'text/html,application/xhtml+xml,application/xml;q=0.9,*/*;q=0.8',
  'accept-language' => 'zh-CN,zh;q=0.8,zh-TW;q=0.7,zh-HK;q=0.5,en-US;q=0.3,en;q=0.2',
  'accept-encoding' => 'gzip, deflate',
  'connection' => 'keep-alive',
  'cookie' => 'XDEBUG_SESSION=PHPSTORM',
  'upgrade-insecure-requests' => '1',
  'cache-control' => 'max-age=0',
)
[ info ] [ PARAM ] array (
)
[ info ] [ RUN ] app\admin\controller\Index->index[ C:\wamp\www\new\application\admin\controller\Index.php ]
[ info ] [ LOG ] INIT File
---------------------------------------------------------------
[ 2018-12-11T17:03:23+08:00 ] 127.0.0.1 127.0.0.1 GET /Admin/
[ info ] qiaoce.com/Admin/ [运行时间：45.054894s][吞吐率：0.02req/s] [内存消耗：1,912.63kb] [文件加载：44]
[ info ] [ BEHAVIOR ] Run app\index\behavior\ReadHtmlCacheBehavior @app_init [ RunTime:0.001159s ]
[ info ] [ LANG ] C:\wamp\www\new\thinkphp\lang\zh-cn.php
[ info ] [ ROUTE ] array (
  'type' => 'module',
  'module' => 
  array (
    0 => 'Admin',
    1 => NULL,
    2 => NULL,
  ),
)
[ info ] [ HEADER ] array (
  'host' => 'qiaoce.com',
  'user-agent' => 'Mozilla/5.0 (Windows NT 10.0; Win64; x64; rv:63.0) Gecko/20100101 Firefox/63.0',
  'accept' => 'text/html,application/xhtml+xml,application/xml;q=0.9,*/*;q=0.8',
  'accept-language' => 'zh-CN,zh;q=0.8,zh-TW;q=0.7,zh-HK;q=0.5,en-US;q=0.3,en;q=0.2',
  'accept-encoding' => 'gzip, deflate',
  'connection' => 'keep-alive',
  'cookie' => 'XDEBUG_SESSION=PHPSTORM',
  'upgrade-insecure-requests' => '1',
  'cache-control' => 'max-age=0',
)
[ info ] [ PARAM ] array (
)
[ info ] [ RUN ] app\admin\controller\Index->index[ C:\wamp\www\new\application\admin\controller\Index.php ]
[ info ] [ LOG ] INIT File
