---------------------------------------------------------------
[ 2018-11-26T17:21:21+08:00 ] 127.0.0.1 127.0.0.1 GET /
[ info ] qiaoce.com/ [运行时间：2.827198s][吞吐率：0.35req/s] [内存消耗：3,047.16kb] [文件加载：58]
[ info ] [ BEHAVIOR ] Run app\index\behavior\ReadHtmlCacheBehavior @app_init [ RunTime:0.068471s ]
[ info ] [ LANG ] C:\wamp\www\new\thinkphp\lang\zh-cn.php
[ info ] [ ROUTE ] array (
  'type' => 'module',
  'module' => 
  array (
    0 => '',
    1 => NULL,
    2 => NULL,
  ),
)
[ info ] [ HEADER ] array (
  'host' => 'qiaoce.com',
  'user-agent' => 'Mozilla/5.0 (Windows NT 10.0; WOW64; rv:56.0) Gecko/20100101 Firefox/56.0',
  'accept' => 'text/html,application/xhtml+xml,application/xml;q=0.9,*/*;q=0.8',
  'accept-language' => 'zh-CN,zh;q=0.8,zh-TW;q=0.7,zh-HK;q=0.5,en-US;q=0.3,en;q=0.2',
  'accept-encoding' => 'gzip, deflate',
  'connection' => 'keep-alive',
  'upgrade-insecure-requests' => '1',
)
[ info ] [ PARAM ] array (
)
[ info ] [ RUN ] app\index\controller\Index->index[ C:\wamp\www\new\application\index\controller\Index.php ]
[ info ] [ DB ] INIT mysql
[ info ] [ VIEW ] C:\wamp\www\new\public/../application/index\view\index\index.html [ array (
  0 => 'data',
) ]
[ info ] [ BEHAVIOR ] Run app\index\behavior\WriteHtmlCacheBehavior @view_filter [ RunTime:0.035912s ]
[ info ] [ LOG ] INIT File
[ sql ] [ DB ] CONNECT:[ UseTime:0.001377s ] mysql:dbname=vfxcity;host=127.0.0.1;charset=utf8
[ sql ] [ SQL ] SHOW COLUMNS FROM `cate` [ RunTime:0.036744s ]
[ sql ] [ SQL ] SELECT * FROM `cate` WHERE  `pid` = 0 [ RunTime:0.000425s ]
---------------------------------------------------------------
[ 2018-11-26T17:21:26+08:00 ] 127.0.0.1 127.0.0.1 GET /index/news/news.html
[ info ] qiaoce.com/index/news/news.html [运行时间：0.362249s][吞吐率：2.76req/s] [内存消耗：3,498.16kb] [文件加载：60]
[ info ] [ BEHAVIOR ] Run app\index\behavior\ReadHtmlCacheBehavior @app_init [ RunTime:0.001301s ]
[ info ] [ LANG ] C:\wamp\www\new\thinkphp\lang\zh-cn.php
[ info ] [ ROUTE ] array (
  'type' => 'module',
  'module' => 
  array (
    0 => 'index',
    1 => 'news',
    2 => 'news',
  ),
)
[ info ] [ HEADER ] array (
  'host' => 'qiaoce.com',
  'user-agent' => 'Mozilla/5.0 (Windows NT 10.0; WOW64; rv:56.0) Gecko/20100101 Firefox/56.0',
  'accept' => 'text/html,application/xhtml+xml,application/xml;q=0.9,*/*;q=0.8',
  'accept-language' => 'zh-CN,zh;q=0.8,zh-TW;q=0.7,zh-HK;q=0.5,en-US;q=0.3,en;q=0.2',
  'accept-encoding' => 'gzip, deflate',
  'referer' => 'http://qiaoce.com/',
  'connection' => 'keep-alive',
  'upgrade-insecure-requests' => '1',
)
[ info ] [ PARAM ] array (
)
[ info ] [ DB ] INIT mysql
[ info ] [ RUN ] app\index\controller\News->news[ C:\wamp\www\new\application\index\controller\News.php ]
[ info ] [ VIEW ] C:\wamp\www\new\public/../application/index\view\news\news.html [ array (
  0 => 'data',
  1 => 'code',
) ]
[ info ] [ BEHAVIOR ] Run app\index\behavior\WriteHtmlCacheBehavior @view_filter [ RunTime:0.002482s ]
[ info ] [ LOG ] INIT File
[ sql ] [ DB ] CONNECT:[ UseTime:0.001042s ] mysql:dbname=vfxcity;host=127.0.0.1;charset=utf8
[ sql ] [ SQL ] SHOW COLUMNS FROM `cate` [ RunTime:0.043823s ]
[ sql ] [ SQL ] SELECT * FROM `cate` WHERE  `pid` = 0 [ RunTime:0.000369s ]
[ sql ] [ SQL ] SELECT * FROM `cate` WHERE  `pid` = 1 [ RunTime:0.000276s ]
[ sql ] [ SQL ] SELECT * FROM `cate` WHERE  `pid` = 2 [ RunTime:0.000253s ]
[ sql ] [ SQL ] SELECT * FROM `cate` WHERE  `pid` = 7 [ RunTime:0.000270s ]
[ sql ] [ SQL ] SELECT * FROM `cate` WHERE  `pid` = 17 [ RunTime:0.000334s ]
[ sql ] [ SQL ] SELECT * FROM `cate` WHERE  `pid` = 25 [ RunTime:0.000268s ]
[ sql ] [ SQL ] SELECT * FROM `cate` WHERE  `pid` = 28 [ RunTime:0.000563s ]
[ sql ] [ SQL ] SELECT * FROM `cate` WHERE  `pid` = 29 [ RunTime:0.000346s ]
[ sql ] [ SQL ] SELECT * FROM `cate` WHERE  `pid` = 30 [ RunTime:0.000284s ]
[ sql ] [ SQL ] SELECT * FROM `cate` WHERE  `pid` = 33 [ RunTime:0.000356s ]
[ sql ] [ SQL ] SELECT * FROM `cate` WHERE  `name` = '新闻中心' LIMIT 1 [ RunTime:0.000377s ]
[ sql ] [ SQL ] SELECT * FROM `cate` WHERE  `pid` = 30 [ RunTime:0.000301s ]
---------------------------------------------------------------
[ 2018-11-26T17:21:27+08:00 ] 127.0.0.1 127.0.0.1 GET /index/news/service.html?link=%E5%9F%BA%E5%9C%B0%E8%B5%84%E8%AE%AF
[ info ] qiaoce.com/index/news/service.html?link=%E5%9F%BA%E5%9C%B0%E8%B5%84%E8%AE%AF [运行时间：0.886064s][吞吐率：1.13req/s] [内存消耗：3,307.60kb] [文件加载：58]
[ info ] [ BEHAVIOR ] Run app\index\behavior\ReadHtmlCacheBehavior @app_init [ RunTime:0.001773s ]
[ info ] [ LANG ] C:\wamp\www\new\thinkphp\lang\zh-cn.php
[ info ] [ ROUTE ] array (
  'type' => 'module',
  'module' => 
  array (
    0 => 'index',
    1 => 'news',
    2 => 'service',
  ),
)
[ info ] [ HEADER ] array (
  'host' => 'qiaoce.com',
  'user-agent' => 'Mozilla/5.0 (Windows NT 10.0; WOW64; rv:56.0) Gecko/20100101 Firefox/56.0',
  'accept' => 'application/json, text/javascript, */*; q=0.01',
  'accept-language' => 'zh-CN,zh;q=0.8,zh-TW;q=0.7,zh-HK;q=0.5,en-US;q=0.3,en;q=0.2',
  'accept-encoding' => 'gzip, deflate',
  'referer' => 'http://qiaoce.com/index/news/news.html',
  'x-requested-with' => 'XMLHttpRequest',
  'connection' => 'keep-alive',
)
[ info ] [ PARAM ] array (
  'link' => '基地资讯',
)
[ info ] [ DB ] INIT mysql
[ info ] [ RUN ] app\index\controller\News->service[ C:\wamp\www\new\application\index\controller\News.php ]
[ info ] [ LOG ] INIT File
[ sql ] [ DB ] CONNECT:[ UseTime:0.000933s ] mysql:dbname=vfxcity;host=127.0.0.1;charset=utf8
[ sql ] [ SQL ] SHOW COLUMNS FROM `cate` [ RunTime:0.110034s ]
[ sql ] [ SQL ] SELECT * FROM `cate` WHERE  `pid` = 0 [ RunTime:0.000346s ]
[ sql ] [ SQL ] SELECT * FROM `cate` WHERE  `pid` = 1 [ RunTime:0.000301s ]
[ sql ] [ SQL ] SELECT * FROM `cate` WHERE  `pid` = 2 [ RunTime:0.000255s ]
[ sql ] [ SQL ] SELECT * FROM `cate` WHERE  `pid` = 7 [ RunTime:0.000323s ]
[ sql ] [ SQL ] SELECT * FROM `cate` WHERE  `pid` = 17 [ RunTime:0.000320s ]
[ sql ] [ SQL ] SELECT * FROM `cate` WHERE  `pid` = 25 [ RunTime:0.000237s ]
[ sql ] [ SQL ] SELECT * FROM `cate` WHERE  `pid` = 28 [ RunTime:0.000289s ]
[ sql ] [ SQL ] SELECT * FROM `cate` WHERE  `pid` = 29 [ RunTime:0.000278s ]
[ sql ] [ SQL ] SELECT * FROM `cate` WHERE  `pid` = 30 [ RunTime:0.000298s ]
[ sql ] [ SQL ] SELECT * FROM `cate` WHERE  `pid` = 33 [ RunTime:0.000361s ]
[ sql ] [ SQL ] SHOW COLUMNS FROM `article` [ RunTime:0.114255s ]
[ sql ] [ SQL ] SELECT `id`,`title`,`thumb_img`,`img_time`,`classify` FROM `article` WHERE  `classify` = '0' ORDER BY id desc LIMIT 0,6 [ RunTime:0.000441s ]
---------------------------------------------------------------
[ 2018-11-26T17:21:34+08:00 ] 127.0.0.1 127.0.0.1 GET /index/news/more_news/id/0.html
[ info ] qiaoce.com/index/news/more_news/id/0.html [运行时间：0.463443s][吞吐率：2.16req/s] [内存消耗：3,513.87kb] [文件加载：60]
[ info ] [ BEHAVIOR ] Run app\index\behavior\ReadHtmlCacheBehavior @app_init [ RunTime:0.001232s ]
[ info ] [ LANG ] C:\wamp\www\new\thinkphp\lang\zh-cn.php
[ info ] [ ROUTE ] array (
  'type' => 'module',
  'module' => 
  array (
    0 => 'index',
    1 => 'news',
    2 => 'more_news',
  ),
)
[ info ] [ HEADER ] array (
  'host' => 'qiaoce.com',
  'user-agent' => 'Mozilla/5.0 (Windows NT 10.0; WOW64; rv:56.0) Gecko/20100101 Firefox/56.0',
  'accept' => 'text/html,application/xhtml+xml,application/xml;q=0.9,*/*;q=0.8',
  'accept-language' => 'zh-CN,zh;q=0.8,zh-TW;q=0.7,zh-HK;q=0.5,en-US;q=0.3,en;q=0.2',
  'accept-encoding' => 'gzip, deflate',
  'referer' => 'http://qiaoce.com/index/news/news.html',
  'connection' => 'keep-alive',
  'upgrade-insecure-requests' => '1',
)
[ info ] [ PARAM ] array (
  'id' => '0',
)
[ info ] [ DB ] INIT mysql
[ info ] [ RUN ] app\index\controller\News->more_news[ C:\wamp\www\new\application\index\controller\News.php ]
[ info ] [ VIEW ] C:\wamp\www\new\public/../application/index\view\news\more_news.html [ array (
  0 => 'data',
  1 => 'code',
) ]
[ info ] [ BEHAVIOR ] Run app\index\behavior\WriteHtmlCacheBehavior @view_filter [ RunTime:0.031666s ]
[ info ] [ LOG ] INIT File
[ sql ] [ DB ] CONNECT:[ UseTime:0.000977s ] mysql:dbname=vfxcity;host=127.0.0.1;charset=utf8
[ sql ] [ SQL ] SHOW COLUMNS FROM `cate` [ RunTime:0.030314s ]
[ sql ] [ SQL ] SELECT * FROM `cate` WHERE  `pid` = 0 [ RunTime:0.000328s ]
[ sql ] [ SQL ] SELECT * FROM `cate` WHERE  `pid` = 1 [ RunTime:0.000224s ]
[ sql ] [ SQL ] SELECT * FROM `cate` WHERE  `pid` = 2 [ RunTime:0.000223s ]
[ sql ] [ SQL ] SELECT * FROM `cate` WHERE  `pid` = 7 [ RunTime:0.000223s ]
[ sql ] [ SQL ] SELECT * FROM `cate` WHERE  `pid` = 17 [ RunTime:0.000223s ]
[ sql ] [ SQL ] SELECT * FROM `cate` WHERE  `pid` = 25 [ RunTime:0.000214s ]
[ sql ] [ SQL ] SELECT * FROM `cate` WHERE  `pid` = 28 [ RunTime:0.000255s ]
[ sql ] [ SQL ] SELECT * FROM `cate` WHERE  `pid` = 29 [ RunTime:0.000372s ]
[ sql ] [ SQL ] SELECT * FROM `cate` WHERE  `pid` = 30 [ RunTime:0.000550s ]
[ sql ] [ SQL ] SELECT * FROM `cate` WHERE  `pid` = 33 [ RunTime:0.000364s ]
[ sql ] [ SQL ] SHOW COLUMNS FROM `article` [ RunTime:0.130192s ]
[ sql ] [ SQL ] SELECT `id`,`title`,`img_time`,`thumb_img`,`time` FROM `article` WHERE  `classify` = '0' ORDER BY id desc LIMIT 0,6 [ RunTime:0.000504s ]
---------------------------------------------------------------
[ 2018-11-26T17:21:48+08:00 ] 127.0.0.1 127.0.0.1 GET /index/news/more_news/id/0.html
[ info ] qiaoce.com/index/news/more_news/id/0.html [运行时间：0.442699s][吞吐率：2.26req/s] [内存消耗：3,514.10kb] [文件加载：60]
[ info ] [ BEHAVIOR ] Run app\index\behavior\ReadHtmlCacheBehavior @app_init [ RunTime:0.001306s ]
[ info ] [ LANG ] C:\wamp\www\new\thinkphp\lang\zh-cn.php
[ info ] [ ROUTE ] array (
  'type' => 'module',
  'module' => 
  array (
    0 => 'index',
    1 => 'news',
    2 => 'more_news',
  ),
)
[ info ] [ HEADER ] array (
  'host' => 'qiaoce.com',
  'user-agent' => 'Mozilla/5.0 (Windows NT 10.0; WOW64; rv:56.0) Gecko/20100101 Firefox/56.0',
  'accept' => 'text/html,application/xhtml+xml,application/xml;q=0.9,*/*;q=0.8',
  'accept-language' => 'zh-CN,zh;q=0.8,zh-TW;q=0.7,zh-HK;q=0.5,en-US;q=0.3,en;q=0.2',
  'accept-encoding' => 'gzip, deflate',
  'referer' => 'http://qiaoce.com/index/news/news.html',
  'connection' => 'keep-alive',
  'upgrade-insecure-requests' => '1',
  'cache-control' => 'max-age=0',
)
[ info ] [ PARAM ] array (
  'id' => '0',
)
[ info ] [ DB ] INIT mysql
[ info ] [ RUN ] app\index\controller\News->more_news[ C:\wamp\www\new\application\index\controller\News.php ]
[ info ] [ VIEW ] C:\wamp\www\new\public/../application/index\view\news\more_news.html [ array (
  0 => 'data',
  1 => 'code',
) ]
[ info ] [ BEHAVIOR ] Run app\index\behavior\WriteHtmlCacheBehavior @view_filter [ RunTime:0.047154s ]
[ info ] [ LOG ] INIT File
[ sql ] [ DB ] CONNECT:[ UseTime:0.001099s ] mysql:dbname=vfxcity;host=127.0.0.1;charset=utf8
[ sql ] [ SQL ] SHOW COLUMNS FROM `cate` [ RunTime:0.038077s ]
[ sql ] [ SQL ] SELECT * FROM `cate` WHERE  `pid` = 0 [ RunTime:0.000307s ]
[ sql ] [ SQL ] SELECT * FROM `cate` WHERE  `pid` = 1 [ RunTime:0.000181s ]
[ sql ] [ SQL ] SELECT * FROM `cate` WHERE  `pid` = 2 [ RunTime:0.000171s ]
[ sql ] [ SQL ] SELECT * FROM `cate` WHERE  `pid` = 7 [ RunTime:0.000277s ]
[ sql ] [ SQL ] SELECT * FROM `cate` WHERE  `pid` = 17 [ RunTime:0.000400s ]
[ sql ] [ SQL ] SELECT * FROM `cate` WHERE  `pid` = 25 [ RunTime:0.000259s ]
[ sql ] [ SQL ] SELECT * FROM `cate` WHERE  `pid` = 28 [ RunTime:0.000200s ]
[ sql ] [ SQL ] SELECT * FROM `cate` WHERE  `pid` = 29 [ RunTime:0.000184s ]
[ sql ] [ SQL ] SELECT * FROM `cate` WHERE  `pid` = 30 [ RunTime:0.000166s ]
[ sql ] [ SQL ] SELECT * FROM `cate` WHERE  `pid` = 33 [ RunTime:0.000178s ]
[ sql ] [ SQL ] SHOW COLUMNS FROM `article` [ RunTime:0.162364s ]
[ sql ] [ SQL ] SELECT `id`,`title`,`img_time`,`thumb_img`,`time` FROM `article` WHERE  `classify` = '0' ORDER BY id desc LIMIT 0,6 [ RunTime:0.000434s ]
---------------------------------------------------------------
[ 2018-11-26T17:21:56+08:00 ] 127.0.0.1 127.0.0.1 GET /index/news/more_news/id/0.html
[ info ] qiaoce.com/index/news/more_news/id/0.html [运行时间：0.947900s][吞吐率：1.05req/s] [内存消耗：3,514.10kb] [文件加载：60]
[ info ] [ BEHAVIOR ] Run app\index\behavior\ReadHtmlCacheBehavior @app_init [ RunTime:0.001177s ]
[ info ] [ LANG ] C:\wamp\www\new\thinkphp\lang\zh-cn.php
[ info ] [ ROUTE ] array (
  'type' => 'module',
  'module' => 
  array (
    0 => 'index',
    1 => 'news',
    2 => 'more_news',
  ),
)
[ info ] [ HEADER ] array (
  'host' => 'qiaoce.com',
  'user-agent' => 'Mozilla/5.0 (Windows NT 10.0; WOW64; rv:56.0) Gecko/20100101 Firefox/56.0',
  'accept' => 'text/html,application/xhtml+xml,application/xml;q=0.9,*/*;q=0.8',
  'accept-language' => 'zh-CN,zh;q=0.8,zh-TW;q=0.7,zh-HK;q=0.5,en-US;q=0.3,en;q=0.2',
  'accept-encoding' => 'gzip, deflate',
  'referer' => 'http://qiaoce.com/index/news/news.html',
  'connection' => 'keep-alive',
  'upgrade-insecure-requests' => '1',
  'cache-control' => 'max-age=0',
)
[ info ] [ PARAM ] array (
  'id' => '0',
)
[ info ] [ DB ] INIT mysql
[ info ] [ RUN ] app\index\controller\News->more_news[ C:\wamp\www\new\application\index\controller\News.php ]
[ info ] [ VIEW ] C:\wamp\www\new\public/../application/index\view\news\more_news.html [ array (
  0 => 'data',
  1 => 'code',
) ]
[ info ] [ BEHAVIOR ] Run app\index\behavior\WriteHtmlCacheBehavior @view_filter [ RunTime:0.273478s ]
[ info ] [ LOG ] INIT File
[ sql ] [ DB ] CONNECT:[ UseTime:0.001042s ] mysql:dbname=vfxcity;host=127.0.0.1;charset=utf8
[ sql ] [ SQL ] SHOW COLUMNS FROM `cate` [ RunTime:0.233222s ]
[ sql ] [ SQL ] SELECT * FROM `cate` WHERE  `pid` = 0 [ RunTime:0.000355s ]
[ sql ] [ SQL ] SELECT * FROM `cate` WHERE  `pid` = 1 [ RunTime:0.000253s ]
[ sql ] [ SQL ] SELECT * FROM `cate` WHERE  `pid` = 2 [ RunTime:0.000265s ]
[ sql ] [ SQL ] SELECT * FROM `cate` WHERE  `pid` = 7 [ RunTime:0.000265s ]
[ sql ] [ SQL ] SELECT * FROM `cate` WHERE  `pid` = 17 [ RunTime:0.000266s ]
[ sql ] [ SQL ] SELECT * FROM `cate` WHERE  `pid` = 25 [ RunTime:0.000272s ]
[ sql ] [ SQL ] SELECT * FROM `cate` WHERE  `pid` = 28 [ RunTime:0.000254s ]
[ sql ] [ SQL ] SELECT * FROM `cate` WHERE  `pid` = 29 [ RunTime:0.000215s ]
[ sql ] [ SQL ] SELECT * FROM `cate` WHERE  `pid` = 30 [ RunTime:0.000242s ]
[ sql ] [ SQL ] SELECT * FROM `cate` WHERE  `pid` = 33 [ RunTime:0.000217s ]
[ sql ] [ SQL ] SHOW COLUMNS FROM `article` [ RunTime:0.308812s ]
[ sql ] [ SQL ] SELECT `id`,`title`,`img_time`,`thumb_img`,`time` FROM `article` WHERE  `classify` = '0' ORDER BY id desc LIMIT 0,6 [ RunTime:0.000758s ]
---------------------------------------------------------------
[ 2018-11-26T17:22:07+08:00 ] 127.0.0.1 127.0.0.1 GET /index/news/more_news/id/0.html
[ info ] qiaoce.com/index/news/more_news/id/0.html [运行时间：0.535767s][吞吐率：1.87req/s] [内存消耗：3,514.10kb] [文件加载：60]
[ info ] [ BEHAVIOR ] Run app\index\behavior\ReadHtmlCacheBehavior @app_init [ RunTime:0.001452s ]
[ info ] [ LANG ] C:\wamp\www\new\thinkphp\lang\zh-cn.php
[ info ] [ ROUTE ] array (
  'type' => 'module',
  'module' => 
  array (
    0 => 'index',
    1 => 'news',
    2 => 'more_news',
  ),
)
[ info ] [ HEADER ] array (
  'host' => 'qiaoce.com',
  'user-agent' => 'Mozilla/5.0 (Windows NT 10.0; WOW64; rv:56.0) Gecko/20100101 Firefox/56.0',
  'accept' => 'text/html,application/xhtml+xml,application/xml;q=0.9,*/*;q=0.8',
  'accept-language' => 'zh-CN,zh;q=0.8,zh-TW;q=0.7,zh-HK;q=0.5,en-US;q=0.3,en;q=0.2',
  'accept-encoding' => 'gzip, deflate',
  'referer' => 'http://qiaoce.com/index/news/news.html',
  'connection' => 'keep-alive',
  'upgrade-insecure-requests' => '1',
  'cache-control' => 'max-age=0',
)
[ info ] [ PARAM ] array (
  'id' => '0',
)
[ info ] [ DB ] INIT mysql
[ info ] [ RUN ] app\index\controller\News->more_news[ C:\wamp\www\new\application\index\controller\News.php ]
[ info ] [ VIEW ] C:\wamp\www\new\public/../application/index\view\news\more_news.html [ array (
  0 => 'data',
  1 => 'code',
) ]
[ info ] [ BEHAVIOR ] Run app\index\behavior\WriteHtmlCacheBehavior @view_filter [ RunTime:0.039620s ]
[ info ] [ LOG ] INIT File
[ sql ] [ DB ] CONNECT:[ UseTime:0.001036s ] mysql:dbname=vfxcity;host=127.0.0.1;charset=utf8
[ sql ] [ SQL ] SHOW COLUMNS FROM `cate` [ RunTime:0.260613s ]
[ sql ] [ SQL ] SELECT * FROM `cate` WHERE  `pid` = 0 [ RunTime:0.000346s ]
[ sql ] [ SQL ] SELECT * FROM `cate` WHERE  `pid` = 1 [ RunTime:0.000288s ]
[ sql ] [ SQL ] SELECT * FROM `cate` WHERE  `pid` = 2 [ RunTime:0.000267s ]
[ sql ] [ SQL ] SELECT * FROM `cate` WHERE  `pid` = 7 [ RunTime:0.000265s ]
[ sql ] [ SQL ] SELECT * FROM `cate` WHERE  `pid` = 17 [ RunTime:0.000221s ]
[ sql ] [ SQL ] SELECT * FROM `cate` WHERE  `pid` = 25 [ RunTime:0.000260s ]
[ sql ] [ SQL ] SELECT * FROM `cate` WHERE  `pid` = 28 [ RunTime:0.000449s ]
[ sql ] [ SQL ] SELECT * FROM `cate` WHERE  `pid` = 29 [ RunTime:0.000500s ]
[ sql ] [ SQL ] SELECT * FROM `cate` WHERE  `pid` = 30 [ RunTime:0.000269s ]
[ sql ] [ SQL ] SELECT * FROM `cate` WHERE  `pid` = 33 [ RunTime:0.000222s ]
[ sql ] [ SQL ] SHOW COLUMNS FROM `article` [ RunTime:0.074342s ]
[ sql ] [ SQL ] SELECT `id`,`title`,`img_time`,`thumb_img`,`time` FROM `article` WHERE  `classify` = '0' ORDER BY id desc LIMIT 0,6 [ RunTime:0.000824s ]
---------------------------------------------------------------
[ 2018-11-26T17:22:23+08:00 ] 127.0.0.1 127.0.0.1 GET /index/news/more_news/id/0.html
[ info ] qiaoce.com/index/news/more_news/id/0.html [运行时间：0.380376s][吞吐率：2.63req/s] [内存消耗：3,514.10kb] [文件加载：60]
[ info ] [ BEHAVIOR ] Run app\index\behavior\ReadHtmlCacheBehavior @app_init [ RunTime:0.001401s ]
[ info ] [ LANG ] C:\wamp\www\new\thinkphp\lang\zh-cn.php
[ info ] [ ROUTE ] array (
  'type' => 'module',
  'module' => 
  array (
    0 => 'index',
    1 => 'news',
    2 => 'more_news',
  ),
)
[ info ] [ HEADER ] array (
  'host' => 'qiaoce.com',
  'user-agent' => 'Mozilla/5.0 (Windows NT 10.0; WOW64; rv:56.0) Gecko/20100101 Firefox/56.0',
  'accept' => 'text/html,application/xhtml+xml,application/xml;q=0.9,*/*;q=0.8',
  'accept-language' => 'zh-CN,zh;q=0.8,zh-TW;q=0.7,zh-HK;q=0.5,en-US;q=0.3,en;q=0.2',
  'accept-encoding' => 'gzip, deflate',
  'referer' => 'http://qiaoce.com/index/news/news.html',
  'connection' => 'keep-alive',
  'upgrade-insecure-requests' => '1',
  'cache-control' => 'max-age=0',
)
[ info ] [ PARAM ] array (
  'id' => '0',
)
[ info ] [ DB ] INIT mysql
[ info ] [ RUN ] app\index\controller\News->more_news[ C:\wamp\www\new\application\index\controller\News.php ]
[ info ] [ VIEW ] C:\wamp\www\new\public/../application/index\view\news\more_news.html [ array (
  0 => 'data',
  1 => 'code',
) ]
[ info ] [ BEHAVIOR ] Run app\index\behavior\WriteHtmlCacheBehavior @view_filter [ RunTime:0.099488s ]
[ info ] [ LOG ] INIT File
[ sql ] [ DB ] CONNECT:[ UseTime:0.001195s ] mysql:dbname=vfxcity;host=127.0.0.1;charset=utf8
[ sql ] [ SQL ] SHOW COLUMNS FROM `cate` [ RunTime:0.061005s ]
[ sql ] [ SQL ] SELECT * FROM `cate` WHERE  `pid` = 0 [ RunTime:0.000399s ]
[ sql ] [ SQL ] SELECT * FROM `cate` WHERE  `pid` = 1 [ RunTime:0.000343s ]
[ sql ] [ SQL ] SELECT * FROM `cate` WHERE  `pid` = 2 [ RunTime:0.000346s ]
[ sql ] [ SQL ] SELECT * FROM `cate` WHERE  `pid` = 7 [ RunTime:0.000418s ]
[ sql ] [ SQL ] SELECT * FROM `cate` WHERE  `pid` = 17 [ RunTime:0.000301s ]
[ sql ] [ SQL ] SELECT * FROM `cate` WHERE  `pid` = 25 [ RunTime:0.000270s ]
[ sql ] [ SQL ] SELECT * FROM `cate` WHERE  `pid` = 28 [ RunTime:0.000261s ]
[ sql ] [ SQL ] SELECT * FROM `cate` WHERE  `pid` = 29 [ RunTime:0.000319s ]
[ sql ] [ SQL ] SELECT * FROM `cate` WHERE  `pid` = 30 [ RunTime:0.000274s ]
[ sql ] [ SQL ] SELECT * FROM `cate` WHERE  `pid` = 33 [ RunTime:0.000272s ]
[ sql ] [ SQL ] SHOW COLUMNS FROM `article` [ RunTime:0.052144s ]
[ sql ] [ SQL ] SELECT `id`,`title`,`img_time`,`thumb_img`,`time` FROM `article` WHERE  `classify` = '0' ORDER BY id desc LIMIT 0,6 [ RunTime:0.000375s ]
---------------------------------------------------------------
[ 2018-11-26T17:22:28+08:00 ] 127.0.0.1 127.0.0.1 POST /index/news/page.html
[ info ] qiaoce.com/index/news/page.html [运行时间：0.609492s][吞吐率：1.64req/s] [内存消耗：3,262.63kb] [文件加载：56]
[ info ] [ BEHAVIOR ] Run app\index\behavior\ReadHtmlCacheBehavior @app_init [ RunTime:0.000880s ]
[ info ] [ LANG ] C:\wamp\www\new\thinkphp\lang\zh-cn.php
[ info ] [ ROUTE ] array (
  'type' => 'module',
  'module' => 
  array (
    0 => 'index',
    1 => 'news',
    2 => 'page',
  ),
)
[ info ] [ HEADER ] array (
  'host' => 'qiaoce.com',
  'user-agent' => 'Mozilla/5.0 (Windows NT 10.0; WOW64; rv:56.0) Gecko/20100101 Firefox/56.0',
  'accept' => 'application/json, text/javascript, */*; q=0.01',
  'accept-language' => 'zh-CN,zh;q=0.8,zh-TW;q=0.7,zh-HK;q=0.5,en-US;q=0.3,en;q=0.2',
  'accept-encoding' => 'gzip, deflate',
  'referer' => 'http://qiaoce.com/index/news/more_news/id/0.html',
  'content-type' => 'application/x-www-form-urlencoded; charset=UTF-8',
  'x-requested-with' => 'XMLHttpRequest',
  'content-length' => '13',
  'connection' => 'keep-alive',
)
[ info ] [ PARAM ] array (
  'page' => '1',
  'link' => '0',
)
[ info ] [ DB ] INIT mysql
[ info ] [ RUN ] app\index\controller\News->page[ C:\wamp\www\new\application\index\controller\News.php ]
[ info ] [ LOG ] INIT File
[ sql ] [ DB ] CONNECT:[ UseTime:0.001474s ] mysql:dbname=vfxcity;host=127.0.0.1;charset=utf8
[ sql ] [ SQL ] SHOW COLUMNS FROM `cate` [ RunTime:0.212187s ]
[ sql ] [ SQL ] SELECT * FROM `cate` WHERE  `pid` = 0 [ RunTime:0.000309s ]
[ sql ] [ SQL ] SELECT * FROM `cate` WHERE  `pid` = 1 [ RunTime:0.000455s ]
[ sql ] [ SQL ] SELECT * FROM `cate` WHERE  `pid` = 2 [ RunTime:0.000380s ]
[ sql ] [ SQL ] SELECT * FROM `cate` WHERE  `pid` = 7 [ RunTime:0.000300s ]
[ sql ] [ SQL ] SELECT * FROM `cate` WHERE  `pid` = 17 [ RunTime:0.000284s ]
[ sql ] [ SQL ] SELECT * FROM `cate` WHERE  `pid` = 25 [ RunTime:0.000310s ]
[ sql ] [ SQL ] SELECT * FROM `cate` WHERE  `pid` = 28 [ RunTime:0.000290s ]
[ sql ] [ SQL ] SELECT * FROM `cate` WHERE  `pid` = 29 [ RunTime:0.000257s ]
[ sql ] [ SQL ] SELECT * FROM `cate` WHERE  `pid` = 30 [ RunTime:0.000286s ]
[ sql ] [ SQL ] SELECT * FROM `cate` WHERE  `pid` = 33 [ RunTime:0.000308s ]
[ sql ] [ SQL ] SHOW COLUMNS FROM `article` [ RunTime:0.284924s ]
[ sql ] [ SQL ] SELECT COUNT(*) AS tp_count FROM `article` WHERE  `classify` = '0' LIMIT 1 [ RunTime:0.029674s ]
[ sql ] [ SQL ] SELECT `id`,`title`,`img_time`,`thumb_img`,`time` FROM `article` WHERE  `classify` = '0' ORDER BY id desc LIMIT 7,12 [ RunTime:0.000961s ]
