---------------------------------------------------------------
[ 2019-03-05T11:16:28+08:00 ] 127.0.0.1 127.0.0.1 GET /admin/
[ info ] xq_qiaoce.com/admin/ [运行时间：2.067266s][吞吐率：0.48req/s] [内存消耗：2,083.35kb] [文件加载：50]
[ info ] [ BEHAVIOR ] Run app\index\behavior\ReadHtmlCacheBehavior @app_init [ RunTime:0.044038s ]
[ info ] [ LANG ] C:\wamp\www\qiaoce\thinkphp\lang\zh-cn.php
[ info ] [ ROUTE ] array (
  'type' => 'module',
  'module' => 
  array (
    0 => 'admin',
    1 => NULL,
    2 => NULL,
  ),
)
[ info ] [ HEADER ] array (
  'host' => 'xq_qiaoce.com',
  'user-agent' => 'Mozilla/5.0 (Windows NT 10.0; Win64; x64; rv:65.0) Gecko/20100101 Firefox/65.0',
  'accept' => 'text/html,application/xhtml+xml,application/xml;q=0.9,image/webp,*/*;q=0.8',
  'accept-language' => 'zh-CN,zh;q=0.8,zh-TW;q=0.7,zh-HK;q=0.5,en-US;q=0.3,en;q=0.2',
  'accept-encoding' => 'gzip, deflate',
  'connection' => 'keep-alive',
  'upgrade-insecure-requests' => '1',
)
[ info ] [ PARAM ] array (
)
[ info ] [ SESSION ] INIT array (
  'id' => '',
  'var_session_id' => '',
  'prefix' => 'think',
  'type' => '',
  'auto_start' => true,
)
[ info ] [ LOG ] INIT File
---------------------------------------------------------------
[ 2019-03-05T11:16:29+08:00 ] 127.0.0.1 127.0.0.1 GET /admin/login/index.html
[ info ] xq_qiaoce.com/admin/login/index.html [运行时间：0.392188s][吞吐率：2.55req/s] [内存消耗：2,061.73kb] [文件加载：49]
[ info ] [ BEHAVIOR ] Run app\index\behavior\ReadHtmlCacheBehavior @app_init [ RunTime:0.001819s ]
[ info ] [ LANG ] C:\wamp\www\qiaoce\thinkphp\lang\zh-cn.php
[ info ] [ ROUTE ] array (
  'type' => 'module',
  'module' => 
  array (
    0 => 'admin',
    1 => 'login',
    2 => 'index',
  ),
)
[ info ] [ HEADER ] array (
  'host' => 'xq_qiaoce.com',
  'user-agent' => 'Mozilla/5.0 (Windows NT 10.0; Win64; x64; rv:65.0) Gecko/20100101 Firefox/65.0',
  'accept' => 'text/html,application/xhtml+xml,application/xml;q=0.9,image/webp,*/*;q=0.8',
  'accept-language' => 'zh-CN,zh;q=0.8,zh-TW;q=0.7,zh-HK;q=0.5,en-US;q=0.3,en;q=0.2',
  'accept-encoding' => 'gzip, deflate',
  'connection' => 'keep-alive',
  'cookie' => 'PHPSESSID=rntq5losds4p2fi0jt1dbmb3c6',
  'upgrade-insecure-requests' => '1',
)
[ info ] [ PARAM ] array (
)
[ info ] [ RUN ] app\admin\controller\Login->index[ C:\wamp\www\qiaoce\application\admin\controller\Login.php ]
[ info ] [ VIEW ] C:\wamp\www\qiaoce\public/../application/admin\view\login\index.html [ array (
) ]
[ info ] [ BEHAVIOR ] Run app\index\behavior\WriteHtmlCacheBehavior @view_filter [ RunTime:0.105699s ]
[ info ] [ LOG ] INIT File
---------------------------------------------------------------
[ 2019-03-05T11:16:31+08:00 ] 127.0.0.1 127.0.0.1 GET /captcha.html
[ info ] xq_qiaoce.com/captcha.html [运行时间：1.689088s][吞吐率：0.59req/s] [内存消耗：1,717.74kb] [文件加载：40]
[ info ] [ BEHAVIOR ] Run app\index\behavior\ReadHtmlCacheBehavior @app_init [ RunTime:0.036177s ]
[ info ] [ LANG ] C:\wamp\www\qiaoce\thinkphp\lang\zh-cn.php
[ info ] [ ROUTE ] array (
  'type' => 'method',
  'method' => 
  array (
    0 => '\\think\\captcha\\CaptchaController',
    1 => 'index',
  ),
  'var' => 
  array (
  ),
)
[ info ] [ HEADER ] array (
  'host' => 'xq_qiaoce.com',
  'user-agent' => 'Mozilla/5.0 (Windows NT 10.0; Win64; x64; rv:65.0) Gecko/20100101 Firefox/65.0',
  'accept' => 'image/webp,*/*',
  'accept-language' => 'zh-CN,zh;q=0.8,zh-TW;q=0.7,zh-HK;q=0.5,en-US;q=0.3,en;q=0.2',
  'accept-encoding' => 'gzip, deflate',
  'referer' => 'http://xq_qiaoce.com/admin/login/index.html',
  'connection' => 'keep-alive',
  'cookie' => 'PHPSESSID=rntq5losds4p2fi0jt1dbmb3c6',
)
[ info ] [ PARAM ] array (
  'id' => NULL,
)
[ info ] [ RUN ] think\captcha\CaptchaController->index[ C:\wamp\www\qiaoce\vendor\topthink\think-captcha\src\CaptchaController.php ]
[ info ] [ SESSION ] INIT array (
  'id' => '',
  'var_session_id' => '',
  'prefix' => 'think',
  'type' => '',
  'auto_start' => true,
)
[ info ] [ LOG ] INIT File
---------------------------------------------------------------
[ 2019-03-05T11:16:41+08:00 ] 127.0.0.1 127.0.0.1 POST /admin/login/dologin.html
[ info ] xq_qiaoce.com/admin/login/dologin.html [运行时间：0.434890s][吞吐率：2.30req/s] [内存消耗：2,077.45kb] [文件加载：50]
[ info ] [ BEHAVIOR ] Run app\index\behavior\ReadHtmlCacheBehavior @app_init [ RunTime:0.002747s ]
[ info ] [ LANG ] C:\wamp\www\qiaoce\thinkphp\lang\zh-cn.php
[ info ] [ ROUTE ] array (
  'type' => 'module',
  'module' => 
  array (
    0 => 'admin',
    1 => 'login',
    2 => 'dologin',
  ),
)
[ info ] [ HEADER ] array (
  'host' => 'xq_qiaoce.com',
  'user-agent' => 'Mozilla/5.0 (Windows NT 10.0; Win64; x64; rv:65.0) Gecko/20100101 Firefox/65.0',
  'accept' => 'text/html,application/xhtml+xml,application/xml;q=0.9,image/webp,*/*;q=0.8',
  'accept-language' => 'zh-CN,zh;q=0.8,zh-TW;q=0.7,zh-HK;q=0.5,en-US;q=0.3,en;q=0.2',
  'accept-encoding' => 'gzip, deflate',
  'referer' => 'http://xq_qiaoce.com/admin/login/index.html',
  'content-type' => 'application/x-www-form-urlencoded',
  'content-length' => '46',
  'connection' => 'keep-alive',
  'cookie' => 'PHPSESSID=rntq5losds4p2fi0jt1dbmb3c6',
  'upgrade-insecure-requests' => '1',
)
[ info ] [ PARAM ] array (
  'username' => 'root',
  'password' => 'guoanxinqiao',
  'code' => 'snrs0',
)
[ info ] [ RUN ] app\admin\controller\Login->doLogin[ C:\wamp\www\qiaoce\application\admin\controller\Login.php ]
[ info ] [ SESSION ] INIT array (
  'id' => '',
  'var_session_id' => '',
  'prefix' => 'think',
  'type' => '',
  'auto_start' => true,
)
[ info ] [ VIEW ] C:\wamp\www\qiaoce\thinkphp\tpl\dispatch_jump.tpl [ array (
  0 => 'code',
  1 => 'msg',
  2 => 'data',
  3 => 'url',
  4 => 'wait',
) ]
[ info ] [ BEHAVIOR ] Run app\index\behavior\WriteHtmlCacheBehavior @view_filter [ RunTime:0.001249s ]
[ info ] [ LOG ] INIT File
---------------------------------------------------------------
[ 2019-03-05T11:16:43+08:00 ] 127.0.0.1 127.0.0.1 GET /captcha.html
[ info ] xq_qiaoce.com/captcha.html [运行时间：0.294698s][吞吐率：3.39req/s] [内存消耗：1,717.76kb] [文件加载：40]
[ info ] [ BEHAVIOR ] Run app\index\behavior\ReadHtmlCacheBehavior @app_init [ RunTime:0.001537s ]
[ info ] [ LANG ] C:\wamp\www\qiaoce\thinkphp\lang\zh-cn.php
[ info ] [ ROUTE ] array (
  'type' => 'method',
  'method' => 
  array (
    0 => '\\think\\captcha\\CaptchaController',
    1 => 'index',
  ),
  'var' => 
  array (
  ),
)
[ info ] [ HEADER ] array (
  'host' => 'xq_qiaoce.com',
  'user-agent' => 'Mozilla/5.0 (Windows NT 10.0; Win64; x64; rv:65.0) Gecko/20100101 Firefox/65.0',
  'accept' => 'image/webp,*/*',
  'accept-language' => 'zh-CN,zh;q=0.8,zh-TW;q=0.7,zh-HK;q=0.5,en-US;q=0.3,en;q=0.2',
  'accept-encoding' => 'gzip, deflate',
  'referer' => 'http://xq_qiaoce.com/admin/login/index.html',
  'connection' => 'keep-alive',
  'cookie' => 'PHPSESSID=rntq5losds4p2fi0jt1dbmb3c6',
)
[ info ] [ PARAM ] array (
  'id' => NULL,
)
[ info ] [ RUN ] think\captcha\CaptchaController->index[ C:\wamp\www\qiaoce\vendor\topthink\think-captcha\src\CaptchaController.php ]
[ info ] [ SESSION ] INIT array (
  'id' => '',
  'var_session_id' => '',
  'prefix' => 'think',
  'type' => '',
  'auto_start' => true,
)
[ info ] [ LOG ] INIT File
---------------------------------------------------------------
[ 2019-03-05T11:16:54+08:00 ] 127.0.0.1 127.0.0.1 POST /admin/login/dologin.html
[ info ] xq_qiaoce.com/admin/login/dologin.html [运行时间：0.066832s][吞吐率：14.96req/s] [内存消耗：2,077.45kb] [文件加载：50]
[ info ] [ BEHAVIOR ] Run app\index\behavior\ReadHtmlCacheBehavior @app_init [ RunTime:0.001152s ]
[ info ] [ LANG ] C:\wamp\www\qiaoce\thinkphp\lang\zh-cn.php
[ info ] [ ROUTE ] array (
  'type' => 'module',
  'module' => 
  array (
    0 => 'admin',
    1 => 'login',
    2 => 'dologin',
  ),
)
[ info ] [ HEADER ] array (
  'host' => 'xq_qiaoce.com',
  'user-agent' => 'Mozilla/5.0 (Windows NT 10.0; Win64; x64; rv:65.0) Gecko/20100101 Firefox/65.0',
  'accept' => 'text/html,application/xhtml+xml,application/xml;q=0.9,image/webp,*/*;q=0.8',
  'accept-language' => 'zh-CN,zh;q=0.8,zh-TW;q=0.7,zh-HK;q=0.5,en-US;q=0.3,en;q=0.2',
  'accept-encoding' => 'gzip, deflate',
  'referer' => 'http://xq_qiaoce.com/admin/login/index.html',
  'content-type' => 'application/x-www-form-urlencoded',
  'content-length' => '46',
  'connection' => 'keep-alive',
  'cookie' => 'PHPSESSID=rntq5losds4p2fi0jt1dbmb3c6',
  'upgrade-insecure-requests' => '1',
)
[ info ] [ PARAM ] array (
  'username' => 'root',
  'password' => 'guoanxinqiao',
  'code' => 'mui25',
)
[ info ] [ RUN ] app\admin\controller\Login->doLogin[ C:\wamp\www\qiaoce\application\admin\controller\Login.php ]
[ info ] [ SESSION ] INIT array (
  'id' => '',
  'var_session_id' => '',
  'prefix' => 'think',
  'type' => '',
  'auto_start' => true,
)
[ info ] [ VIEW ] C:\wamp\www\qiaoce\thinkphp\tpl\dispatch_jump.tpl [ array (
  0 => 'code',
  1 => 'msg',
  2 => 'data',
  3 => 'url',
  4 => 'wait',
) ]
[ info ] [ BEHAVIOR ] Run app\index\behavior\WriteHtmlCacheBehavior @view_filter [ RunTime:0.001330s ]
[ info ] [ LOG ] INIT File
---------------------------------------------------------------
[ 2019-03-05T11:16:56+08:00 ] 127.0.0.1 127.0.0.1 GET /captcha.html
[ info ] xq_qiaoce.com/captcha.html [运行时间：0.084646s][吞吐率：11.81req/s] [内存消耗：1,717.77kb] [文件加载：40]
[ info ] [ BEHAVIOR ] Run app\index\behavior\ReadHtmlCacheBehavior @app_init [ RunTime:0.002456s ]
[ info ] [ LANG ] C:\wamp\www\qiaoce\thinkphp\lang\zh-cn.php
[ info ] [ ROUTE ] array (
  'type' => 'method',
  'method' => 
  array (
    0 => '\\think\\captcha\\CaptchaController',
    1 => 'index',
  ),
  'var' => 
  array (
  ),
)
[ info ] [ HEADER ] array (
  'host' => 'xq_qiaoce.com',
  'user-agent' => 'Mozilla/5.0 (Windows NT 10.0; Win64; x64; rv:65.0) Gecko/20100101 Firefox/65.0',
  'accept' => 'image/webp,*/*',
  'accept-language' => 'zh-CN,zh;q=0.8,zh-TW;q=0.7,zh-HK;q=0.5,en-US;q=0.3,en;q=0.2',
  'accept-encoding' => 'gzip, deflate',
  'referer' => 'http://xq_qiaoce.com/admin/login/index.html',
  'connection' => 'keep-alive',
  'cookie' => 'PHPSESSID=rntq5losds4p2fi0jt1dbmb3c6',
)
[ info ] [ PARAM ] array (
  'id' => NULL,
)
[ info ] [ RUN ] think\captcha\CaptchaController->index[ C:\wamp\www\qiaoce\vendor\topthink\think-captcha\src\CaptchaController.php ]
[ info ] [ SESSION ] INIT array (
  'id' => '',
  'var_session_id' => '',
  'prefix' => 'think',
  'type' => '',
  'auto_start' => true,
)
[ info ] [ LOG ] INIT File
---------------------------------------------------------------
[ 2019-03-05T11:17:00+08:00 ] 127.0.0.1 127.0.0.1 GET /captcha?id=1551755820
[ info ] xq_qiaoce.com/captcha?id=1551755820 [运行时间：0.057819s][吞吐率：17.30req/s] [内存消耗：1,717.91kb] [文件加载：40]
[ info ] [ BEHAVIOR ] Run app\index\behavior\ReadHtmlCacheBehavior @app_init [ RunTime:0.001338s ]
[ info ] [ LANG ] C:\wamp\www\qiaoce\thinkphp\lang\zh-cn.php
[ info ] [ ROUTE ] array (
  'type' => 'method',
  'method' => 
  array (
    0 => '\\think\\captcha\\CaptchaController',
    1 => 'index',
  ),
  'var' => 
  array (
  ),
)
[ info ] [ HEADER ] array (
  'host' => 'xq_qiaoce.com',
  'user-agent' => 'Mozilla/5.0 (Windows NT 10.0; Win64; x64; rv:65.0) Gecko/20100101 Firefox/65.0',
  'accept' => 'image/webp,*/*',
  'accept-language' => 'zh-CN,zh;q=0.8,zh-TW;q=0.7,zh-HK;q=0.5,en-US;q=0.3,en;q=0.2',
  'accept-encoding' => 'gzip, deflate',
  'referer' => 'http://xq_qiaoce.com/admin/login/index.html',
  'connection' => 'keep-alive',
  'cookie' => 'PHPSESSID=rntq5losds4p2fi0jt1dbmb3c6',
)
[ info ] [ PARAM ] array (
  'id' => NULL,
)
[ info ] [ RUN ] think\captcha\CaptchaController->index[ C:\wamp\www\qiaoce\vendor\topthink\think-captcha\src\CaptchaController.php ]
[ info ] [ SESSION ] INIT array (
  'id' => '',
  'var_session_id' => '',
  'prefix' => 'think',
  'type' => '',
  'auto_start' => true,
)
[ info ] [ LOG ] INIT File
---------------------------------------------------------------
[ 2019-03-05T11:17:08+08:00 ] 127.0.0.1 127.0.0.1 POST /admin/login/dologin.html
[ info ] xq_qiaoce.com/admin/login/dologin.html [运行时间：0.618318s][吞吐率：1.62req/s] [内存消耗：2,962.53kb] [文件加载：57]
[ info ] [ BEHAVIOR ] Run app\index\behavior\ReadHtmlCacheBehavior @app_init [ RunTime:0.001132s ]
[ info ] [ LANG ] C:\wamp\www\qiaoce\thinkphp\lang\zh-cn.php
[ info ] [ ROUTE ] array (
  'type' => 'module',
  'module' => 
  array (
    0 => 'admin',
    1 => 'login',
    2 => 'dologin',
  ),
)
[ info ] [ HEADER ] array (
  'host' => 'xq_qiaoce.com',
  'user-agent' => 'Mozilla/5.0 (Windows NT 10.0; Win64; x64; rv:65.0) Gecko/20100101 Firefox/65.0',
  'accept' => 'text/html,application/xhtml+xml,application/xml;q=0.9,image/webp,*/*;q=0.8',
  'accept-language' => 'zh-CN,zh;q=0.8,zh-TW;q=0.7,zh-HK;q=0.5,en-US;q=0.3,en;q=0.2',
  'accept-encoding' => 'gzip, deflate',
  'referer' => 'http://xq_qiaoce.com/admin/login/index.html',
  'content-type' => 'application/x-www-form-urlencoded',
  'content-length' => '46',
  'connection' => 'keep-alive',
  'cookie' => 'PHPSESSID=rntq5losds4p2fi0jt1dbmb3c6',
  'upgrade-insecure-requests' => '1',
)
[ info ] [ PARAM ] array (
  'username' => 'root',
  'password' => 'guoanxinqiao',
  'code' => 'zrrhk',
)
[ info ] [ RUN ] app\admin\controller\Login->doLogin[ C:\wamp\www\qiaoce\application\admin\controller\Login.php ]
[ info ] [ SESSION ] INIT array (
  'id' => '',
  'var_session_id' => '',
  'prefix' => 'think',
  'type' => '',
  'auto_start' => true,
)
[ info ] [ DB ] INIT mysql
[ info ] [ VIEW ] C:\wamp\www\qiaoce\thinkphp\tpl\dispatch_jump.tpl [ array (
  0 => 'code',
  1 => 'msg',
  2 => 'data',
  3 => 'url',
  4 => 'wait',
) ]
[ info ] [ BEHAVIOR ] Run app\index\behavior\WriteHtmlCacheBehavior @view_filter [ RunTime:0.001728s ]
[ info ] [ LOG ] INIT File
[ sql ] [ DB ] CONNECT:[ UseTime:0.222765s ] mysql:dbname=vfxcity;host=127.0.0.1;charset=utf8
[ sql ] [ SQL ] SHOW COLUMNS FROM `user` [ RunTime:0.170342s ]
[ sql ] [ SQL ] SELECT * FROM `user` WHERE  `username` = 'root' LIMIT 1 [ RunTime:0.017190s ]
---------------------------------------------------------------
[ 2019-03-05T11:17:10+08:00 ] 127.0.0.1 127.0.0.1 GET /admin/index/index.html
[ info ] xq_qiaoce.com/admin/index/index.html [运行时间：0.237675s][吞吐率：4.21req/s] [内存消耗：2,074.67kb] [文件加载：50]
[ info ] [ BEHAVIOR ] Run app\index\behavior\ReadHtmlCacheBehavior @app_init [ RunTime:0.003515s ]
[ info ] [ LANG ] C:\wamp\www\qiaoce\thinkphp\lang\zh-cn.php
[ info ] [ ROUTE ] array (
  'type' => 'module',
  'module' => 
  array (
    0 => 'admin',
    1 => 'index',
    2 => 'index',
  ),
)
[ info ] [ HEADER ] array (
  'host' => 'xq_qiaoce.com',
  'user-agent' => 'Mozilla/5.0 (Windows NT 10.0; Win64; x64; rv:65.0) Gecko/20100101 Firefox/65.0',
  'accept' => 'text/html,application/xhtml+xml,application/xml;q=0.9,image/webp,*/*;q=0.8',
  'accept-language' => 'zh-CN,zh;q=0.8,zh-TW;q=0.7,zh-HK;q=0.5,en-US;q=0.3,en;q=0.2',
  'accept-encoding' => 'gzip, deflate',
  'referer' => 'http://xq_qiaoce.com/admin/login/dologin.html',
  'connection' => 'keep-alive',
  'cookie' => 'PHPSESSID=rntq5losds4p2fi0jt1dbmb3c6',
  'upgrade-insecure-requests' => '1',
)
[ info ] [ PARAM ] array (
)
[ info ] [ SESSION ] INIT array (
  'id' => '',
  'var_session_id' => '',
  'prefix' => 'think',
  'type' => '',
  'auto_start' => true,
)
[ info ] [ RUN ] app\admin\controller\Index->index[ C:\wamp\www\qiaoce\application\admin\controller\Index.php ]
[ info ] [ VIEW ] C:\wamp\www\qiaoce\public/../application/admin\view\index\index.html [ array (
) ]
[ info ] [ BEHAVIOR ] Run app\index\behavior\WriteHtmlCacheBehavior @view_filter [ RunTime:0.068216s ]
[ info ] [ LOG ] INIT File
---------------------------------------------------------------
[ 2019-03-05T11:17:10+08:00 ] 127.0.0.1 127.0.0.1 GET /admin/index/welcome.html
[ info ] xq_qiaoce.com/admin/index/welcome.html [运行时间：0.250939s][吞吐率：3.99req/s] [内存消耗：2,001.48kb] [文件加载：49]
[ info ] [ BEHAVIOR ] Run app\index\behavior\ReadHtmlCacheBehavior @app_init [ RunTime:0.001830s ]
[ info ] [ LANG ] C:\wamp\www\qiaoce\thinkphp\lang\zh-cn.php
[ info ] [ ROUTE ] array (
  'type' => 'module',
  'module' => 
  array (
    0 => 'admin',
    1 => 'index',
    2 => 'welcome',
  ),
)
[ info ] [ HEADER ] array (
  'host' => 'xq_qiaoce.com',
  'user-agent' => 'Mozilla/5.0 (Windows NT 10.0; Win64; x64; rv:65.0) Gecko/20100101 Firefox/65.0',
  'accept' => 'text/html,application/xhtml+xml,application/xml;q=0.9,image/webp,*/*;q=0.8',
  'accept-language' => 'zh-CN,zh;q=0.8,zh-TW;q=0.7,zh-HK;q=0.5,en-US;q=0.3,en;q=0.2',
  'accept-encoding' => 'gzip, deflate',
  'referer' => 'http://xq_qiaoce.com/admin/index/index.html',
  'connection' => 'keep-alive',
  'cookie' => 'PHPSESSID=rntq5losds4p2fi0jt1dbmb3c6',
  'upgrade-insecure-requests' => '1',
)
[ info ] [ PARAM ] array (
)
[ info ] [ SESSION ] INIT array (
  'id' => '',
  'var_session_id' => '',
  'prefix' => 'think',
  'type' => '',
  'auto_start' => true,
)
[ info ] [ RUN ] app\admin\controller\Index->welcome[ C:\wamp\www\qiaoce\application\admin\controller\Index.php ]
[ info ] [ VIEW ] C:\wamp\www\qiaoce\public/../application/admin\view\index\welcome.html [ array (
) ]
[ info ] [ BEHAVIOR ] Run app\index\behavior\WriteHtmlCacheBehavior @view_filter [ RunTime:0.080476s ]
[ info ] [ LOG ] INIT File
---------------------------------------------------------------
[ 2019-03-05T11:17:11+08:00 ] 127.0.0.1 127.0.0.1 GET /admin/index/lib/jquery.contextmenu/jquery.contextmenu.r2.js
[ info ] xq_qiaoce.com/admin/index/lib/jquery.contextmenu/jquery.contextmenu.r2.js [运行时间：0.519255s][吞吐率：1.93req/s] [内存消耗：2,036.08kb] [文件加载：50]
[ info ] [ BEHAVIOR ] Run app\index\behavior\ReadHtmlCacheBehavior @app_init [ RunTime:0.013470s ]
[ info ] [ LANG ] C:\wamp\www\qiaoce\thinkphp\lang\zh-cn.php
[ info ] [ ROUTE ] array (
  'type' => 'module',
  'module' => 
  array (
    0 => 'admin',
    1 => 'index',
    2 => 'lib',
  ),
)
[ info ] [ HEADER ] array (
  'host' => 'xq_qiaoce.com',
  'user-agent' => 'Mozilla/5.0 (Windows NT 10.0; Win64; x64; rv:65.0) Gecko/20100101 Firefox/65.0',
  'accept' => '*/*',
  'accept-language' => 'zh-CN,zh;q=0.8,zh-TW;q=0.7,zh-HK;q=0.5,en-US;q=0.3,en;q=0.2',
  'accept-encoding' => 'gzip, deflate',
  'referer' => 'http://xq_qiaoce.com/admin/index/index.html',
  'connection' => 'keep-alive',
  'cookie' => 'PHPSESSID=rntq5losds4p2fi0jt1dbmb3c6',
)
[ info ] [ PARAM ] array (
  'contextmenu' => 'jquery.contextmenu.r2.js',
)
[ info ] [ SESSION ] INIT array (
  'id' => '',
  'var_session_id' => '',
  'prefix' => 'think',
  'type' => '',
  'auto_start' => true,
)
[ info ] [ LOG ] INIT File
---------------------------------------------------------------
[ 2019-03-05T11:33:45+08:00 ] 127.0.0.1 127.0.0.1 GET /admin/cate/cate.html
[ info ] xq_qiaoce.com/admin/cate/cate.html [运行时间：1.915070s][吞吐率：0.52req/s] [内存消耗：3,422.34kb] [文件加载：57]
[ info ] [ BEHAVIOR ] Run app\index\behavior\ReadHtmlCacheBehavior @app_init [ RunTime:0.013268s ]
[ info ] [ LANG ] C:\wamp\www\qiaoce\thinkphp\lang\zh-cn.php
[ info ] [ ROUTE ] array (
  'type' => 'module',
  'module' => 
  array (
    0 => 'admin',
    1 => 'cate',
    2 => 'cate',
  ),
)
[ info ] [ HEADER ] array (
  'host' => 'xq_qiaoce.com',
  'user-agent' => 'Mozilla/5.0 (Windows NT 10.0; Win64; x64; rv:65.0) Gecko/20100101 Firefox/65.0',
  'accept' => 'text/html,application/xhtml+xml,application/xml;q=0.9,image/webp,*/*;q=0.8',
  'accept-language' => 'zh-CN,zh;q=0.8,zh-TW;q=0.7,zh-HK;q=0.5,en-US;q=0.3,en;q=0.2',
  'accept-encoding' => 'gzip, deflate',
  'referer' => 'http://xq_qiaoce.com/admin/index/index.html',
  'connection' => 'keep-alive',
  'cookie' => 'PHPSESSID=rntq5losds4p2fi0jt1dbmb3c6',
  'upgrade-insecure-requests' => '1',
)
[ info ] [ PARAM ] array (
)
[ info ] [ RUN ] app\admin\controller\Cate->cate[ C:\wamp\www\qiaoce\application\admin\controller\Cate.php ]
[ info ] [ DB ] INIT mysql
[ info ] [ VIEW ] C:\wamp\www\qiaoce\public/../application/admin\view\cate\cate.html [ array (
  0 => 'catelist',
) ]
[ info ] [ BEHAVIOR ] Run app\index\behavior\WriteHtmlCacheBehavior @view_filter [ RunTime:0.024762s ]
[ info ] [ LOG ] INIT File
[ sql ] [ DB ] CONNECT:[ UseTime:0.072497s ] mysql:dbname=vfxcity;host=127.0.0.1;charset=utf8
[ sql ] [ SQL ] SHOW COLUMNS FROM `cate` [ RunTime:0.125729s ]
[ sql ] [ SQL ] SELECT * FROM `cate` [ RunTime:0.017995s ]
[ sql ] [ SQL ] SELECT * FROM `cate` [ RunTime:0.000909s ]
[ sql ] [ SQL ] SELECT * FROM `cate` [ RunTime:0.000882s ]
[ sql ] [ SQL ] SELECT * FROM `cate` [ RunTime:0.000828s ]
[ sql ] [ SQL ] SELECT * FROM `cate` [ RunTime:0.000685s ]
[ sql ] [ SQL ] SELECT * FROM `cate` [ RunTime:0.000839s ]
[ sql ] [ SQL ] SELECT * FROM `cate` [ RunTime:0.000566s ]
[ sql ] [ SQL ] SELECT * FROM `cate` [ RunTime:0.000528s ]
[ sql ] [ SQL ] SELECT * FROM `cate` [ RunTime:0.000526s ]
[ sql ] [ SQL ] SELECT * FROM `cate` [ RunTime:0.000483s ]
[ sql ] [ SQL ] SELECT * FROM `cate` [ RunTime:0.000488s ]
[ sql ] [ SQL ] SELECT * FROM `cate` [ RunTime:0.000454s ]
[ sql ] [ SQL ] SELECT * FROM `cate` [ RunTime:0.000434s ]
[ sql ] [ SQL ] SELECT * FROM `cate` [ RunTime:0.000452s ]
[ sql ] [ SQL ] SELECT * FROM `cate` [ RunTime:0.000451s ]
[ sql ] [ SQL ] SELECT * FROM `cate` [ RunTime:0.000422s ]
[ sql ] [ SQL ] SELECT * FROM `cate` [ RunTime:0.000524s ]
[ sql ] [ SQL ] SELECT * FROM `cate` [ RunTime:0.000665s ]
[ sql ] [ SQL ] SELECT * FROM `cate` [ RunTime:0.000632s ]
[ sql ] [ SQL ] SELECT * FROM `cate` [ RunTime:0.000488s ]
[ sql ] [ SQL ] SELECT * FROM `cate` [ RunTime:0.000640s ]
[ sql ] [ SQL ] SELECT * FROM `cate` [ RunTime:0.000491s ]
[ sql ] [ SQL ] SELECT * FROM `cate` [ RunTime:0.000508s ]
[ sql ] [ SQL ] SELECT * FROM `cate` [ RunTime:0.000480s ]
[ sql ] [ SQL ] SELECT * FROM `cate` [ RunTime:0.000476s ]
[ sql ] [ SQL ] SELECT * FROM `cate` [ RunTime:0.000537s ]
[ sql ] [ SQL ] SELECT * FROM `cate` [ RunTime:0.000655s ]
[ sql ] [ SQL ] SELECT * FROM `cate` [ RunTime:0.000480s ]
[ sql ] [ SQL ] SELECT * FROM `cate` [ RunTime:0.000785s ]
[ sql ] [ SQL ] SELECT * FROM `cate` [ RunTime:0.000769s ]
[ sql ] [ SQL ] SELECT * FROM `cate` [ RunTime:0.000628s ]
[ sql ] [ SQL ] SELECT * FROM `cate` [ RunTime:0.000469s ]
[ sql ] [ SQL ] SELECT * FROM `cate` [ RunTime:0.000476s ]
[ sql ] [ SQL ] SELECT * FROM `cate` [ RunTime:0.000666s ]
[ sql ] [ SQL ] SELECT * FROM `cate` [ RunTime:0.000788s ]
[ sql ] [ SQL ] SELECT * FROM `cate` [ RunTime:0.000438s ]
[ sql ] [ SQL ] SELECT * FROM `cate` [ RunTime:0.000538s ]
[ sql ] [ SQL ] SELECT * FROM `cate` [ RunTime:0.000466s ]
[ sql ] [ SQL ] SELECT * FROM `cate` [ RunTime:0.000631s ]
